ARM GAS  /tmp/cclzIijR.s 			page 1


   1              		.cpu cortex-m3
   2              		.eabi_attribute 20, 1
   3              		.eabi_attribute 21, 1
   4              		.eabi_attribute 23, 3
   5              		.eabi_attribute 24, 1
   6              		.eabi_attribute 25, 1
   7              		.eabi_attribute 26, 1
   8              		.eabi_attribute 30, 4
   9              		.eabi_attribute 34, 1
  10              		.eabi_attribute 18, 4
  11              		.file	"stm32f1xx_hal_gpio.c"
  12              		.text
  13              	.Ltext0:
  14              		.cfi_sections	.debug_frame
  15              		.section	.text.HAL_GPIO_Init,"ax",%progbits
  16              		.align	1
  17              		.global	HAL_GPIO_Init
  18              		.syntax unified
  19              		.thumb
  20              		.thumb_func
  21              		.fpu softvfp
  23              	HAL_GPIO_Init:
  24              	.LFB64:
  25              		.file 1 "Drivers/STM32F1xx_HAL_Driver/Src/stm32f1xx_hal_gpio.c"
   1:Drivers/STM32F1xx_HAL_Driver/Src/stm32f1xx_hal_gpio.c **** /**
   2:Drivers/STM32F1xx_HAL_Driver/Src/stm32f1xx_hal_gpio.c ****   ******************************************************************************
   3:Drivers/STM32F1xx_HAL_Driver/Src/stm32f1xx_hal_gpio.c ****   * @file    stm32f1xx_hal_gpio.c
   4:Drivers/STM32F1xx_HAL_Driver/Src/stm32f1xx_hal_gpio.c ****   * @author  MCD Application Team
   5:Drivers/STM32F1xx_HAL_Driver/Src/stm32f1xx_hal_gpio.c ****   * @version V1.0.4
   6:Drivers/STM32F1xx_HAL_Driver/Src/stm32f1xx_hal_gpio.c ****   * @date    29-April-2016
   7:Drivers/STM32F1xx_HAL_Driver/Src/stm32f1xx_hal_gpio.c ****   * @brief   GPIO HAL module driver.
   8:Drivers/STM32F1xx_HAL_Driver/Src/stm32f1xx_hal_gpio.c ****   *         This file provides firmware functions to manage the following 
   9:Drivers/STM32F1xx_HAL_Driver/Src/stm32f1xx_hal_gpio.c ****   *          functionalities of the General Purpose Input/Output (GPIO) peripheral:
  10:Drivers/STM32F1xx_HAL_Driver/Src/stm32f1xx_hal_gpio.c ****   *           + Initialization and de-initialization functions
  11:Drivers/STM32F1xx_HAL_Driver/Src/stm32f1xx_hal_gpio.c ****   *           + IO operation functions
  12:Drivers/STM32F1xx_HAL_Driver/Src/stm32f1xx_hal_gpio.c ****   *         
  13:Drivers/STM32F1xx_HAL_Driver/Src/stm32f1xx_hal_gpio.c ****   @verbatim
  14:Drivers/STM32F1xx_HAL_Driver/Src/stm32f1xx_hal_gpio.c ****   ==============================================================================
  15:Drivers/STM32F1xx_HAL_Driver/Src/stm32f1xx_hal_gpio.c ****                     ##### GPIO Peripheral features #####
  16:Drivers/STM32F1xx_HAL_Driver/Src/stm32f1xx_hal_gpio.c ****   ==============================================================================         
  17:Drivers/STM32F1xx_HAL_Driver/Src/stm32f1xx_hal_gpio.c ****   [..] 
  18:Drivers/STM32F1xx_HAL_Driver/Src/stm32f1xx_hal_gpio.c ****   Subject to the specific hardware characteristics of each I/O port listed in the datasheet, each
  19:Drivers/STM32F1xx_HAL_Driver/Src/stm32f1xx_hal_gpio.c ****   port bit of the General Purpose IO (GPIO) Ports, can be individually configured by software
  20:Drivers/STM32F1xx_HAL_Driver/Src/stm32f1xx_hal_gpio.c ****   in several modes:
  21:Drivers/STM32F1xx_HAL_Driver/Src/stm32f1xx_hal_gpio.c ****   (+) Input mode 
  22:Drivers/STM32F1xx_HAL_Driver/Src/stm32f1xx_hal_gpio.c ****   (+) Analog mode
  23:Drivers/STM32F1xx_HAL_Driver/Src/stm32f1xx_hal_gpio.c ****   (+) Output mode
  24:Drivers/STM32F1xx_HAL_Driver/Src/stm32f1xx_hal_gpio.c ****   (+) Alternate function mode
  25:Drivers/STM32F1xx_HAL_Driver/Src/stm32f1xx_hal_gpio.c ****   (+) External interrupt/event lines
  26:Drivers/STM32F1xx_HAL_Driver/Src/stm32f1xx_hal_gpio.c **** 
  27:Drivers/STM32F1xx_HAL_Driver/Src/stm32f1xx_hal_gpio.c ****   [..]  
  28:Drivers/STM32F1xx_HAL_Driver/Src/stm32f1xx_hal_gpio.c ****   During and just after reset, the alternate functions and external interrupt  
  29:Drivers/STM32F1xx_HAL_Driver/Src/stm32f1xx_hal_gpio.c ****   lines are not active and the I/O ports are configured in input floating mode.
  30:Drivers/STM32F1xx_HAL_Driver/Src/stm32f1xx_hal_gpio.c ****   
  31:Drivers/STM32F1xx_HAL_Driver/Src/stm32f1xx_hal_gpio.c ****   [..]   
  32:Drivers/STM32F1xx_HAL_Driver/Src/stm32f1xx_hal_gpio.c ****   All GPIO pins have weak internal pull-up and pull-down resistors, which can be 
  33:Drivers/STM32F1xx_HAL_Driver/Src/stm32f1xx_hal_gpio.c ****   activated or not.
ARM GAS  /tmp/cclzIijR.s 			page 2


  34:Drivers/STM32F1xx_HAL_Driver/Src/stm32f1xx_hal_gpio.c **** 
  35:Drivers/STM32F1xx_HAL_Driver/Src/stm32f1xx_hal_gpio.c ****   [..]
  36:Drivers/STM32F1xx_HAL_Driver/Src/stm32f1xx_hal_gpio.c ****   In Output or Alternate mode, each IO can be configured on open-drain or push-pull
  37:Drivers/STM32F1xx_HAL_Driver/Src/stm32f1xx_hal_gpio.c ****   type and the IO speed can be selected depending on the VDD value.
  38:Drivers/STM32F1xx_HAL_Driver/Src/stm32f1xx_hal_gpio.c **** 
  39:Drivers/STM32F1xx_HAL_Driver/Src/stm32f1xx_hal_gpio.c ****   [..]  
  40:Drivers/STM32F1xx_HAL_Driver/Src/stm32f1xx_hal_gpio.c ****   All ports have external interrupt/event capability. To use external interrupt 
  41:Drivers/STM32F1xx_HAL_Driver/Src/stm32f1xx_hal_gpio.c ****   lines, the port must be configured in input mode. All available GPIO pins are 
  42:Drivers/STM32F1xx_HAL_Driver/Src/stm32f1xx_hal_gpio.c ****   connected to the 16 external interrupt/event lines from EXTI0 to EXTI15.
  43:Drivers/STM32F1xx_HAL_Driver/Src/stm32f1xx_hal_gpio.c ****   
  44:Drivers/STM32F1xx_HAL_Driver/Src/stm32f1xx_hal_gpio.c ****   [..]  
  45:Drivers/STM32F1xx_HAL_Driver/Src/stm32f1xx_hal_gpio.c ****   The external interrupt/event controller consists of up to 20 edge detectors in connectivity
  46:Drivers/STM32F1xx_HAL_Driver/Src/stm32f1xx_hal_gpio.c ****   line devices, or 19 edge detectors in other devices for generating event/interrupt requests.
  47:Drivers/STM32F1xx_HAL_Driver/Src/stm32f1xx_hal_gpio.c ****   Each input line can be independently configured to select the type (event or interrupt) and
  48:Drivers/STM32F1xx_HAL_Driver/Src/stm32f1xx_hal_gpio.c ****   the corresponding trigger event (rising or falling or both). Each line can also masked
  49:Drivers/STM32F1xx_HAL_Driver/Src/stm32f1xx_hal_gpio.c ****   independently. A pending register maintains the status line of the interrupt requests
  50:Drivers/STM32F1xx_HAL_Driver/Src/stm32f1xx_hal_gpio.c ****  
  51:Drivers/STM32F1xx_HAL_Driver/Src/stm32f1xx_hal_gpio.c ****                      ##### How to use this driver #####
  52:Drivers/STM32F1xx_HAL_Driver/Src/stm32f1xx_hal_gpio.c ****   ==============================================================================  
  53:Drivers/STM32F1xx_HAL_Driver/Src/stm32f1xx_hal_gpio.c ****  [..]             
  54:Drivers/STM32F1xx_HAL_Driver/Src/stm32f1xx_hal_gpio.c ****    (#) Enable the GPIO APB2 clock using the following function : __HAL_RCC_GPIOx_CLK_ENABLE(). 
  55:Drivers/STM32F1xx_HAL_Driver/Src/stm32f1xx_hal_gpio.c ****    
  56:Drivers/STM32F1xx_HAL_Driver/Src/stm32f1xx_hal_gpio.c ****    (#) Configure the GPIO pin(s) using HAL_GPIO_Init().
  57:Drivers/STM32F1xx_HAL_Driver/Src/stm32f1xx_hal_gpio.c ****        (++) Configure the IO mode using "Mode" member from GPIO_InitTypeDef structure
  58:Drivers/STM32F1xx_HAL_Driver/Src/stm32f1xx_hal_gpio.c ****        (++) Activate Pull-up, Pull-down resistor using "Pull" member from GPIO_InitTypeDef 
  59:Drivers/STM32F1xx_HAL_Driver/Src/stm32f1xx_hal_gpio.c ****             structure.
  60:Drivers/STM32F1xx_HAL_Driver/Src/stm32f1xx_hal_gpio.c ****        (++) In case of Output or alternate function mode selection: the speed is 
  61:Drivers/STM32F1xx_HAL_Driver/Src/stm32f1xx_hal_gpio.c ****             configured through "Speed" member from GPIO_InitTypeDef structure
  62:Drivers/STM32F1xx_HAL_Driver/Src/stm32f1xx_hal_gpio.c ****        (++) Analog mode is required when a pin is to be used as ADC channel 
  63:Drivers/STM32F1xx_HAL_Driver/Src/stm32f1xx_hal_gpio.c ****             or DAC output.
  64:Drivers/STM32F1xx_HAL_Driver/Src/stm32f1xx_hal_gpio.c ****        (++) In case of external interrupt/event selection the "Mode" member from 
  65:Drivers/STM32F1xx_HAL_Driver/Src/stm32f1xx_hal_gpio.c ****             GPIO_InitTypeDef structure select the type (interrupt or event) and 
  66:Drivers/STM32F1xx_HAL_Driver/Src/stm32f1xx_hal_gpio.c ****             the corresponding trigger event (rising or falling or both).
  67:Drivers/STM32F1xx_HAL_Driver/Src/stm32f1xx_hal_gpio.c ****    
  68:Drivers/STM32F1xx_HAL_Driver/Src/stm32f1xx_hal_gpio.c ****    (#) In case of external interrupt/event mode selection, configure NVIC IRQ priority 
  69:Drivers/STM32F1xx_HAL_Driver/Src/stm32f1xx_hal_gpio.c ****        mapped to the EXTI line using HAL_NVIC_SetPriority() and enable it using
  70:Drivers/STM32F1xx_HAL_Driver/Src/stm32f1xx_hal_gpio.c ****        HAL_NVIC_EnableIRQ().
  71:Drivers/STM32F1xx_HAL_Driver/Src/stm32f1xx_hal_gpio.c ****          
  72:Drivers/STM32F1xx_HAL_Driver/Src/stm32f1xx_hal_gpio.c ****    (#) To get the level of a pin configured in input mode use HAL_GPIO_ReadPin().
  73:Drivers/STM32F1xx_HAL_Driver/Src/stm32f1xx_hal_gpio.c ****             
  74:Drivers/STM32F1xx_HAL_Driver/Src/stm32f1xx_hal_gpio.c ****    (#) To set/reset the level of a pin configured in output mode use 
  75:Drivers/STM32F1xx_HAL_Driver/Src/stm32f1xx_hal_gpio.c ****        HAL_GPIO_WritePin()/HAL_GPIO_TogglePin().
  76:Drivers/STM32F1xx_HAL_Driver/Src/stm32f1xx_hal_gpio.c ****   
  77:Drivers/STM32F1xx_HAL_Driver/Src/stm32f1xx_hal_gpio.c ****    (#) To lock pin configuration until next reset use HAL_GPIO_LockPin().
  78:Drivers/STM32F1xx_HAL_Driver/Src/stm32f1xx_hal_gpio.c ****                  
  79:Drivers/STM32F1xx_HAL_Driver/Src/stm32f1xx_hal_gpio.c ****    (#) During and just after reset, the alternate functions are not 
  80:Drivers/STM32F1xx_HAL_Driver/Src/stm32f1xx_hal_gpio.c ****        active and the GPIO pins are configured in input floating mode (except JTAG
  81:Drivers/STM32F1xx_HAL_Driver/Src/stm32f1xx_hal_gpio.c ****        pins).
  82:Drivers/STM32F1xx_HAL_Driver/Src/stm32f1xx_hal_gpio.c ****   
  83:Drivers/STM32F1xx_HAL_Driver/Src/stm32f1xx_hal_gpio.c ****    (#) The LSE oscillator pins OSC32_IN and OSC32_OUT can be used as general purpose 
  84:Drivers/STM32F1xx_HAL_Driver/Src/stm32f1xx_hal_gpio.c ****        (PC14 and PC15, respectively) when the LSE oscillator is off. The LSE has 
  85:Drivers/STM32F1xx_HAL_Driver/Src/stm32f1xx_hal_gpio.c ****        priority over the GPIO function.
  86:Drivers/STM32F1xx_HAL_Driver/Src/stm32f1xx_hal_gpio.c ****   
  87:Drivers/STM32F1xx_HAL_Driver/Src/stm32f1xx_hal_gpio.c ****    (#) The HSE oscillator pins OSC_IN/OSC_OUT can be used as 
  88:Drivers/STM32F1xx_HAL_Driver/Src/stm32f1xx_hal_gpio.c ****        general purpose PD0 and PD1, respectively, when the HSE oscillator is off. 
  89:Drivers/STM32F1xx_HAL_Driver/Src/stm32f1xx_hal_gpio.c ****        The HSE has priority over the GPIO function.
  90:Drivers/STM32F1xx_HAL_Driver/Src/stm32f1xx_hal_gpio.c ****   
ARM GAS  /tmp/cclzIijR.s 			page 3


  91:Drivers/STM32F1xx_HAL_Driver/Src/stm32f1xx_hal_gpio.c ****   @endverbatim
  92:Drivers/STM32F1xx_HAL_Driver/Src/stm32f1xx_hal_gpio.c ****   ******************************************************************************
  93:Drivers/STM32F1xx_HAL_Driver/Src/stm32f1xx_hal_gpio.c ****   * @attention
  94:Drivers/STM32F1xx_HAL_Driver/Src/stm32f1xx_hal_gpio.c ****   *
  95:Drivers/STM32F1xx_HAL_Driver/Src/stm32f1xx_hal_gpio.c ****   * <h2><center>&copy; COPYRIGHT(c) 2016 STMicroelectronics</center></h2>
  96:Drivers/STM32F1xx_HAL_Driver/Src/stm32f1xx_hal_gpio.c ****   *
  97:Drivers/STM32F1xx_HAL_Driver/Src/stm32f1xx_hal_gpio.c ****   * Redistribution and use in source and binary forms, with or without modification,
  98:Drivers/STM32F1xx_HAL_Driver/Src/stm32f1xx_hal_gpio.c ****   * are permitted provided that the following conditions are met:
  99:Drivers/STM32F1xx_HAL_Driver/Src/stm32f1xx_hal_gpio.c ****   *   1. Redistributions of source code must retain the above copyright notice,
 100:Drivers/STM32F1xx_HAL_Driver/Src/stm32f1xx_hal_gpio.c ****   *      this list of conditions and the following disclaimer.
 101:Drivers/STM32F1xx_HAL_Driver/Src/stm32f1xx_hal_gpio.c ****   *   2. Redistributions in binary form must reproduce the above copyright notice,
 102:Drivers/STM32F1xx_HAL_Driver/Src/stm32f1xx_hal_gpio.c ****   *      this list of conditions and the following disclaimer in the documentation
 103:Drivers/STM32F1xx_HAL_Driver/Src/stm32f1xx_hal_gpio.c ****   *      and/or other materials provided with the distribution.
 104:Drivers/STM32F1xx_HAL_Driver/Src/stm32f1xx_hal_gpio.c ****   *   3. Neither the name of STMicroelectronics nor the names of its contributors
 105:Drivers/STM32F1xx_HAL_Driver/Src/stm32f1xx_hal_gpio.c ****   *      may be used to endorse or promote products derived from this software
 106:Drivers/STM32F1xx_HAL_Driver/Src/stm32f1xx_hal_gpio.c ****   *      without specific prior written permission.
 107:Drivers/STM32F1xx_HAL_Driver/Src/stm32f1xx_hal_gpio.c ****   *
 108:Drivers/STM32F1xx_HAL_Driver/Src/stm32f1xx_hal_gpio.c ****   * THIS SOFTWARE IS PROVIDED BY THE COPYRIGHT HOLDERS AND CONTRIBUTORS "AS IS"
 109:Drivers/STM32F1xx_HAL_Driver/Src/stm32f1xx_hal_gpio.c ****   * AND ANY EXPRESS OR IMPLIED WARRANTIES, INCLUDING, BUT NOT LIMITED TO, THE
 110:Drivers/STM32F1xx_HAL_Driver/Src/stm32f1xx_hal_gpio.c ****   * IMPLIED WARRANTIES OF MERCHANTABILITY AND FITNESS FOR A PARTICULAR PURPOSE ARE
 111:Drivers/STM32F1xx_HAL_Driver/Src/stm32f1xx_hal_gpio.c ****   * DISCLAIMED. IN NO EVENT SHALL THE COPYRIGHT HOLDER OR CONTRIBUTORS BE LIABLE
 112:Drivers/STM32F1xx_HAL_Driver/Src/stm32f1xx_hal_gpio.c ****   * FOR ANY DIRECT, INDIRECT, INCIDENTAL, SPECIAL, EXEMPLARY, OR CONSEQUENTIAL
 113:Drivers/STM32F1xx_HAL_Driver/Src/stm32f1xx_hal_gpio.c ****   * DAMAGES (INCLUDING, BUT NOT LIMITED TO, PROCUREMENT OF SUBSTITUTE GOODS OR
 114:Drivers/STM32F1xx_HAL_Driver/Src/stm32f1xx_hal_gpio.c ****   * SERVICES; LOSS OF USE, DATA, OR PROFITS; OR BUSINESS INTERRUPTION) HOWEVER
 115:Drivers/STM32F1xx_HAL_Driver/Src/stm32f1xx_hal_gpio.c ****   * CAUSED AND ON ANY THEORY OF LIABILITY, WHETHER IN CONTRACT, STRICT LIABILITY,
 116:Drivers/STM32F1xx_HAL_Driver/Src/stm32f1xx_hal_gpio.c ****   * OR TORT (INCLUDING NEGLIGENCE OR OTHERWISE) ARISING IN ANY WAY OUT OF THE USE
 117:Drivers/STM32F1xx_HAL_Driver/Src/stm32f1xx_hal_gpio.c ****   * OF THIS SOFTWARE, EVEN IF ADVISED OF THE POSSIBILITY OF SUCH DAMAGE.
 118:Drivers/STM32F1xx_HAL_Driver/Src/stm32f1xx_hal_gpio.c ****   *
 119:Drivers/STM32F1xx_HAL_Driver/Src/stm32f1xx_hal_gpio.c ****   ******************************************************************************  
 120:Drivers/STM32F1xx_HAL_Driver/Src/stm32f1xx_hal_gpio.c ****   */ 
 121:Drivers/STM32F1xx_HAL_Driver/Src/stm32f1xx_hal_gpio.c **** 
 122:Drivers/STM32F1xx_HAL_Driver/Src/stm32f1xx_hal_gpio.c **** /* Includes ------------------------------------------------------------------*/
 123:Drivers/STM32F1xx_HAL_Driver/Src/stm32f1xx_hal_gpio.c **** #include "stm32f1xx_hal.h"
 124:Drivers/STM32F1xx_HAL_Driver/Src/stm32f1xx_hal_gpio.c **** 
 125:Drivers/STM32F1xx_HAL_Driver/Src/stm32f1xx_hal_gpio.c **** /** @addtogroup STM32F1xx_HAL_Driver
 126:Drivers/STM32F1xx_HAL_Driver/Src/stm32f1xx_hal_gpio.c ****   * @{
 127:Drivers/STM32F1xx_HAL_Driver/Src/stm32f1xx_hal_gpio.c ****   */
 128:Drivers/STM32F1xx_HAL_Driver/Src/stm32f1xx_hal_gpio.c **** 
 129:Drivers/STM32F1xx_HAL_Driver/Src/stm32f1xx_hal_gpio.c **** /** @defgroup GPIO GPIO
 130:Drivers/STM32F1xx_HAL_Driver/Src/stm32f1xx_hal_gpio.c ****   * @brief GPIO HAL module driver
 131:Drivers/STM32F1xx_HAL_Driver/Src/stm32f1xx_hal_gpio.c ****   * @{
 132:Drivers/STM32F1xx_HAL_Driver/Src/stm32f1xx_hal_gpio.c ****   */
 133:Drivers/STM32F1xx_HAL_Driver/Src/stm32f1xx_hal_gpio.c **** 
 134:Drivers/STM32F1xx_HAL_Driver/Src/stm32f1xx_hal_gpio.c **** #ifdef HAL_GPIO_MODULE_ENABLED
 135:Drivers/STM32F1xx_HAL_Driver/Src/stm32f1xx_hal_gpio.c **** 
 136:Drivers/STM32F1xx_HAL_Driver/Src/stm32f1xx_hal_gpio.c **** /* Private typedef -----------------------------------------------------------*/
 137:Drivers/STM32F1xx_HAL_Driver/Src/stm32f1xx_hal_gpio.c **** /* Private define ------------------------------------------------------------*/
 138:Drivers/STM32F1xx_HAL_Driver/Src/stm32f1xx_hal_gpio.c **** /** @defgroup GPIO_Private_Constants GPIO Private Constants
 139:Drivers/STM32F1xx_HAL_Driver/Src/stm32f1xx_hal_gpio.c ****   * @{
 140:Drivers/STM32F1xx_HAL_Driver/Src/stm32f1xx_hal_gpio.c ****   */
 141:Drivers/STM32F1xx_HAL_Driver/Src/stm32f1xx_hal_gpio.c ****   
 142:Drivers/STM32F1xx_HAL_Driver/Src/stm32f1xx_hal_gpio.c **** #define GPIO_MODE             ((uint32_t)0x00000003)
 143:Drivers/STM32F1xx_HAL_Driver/Src/stm32f1xx_hal_gpio.c **** #define EXTI_MODE             ((uint32_t)0x10000000)
 144:Drivers/STM32F1xx_HAL_Driver/Src/stm32f1xx_hal_gpio.c **** #define GPIO_MODE_IT          ((uint32_t)0x00010000)
 145:Drivers/STM32F1xx_HAL_Driver/Src/stm32f1xx_hal_gpio.c **** #define GPIO_MODE_EVT         ((uint32_t)0x00020000)
 146:Drivers/STM32F1xx_HAL_Driver/Src/stm32f1xx_hal_gpio.c **** #define RISING_EDGE           ((uint32_t)0x00100000) 
 147:Drivers/STM32F1xx_HAL_Driver/Src/stm32f1xx_hal_gpio.c **** #define FALLING_EDGE          ((uint32_t)0x00200000) 
ARM GAS  /tmp/cclzIijR.s 			page 4


 148:Drivers/STM32F1xx_HAL_Driver/Src/stm32f1xx_hal_gpio.c **** #define GPIO_OUTPUT_TYPE      ((uint32_t)0x00000010) 
 149:Drivers/STM32F1xx_HAL_Driver/Src/stm32f1xx_hal_gpio.c **** #define GPIO_NUMBER           ((uint32_t)16)
 150:Drivers/STM32F1xx_HAL_Driver/Src/stm32f1xx_hal_gpio.c **** 
 151:Drivers/STM32F1xx_HAL_Driver/Src/stm32f1xx_hal_gpio.c **** /* Definitions for bit manipulation of CRL and CRH register */
 152:Drivers/STM32F1xx_HAL_Driver/Src/stm32f1xx_hal_gpio.c **** #define  GPIO_CR_MODE_INPUT         ((uint32_t)0x00000000) /*!< 00: Input mode (reset state)  */
 153:Drivers/STM32F1xx_HAL_Driver/Src/stm32f1xx_hal_gpio.c **** #define  GPIO_CR_CNF_ANALOG         ((uint32_t)0x00000000) /*!< 00: Analog mode  */
 154:Drivers/STM32F1xx_HAL_Driver/Src/stm32f1xx_hal_gpio.c **** #define  GPIO_CR_CNF_INPUT_FLOATING ((uint32_t)0x00000004) /*!< 01: Floating input (reset state)  *
 155:Drivers/STM32F1xx_HAL_Driver/Src/stm32f1xx_hal_gpio.c **** #define  GPIO_CR_CNF_INPUT_PU_PD    ((uint32_t)0x00000008) /*!< 10: Input with pull-up / pull-down 
 156:Drivers/STM32F1xx_HAL_Driver/Src/stm32f1xx_hal_gpio.c **** #define  GPIO_CR_CNF_GP_OUTPUT_PP   ((uint32_t)0x00000000) /*!< 00: General purpose output push-pul
 157:Drivers/STM32F1xx_HAL_Driver/Src/stm32f1xx_hal_gpio.c **** #define  GPIO_CR_CNF_GP_OUTPUT_OD   ((uint32_t)0x00000004) /*!< 01: General purpose output Open-dra
 158:Drivers/STM32F1xx_HAL_Driver/Src/stm32f1xx_hal_gpio.c **** #define  GPIO_CR_CNF_AF_OUTPUT_PP   ((uint32_t)0x00000008) /*!< 10: Alternate function output Push-
 159:Drivers/STM32F1xx_HAL_Driver/Src/stm32f1xx_hal_gpio.c **** #define  GPIO_CR_CNF_AF_OUTPUT_OD   ((uint32_t)0x0000000C) /*!< 11: Alternate function output Open-
 160:Drivers/STM32F1xx_HAL_Driver/Src/stm32f1xx_hal_gpio.c ****  
 161:Drivers/STM32F1xx_HAL_Driver/Src/stm32f1xx_hal_gpio.c **** /**
 162:Drivers/STM32F1xx_HAL_Driver/Src/stm32f1xx_hal_gpio.c ****   * @}
 163:Drivers/STM32F1xx_HAL_Driver/Src/stm32f1xx_hal_gpio.c ****   */
 164:Drivers/STM32F1xx_HAL_Driver/Src/stm32f1xx_hal_gpio.c **** 
 165:Drivers/STM32F1xx_HAL_Driver/Src/stm32f1xx_hal_gpio.c **** /* Private macro -------------------------------------------------------------*/
 166:Drivers/STM32F1xx_HAL_Driver/Src/stm32f1xx_hal_gpio.c **** /* Private variables ---------------------------------------------------------*/
 167:Drivers/STM32F1xx_HAL_Driver/Src/stm32f1xx_hal_gpio.c **** /* Private function prototypes -----------------------------------------------*/
 168:Drivers/STM32F1xx_HAL_Driver/Src/stm32f1xx_hal_gpio.c **** /* Private functions ---------------------------------------------------------*/
 169:Drivers/STM32F1xx_HAL_Driver/Src/stm32f1xx_hal_gpio.c **** 
 170:Drivers/STM32F1xx_HAL_Driver/Src/stm32f1xx_hal_gpio.c **** /** @defgroup GPIO_Exported_Functions GPIO Exported Functions
 171:Drivers/STM32F1xx_HAL_Driver/Src/stm32f1xx_hal_gpio.c ****   * @{
 172:Drivers/STM32F1xx_HAL_Driver/Src/stm32f1xx_hal_gpio.c ****   */
 173:Drivers/STM32F1xx_HAL_Driver/Src/stm32f1xx_hal_gpio.c **** 
 174:Drivers/STM32F1xx_HAL_Driver/Src/stm32f1xx_hal_gpio.c **** /** @defgroup GPIO_Exported_Functions_Group1 Initialization and deinitialization functions
 175:Drivers/STM32F1xx_HAL_Driver/Src/stm32f1xx_hal_gpio.c ****  *  @brief    Initialization and Configuration functions
 176:Drivers/STM32F1xx_HAL_Driver/Src/stm32f1xx_hal_gpio.c ****  *
 177:Drivers/STM32F1xx_HAL_Driver/Src/stm32f1xx_hal_gpio.c **** @verbatim    
 178:Drivers/STM32F1xx_HAL_Driver/Src/stm32f1xx_hal_gpio.c ****  ===============================================================================
 179:Drivers/STM32F1xx_HAL_Driver/Src/stm32f1xx_hal_gpio.c ****               ##### Initialization and deinitialization functions #####
 180:Drivers/STM32F1xx_HAL_Driver/Src/stm32f1xx_hal_gpio.c ****  ===============================================================================
 181:Drivers/STM32F1xx_HAL_Driver/Src/stm32f1xx_hal_gpio.c ****   [..]
 182:Drivers/STM32F1xx_HAL_Driver/Src/stm32f1xx_hal_gpio.c ****     This section provides functions allowing to initialize and de-initialize the GPIOs
 183:Drivers/STM32F1xx_HAL_Driver/Src/stm32f1xx_hal_gpio.c ****     to be ready for use.
 184:Drivers/STM32F1xx_HAL_Driver/Src/stm32f1xx_hal_gpio.c ****  
 185:Drivers/STM32F1xx_HAL_Driver/Src/stm32f1xx_hal_gpio.c **** @endverbatim
 186:Drivers/STM32F1xx_HAL_Driver/Src/stm32f1xx_hal_gpio.c ****   * @{
 187:Drivers/STM32F1xx_HAL_Driver/Src/stm32f1xx_hal_gpio.c ****   */
 188:Drivers/STM32F1xx_HAL_Driver/Src/stm32f1xx_hal_gpio.c **** 
 189:Drivers/STM32F1xx_HAL_Driver/Src/stm32f1xx_hal_gpio.c **** /**
 190:Drivers/STM32F1xx_HAL_Driver/Src/stm32f1xx_hal_gpio.c ****   * @brief  Initializes the GPIOx peripheral according to the specified parameters in the GPIO_Init
 191:Drivers/STM32F1xx_HAL_Driver/Src/stm32f1xx_hal_gpio.c ****   * @param  GPIOx: where x can be (A..G depending on device used) to select the GPIO peripheral
 192:Drivers/STM32F1xx_HAL_Driver/Src/stm32f1xx_hal_gpio.c ****   * @param  GPIO_Init: pointer to a GPIO_InitTypeDef structure that contains
 193:Drivers/STM32F1xx_HAL_Driver/Src/stm32f1xx_hal_gpio.c ****   *         the configuration information for the specified GPIO peripheral.
 194:Drivers/STM32F1xx_HAL_Driver/Src/stm32f1xx_hal_gpio.c ****   * @retval None
 195:Drivers/STM32F1xx_HAL_Driver/Src/stm32f1xx_hal_gpio.c ****   */
 196:Drivers/STM32F1xx_HAL_Driver/Src/stm32f1xx_hal_gpio.c **** void HAL_GPIO_Init(GPIO_TypeDef  *GPIOx, GPIO_InitTypeDef *GPIO_Init)
 197:Drivers/STM32F1xx_HAL_Driver/Src/stm32f1xx_hal_gpio.c **** {
  26              		.loc 1 197 0
  27              		.cfi_startproc
  28              		@ args = 0, pretend = 0, frame = 8
  29              		@ frame_needed = 0, uses_anonymous_args = 0
  30              	.LVL0:
  31 0000 2DE9F74F 		push	{r0, r1, r2, r4, r5, r6, r7, r8, r9, r10, fp, lr}
  32              	.LCFI0:
ARM GAS  /tmp/cclzIijR.s 			page 5


  33              		.cfi_def_cfa_offset 48
  34              		.cfi_offset 4, -36
  35              		.cfi_offset 5, -32
  36              		.cfi_offset 6, -28
  37              		.cfi_offset 7, -24
  38              		.cfi_offset 8, -20
  39              		.cfi_offset 9, -16
  40              		.cfi_offset 10, -12
  41              		.cfi_offset 11, -8
  42              		.cfi_offset 14, -4
 198:Drivers/STM32F1xx_HAL_Driver/Src/stm32f1xx_hal_gpio.c ****   uint32_t position;
 199:Drivers/STM32F1xx_HAL_Driver/Src/stm32f1xx_hal_gpio.c ****   uint32_t ioposition = 0x00;
 200:Drivers/STM32F1xx_HAL_Driver/Src/stm32f1xx_hal_gpio.c ****   uint32_t iocurrent = 0x00;
 201:Drivers/STM32F1xx_HAL_Driver/Src/stm32f1xx_hal_gpio.c ****   uint32_t temp = 0x00;
 202:Drivers/STM32F1xx_HAL_Driver/Src/stm32f1xx_hal_gpio.c ****   uint32_t config = 0x00;
  43              		.loc 1 202 0
  44 0004 0022     		movs	r2, #0
 203:Drivers/STM32F1xx_HAL_Driver/Src/stm32f1xx_hal_gpio.c ****   __IO uint32_t *configregister; /* Store the address of CRL or CRH register based on pin number */
 204:Drivers/STM32F1xx_HAL_Driver/Src/stm32f1xx_hal_gpio.c ****   uint32_t registeroffset = 0; /* offset used during computation of CNF and MODE bits placement ins
 205:Drivers/STM32F1xx_HAL_Driver/Src/stm32f1xx_hal_gpio.c ****   
 206:Drivers/STM32F1xx_HAL_Driver/Src/stm32f1xx_hal_gpio.c ****   /* Check the parameters */
 207:Drivers/STM32F1xx_HAL_Driver/Src/stm32f1xx_hal_gpio.c ****   assert_param(IS_GPIO_ALL_INSTANCE(GPIOx));
 208:Drivers/STM32F1xx_HAL_Driver/Src/stm32f1xx_hal_gpio.c ****   assert_param(IS_GPIO_PIN(GPIO_Init->Pin));
 209:Drivers/STM32F1xx_HAL_Driver/Src/stm32f1xx_hal_gpio.c ****   assert_param(IS_GPIO_MODE(GPIO_Init->Mode));
 210:Drivers/STM32F1xx_HAL_Driver/Src/stm32f1xx_hal_gpio.c **** 
 211:Drivers/STM32F1xx_HAL_Driver/Src/stm32f1xx_hal_gpio.c ****   /* Configure the port pins */
 212:Drivers/STM32F1xx_HAL_Driver/Src/stm32f1xx_hal_gpio.c ****   for (position = 0; position < GPIO_NUMBER; position++)
  45              		.loc 1 212 0
  46 0006 1646     		mov	r6, r2
  47 0008 654B     		ldr	r3, .L44
 213:Drivers/STM32F1xx_HAL_Driver/Src/stm32f1xx_hal_gpio.c ****   {
 214:Drivers/STM32F1xx_HAL_Driver/Src/stm32f1xx_hal_gpio.c ****     /* Get the IO position */
 215:Drivers/STM32F1xx_HAL_Driver/Src/stm32f1xx_hal_gpio.c ****     ioposition = ((uint32_t)0x01) << position;
 216:Drivers/STM32F1xx_HAL_Driver/Src/stm32f1xx_hal_gpio.c ****     
 217:Drivers/STM32F1xx_HAL_Driver/Src/stm32f1xx_hal_gpio.c ****     /* Get the current IO position */
 218:Drivers/STM32F1xx_HAL_Driver/Src/stm32f1xx_hal_gpio.c ****     iocurrent = (uint32_t)(GPIO_Init->Pin) & ioposition;
 219:Drivers/STM32F1xx_HAL_Driver/Src/stm32f1xx_hal_gpio.c **** 
 220:Drivers/STM32F1xx_HAL_Driver/Src/stm32f1xx_hal_gpio.c ****     if (iocurrent == ioposition)
 221:Drivers/STM32F1xx_HAL_Driver/Src/stm32f1xx_hal_gpio.c ****     {
 222:Drivers/STM32F1xx_HAL_Driver/Src/stm32f1xx_hal_gpio.c ****       /* Check the Alternate function parameters */
 223:Drivers/STM32F1xx_HAL_Driver/Src/stm32f1xx_hal_gpio.c ****       assert_param(IS_GPIO_AF_INSTANCE(GPIOx));
 224:Drivers/STM32F1xx_HAL_Driver/Src/stm32f1xx_hal_gpio.c **** 
 225:Drivers/STM32F1xx_HAL_Driver/Src/stm32f1xx_hal_gpio.c ****       /* Based on the required mode, filling config variable with MODEy[1:0] and CNFy[3:2] correspo
 226:Drivers/STM32F1xx_HAL_Driver/Src/stm32f1xx_hal_gpio.c ****       switch (GPIO_Init->Mode)
  48              		.loc 1 226 0
  49 000a DFF8A4E1 		ldr	lr, .L44+16
  50 000e DFF8A4C1 		ldr	ip, .L44+20
  51              	.LVL1:
  52              	.L24:
 215:Drivers/STM32F1xx_HAL_Driver/Src/stm32f1xx_hal_gpio.c ****     
  53              		.loc 1 215 0
  54 0012 4FF00108 		mov	r8, #1
 218:Drivers/STM32F1xx_HAL_Driver/Src/stm32f1xx_hal_gpio.c **** 
  55              		.loc 1 218 0
  56 0016 0C68     		ldr	r4, [r1]
 215:Drivers/STM32F1xx_HAL_Driver/Src/stm32f1xx_hal_gpio.c ****     
  57              		.loc 1 215 0
ARM GAS  /tmp/cclzIijR.s 			page 6


  58 0018 08FA06F8 		lsl	r8, r8, r6
  59              	.LVL2:
 218:Drivers/STM32F1xx_HAL_Driver/Src/stm32f1xx_hal_gpio.c **** 
  60              		.loc 1 218 0
  61 001c 08EA0404 		and	r4, r8, r4
  62              	.LVL3:
 220:Drivers/STM32F1xx_HAL_Driver/Src/stm32f1xx_hal_gpio.c ****     {
  63              		.loc 1 220 0
  64 0020 A045     		cmp	r8, r4
  65 0022 7FD1     		bne	.L2
  66              		.loc 1 226 0
  67 0024 4D68     		ldr	r5, [r1, #4]
  68 0026 122D     		cmp	r5, #18
  69 0028 00F0AF80 		beq	.L4
  70 002c 00F28880 		bhi	.L5
  71 0030 022D     		cmp	r5, #2
  72 0032 00F0A780 		beq	.L6
  73 0036 7CD8     		bhi	.L7
  74 0038 002D     		cmp	r5, #0
  75 003a 00F08E80 		beq	.L8
  76 003e 012D     		cmp	r5, #1
  77 0040 00F09E80 		beq	.L9
  78              	.LVL4:
  79              	.L3:
 227:Drivers/STM32F1xx_HAL_Driver/Src/stm32f1xx_hal_gpio.c ****       {
 228:Drivers/STM32F1xx_HAL_Driver/Src/stm32f1xx_hal_gpio.c ****         /* If we are configuring the pin in OUTPUT push-pull mode */
 229:Drivers/STM32F1xx_HAL_Driver/Src/stm32f1xx_hal_gpio.c ****         case GPIO_MODE_OUTPUT_PP:
 230:Drivers/STM32F1xx_HAL_Driver/Src/stm32f1xx_hal_gpio.c ****           /* Check the GPIO speed parameter */
 231:Drivers/STM32F1xx_HAL_Driver/Src/stm32f1xx_hal_gpio.c ****           assert_param(IS_GPIO_SPEED(GPIO_Init->Speed));
 232:Drivers/STM32F1xx_HAL_Driver/Src/stm32f1xx_hal_gpio.c ****           config = GPIO_Init->Speed + GPIO_CR_CNF_GP_OUTPUT_PP;
 233:Drivers/STM32F1xx_HAL_Driver/Src/stm32f1xx_hal_gpio.c ****           break;
 234:Drivers/STM32F1xx_HAL_Driver/Src/stm32f1xx_hal_gpio.c ****           
 235:Drivers/STM32F1xx_HAL_Driver/Src/stm32f1xx_hal_gpio.c ****         /* If we are configuring the pin in OUTPUT open-drain mode */
 236:Drivers/STM32F1xx_HAL_Driver/Src/stm32f1xx_hal_gpio.c ****         case GPIO_MODE_OUTPUT_OD:
 237:Drivers/STM32F1xx_HAL_Driver/Src/stm32f1xx_hal_gpio.c ****           /* Check the GPIO speed parameter */
 238:Drivers/STM32F1xx_HAL_Driver/Src/stm32f1xx_hal_gpio.c ****           assert_param(IS_GPIO_SPEED(GPIO_Init->Speed));
 239:Drivers/STM32F1xx_HAL_Driver/Src/stm32f1xx_hal_gpio.c ****           config = GPIO_Init->Speed + GPIO_CR_CNF_GP_OUTPUT_OD;
 240:Drivers/STM32F1xx_HAL_Driver/Src/stm32f1xx_hal_gpio.c ****           break;
 241:Drivers/STM32F1xx_HAL_Driver/Src/stm32f1xx_hal_gpio.c ****           
 242:Drivers/STM32F1xx_HAL_Driver/Src/stm32f1xx_hal_gpio.c ****         /* If we are configuring the pin in ALTERNATE FUNCTION push-pull mode */
 243:Drivers/STM32F1xx_HAL_Driver/Src/stm32f1xx_hal_gpio.c ****         case GPIO_MODE_AF_PP:
 244:Drivers/STM32F1xx_HAL_Driver/Src/stm32f1xx_hal_gpio.c ****           /* Check the GPIO speed parameter */
 245:Drivers/STM32F1xx_HAL_Driver/Src/stm32f1xx_hal_gpio.c ****           assert_param(IS_GPIO_SPEED(GPIO_Init->Speed));
 246:Drivers/STM32F1xx_HAL_Driver/Src/stm32f1xx_hal_gpio.c ****           config = GPIO_Init->Speed + GPIO_CR_CNF_AF_OUTPUT_PP;
 247:Drivers/STM32F1xx_HAL_Driver/Src/stm32f1xx_hal_gpio.c ****           break;
 248:Drivers/STM32F1xx_HAL_Driver/Src/stm32f1xx_hal_gpio.c ****           
 249:Drivers/STM32F1xx_HAL_Driver/Src/stm32f1xx_hal_gpio.c ****         /* If we are configuring the pin in ALTERNATE FUNCTION open-drain mode */
 250:Drivers/STM32F1xx_HAL_Driver/Src/stm32f1xx_hal_gpio.c ****         case GPIO_MODE_AF_OD:
 251:Drivers/STM32F1xx_HAL_Driver/Src/stm32f1xx_hal_gpio.c ****           /* Check the GPIO speed parameter */
 252:Drivers/STM32F1xx_HAL_Driver/Src/stm32f1xx_hal_gpio.c ****           assert_param(IS_GPIO_SPEED(GPIO_Init->Speed));
 253:Drivers/STM32F1xx_HAL_Driver/Src/stm32f1xx_hal_gpio.c ****           config = GPIO_Init->Speed + GPIO_CR_CNF_AF_OUTPUT_OD;
 254:Drivers/STM32F1xx_HAL_Driver/Src/stm32f1xx_hal_gpio.c ****           break;
 255:Drivers/STM32F1xx_HAL_Driver/Src/stm32f1xx_hal_gpio.c ****           
 256:Drivers/STM32F1xx_HAL_Driver/Src/stm32f1xx_hal_gpio.c ****         /* If we are configuring the pin in INPUT (also applicable to EVENT and IT mode) */
 257:Drivers/STM32F1xx_HAL_Driver/Src/stm32f1xx_hal_gpio.c ****         case GPIO_MODE_INPUT:
 258:Drivers/STM32F1xx_HAL_Driver/Src/stm32f1xx_hal_gpio.c ****         case GPIO_MODE_IT_RISING:
 259:Drivers/STM32F1xx_HAL_Driver/Src/stm32f1xx_hal_gpio.c ****         case GPIO_MODE_IT_FALLING:
ARM GAS  /tmp/cclzIijR.s 			page 7


 260:Drivers/STM32F1xx_HAL_Driver/Src/stm32f1xx_hal_gpio.c ****         case GPIO_MODE_IT_RISING_FALLING:
 261:Drivers/STM32F1xx_HAL_Driver/Src/stm32f1xx_hal_gpio.c ****         case GPIO_MODE_EVT_RISING:
 262:Drivers/STM32F1xx_HAL_Driver/Src/stm32f1xx_hal_gpio.c ****         case GPIO_MODE_EVT_FALLING:
 263:Drivers/STM32F1xx_HAL_Driver/Src/stm32f1xx_hal_gpio.c ****         case GPIO_MODE_EVT_RISING_FALLING:
 264:Drivers/STM32F1xx_HAL_Driver/Src/stm32f1xx_hal_gpio.c ****           /* Check the GPIO pull parameter */
 265:Drivers/STM32F1xx_HAL_Driver/Src/stm32f1xx_hal_gpio.c ****           assert_param(IS_GPIO_PULL(GPIO_Init->Pull));
 266:Drivers/STM32F1xx_HAL_Driver/Src/stm32f1xx_hal_gpio.c ****           if(GPIO_Init->Pull == GPIO_NOPULL)
 267:Drivers/STM32F1xx_HAL_Driver/Src/stm32f1xx_hal_gpio.c ****           {  
 268:Drivers/STM32F1xx_HAL_Driver/Src/stm32f1xx_hal_gpio.c ****             config = GPIO_CR_MODE_INPUT + GPIO_CR_CNF_INPUT_FLOATING;
 269:Drivers/STM32F1xx_HAL_Driver/Src/stm32f1xx_hal_gpio.c ****           }
 270:Drivers/STM32F1xx_HAL_Driver/Src/stm32f1xx_hal_gpio.c ****           else if(GPIO_Init->Pull == GPIO_PULLUP)
 271:Drivers/STM32F1xx_HAL_Driver/Src/stm32f1xx_hal_gpio.c ****           {
 272:Drivers/STM32F1xx_HAL_Driver/Src/stm32f1xx_hal_gpio.c ****             config = GPIO_CR_MODE_INPUT + GPIO_CR_CNF_INPUT_PU_PD;
 273:Drivers/STM32F1xx_HAL_Driver/Src/stm32f1xx_hal_gpio.c ****             
 274:Drivers/STM32F1xx_HAL_Driver/Src/stm32f1xx_hal_gpio.c ****             /* Set the corresponding ODR bit */
 275:Drivers/STM32F1xx_HAL_Driver/Src/stm32f1xx_hal_gpio.c ****             GPIOx->BSRR = ioposition;
 276:Drivers/STM32F1xx_HAL_Driver/Src/stm32f1xx_hal_gpio.c ****           }
 277:Drivers/STM32F1xx_HAL_Driver/Src/stm32f1xx_hal_gpio.c ****           else /* GPIO_PULLDOWN */
 278:Drivers/STM32F1xx_HAL_Driver/Src/stm32f1xx_hal_gpio.c ****           {
 279:Drivers/STM32F1xx_HAL_Driver/Src/stm32f1xx_hal_gpio.c ****             config = GPIO_CR_MODE_INPUT + GPIO_CR_CNF_INPUT_PU_PD;
 280:Drivers/STM32F1xx_HAL_Driver/Src/stm32f1xx_hal_gpio.c ****             
 281:Drivers/STM32F1xx_HAL_Driver/Src/stm32f1xx_hal_gpio.c ****             /* Reset the corresponding ODR bit */
 282:Drivers/STM32F1xx_HAL_Driver/Src/stm32f1xx_hal_gpio.c ****             GPIOx->BRR = ioposition;
 283:Drivers/STM32F1xx_HAL_Driver/Src/stm32f1xx_hal_gpio.c ****           }
 284:Drivers/STM32F1xx_HAL_Driver/Src/stm32f1xx_hal_gpio.c ****           break; 
 285:Drivers/STM32F1xx_HAL_Driver/Src/stm32f1xx_hal_gpio.c ****           
 286:Drivers/STM32F1xx_HAL_Driver/Src/stm32f1xx_hal_gpio.c ****         /* If we are configuring the pin in INPUT analog mode */
 287:Drivers/STM32F1xx_HAL_Driver/Src/stm32f1xx_hal_gpio.c ****         case GPIO_MODE_ANALOG:
 288:Drivers/STM32F1xx_HAL_Driver/Src/stm32f1xx_hal_gpio.c ****             config = GPIO_CR_MODE_INPUT + GPIO_CR_CNF_ANALOG;
 289:Drivers/STM32F1xx_HAL_Driver/Src/stm32f1xx_hal_gpio.c ****           break;
 290:Drivers/STM32F1xx_HAL_Driver/Src/stm32f1xx_hal_gpio.c ****         
 291:Drivers/STM32F1xx_HAL_Driver/Src/stm32f1xx_hal_gpio.c ****         /* Parameters are checked with assert_param */
 292:Drivers/STM32F1xx_HAL_Driver/Src/stm32f1xx_hal_gpio.c ****         default:
 293:Drivers/STM32F1xx_HAL_Driver/Src/stm32f1xx_hal_gpio.c ****           break;
 294:Drivers/STM32F1xx_HAL_Driver/Src/stm32f1xx_hal_gpio.c ****       }
 295:Drivers/STM32F1xx_HAL_Driver/Src/stm32f1xx_hal_gpio.c ****       
 296:Drivers/STM32F1xx_HAL_Driver/Src/stm32f1xx_hal_gpio.c ****       /* Check if the current bit belongs to first half or last half of the pin count number
 297:Drivers/STM32F1xx_HAL_Driver/Src/stm32f1xx_hal_gpio.c ****        in order to address CRH or CRL register*/
 298:Drivers/STM32F1xx_HAL_Driver/Src/stm32f1xx_hal_gpio.c ****       configregister = (iocurrent < GPIO_PIN_8) ? &GPIOx->CRL     : &GPIOx->CRH;
 299:Drivers/STM32F1xx_HAL_Driver/Src/stm32f1xx_hal_gpio.c ****       registeroffset = (iocurrent < GPIO_PIN_8) ? (position << 2) : ((position - 8) << 2);
 300:Drivers/STM32F1xx_HAL_Driver/Src/stm32f1xx_hal_gpio.c ****       
 301:Drivers/STM32F1xx_HAL_Driver/Src/stm32f1xx_hal_gpio.c ****       /* Apply the new configuration of the pin to the register */
 302:Drivers/STM32F1xx_HAL_Driver/Src/stm32f1xx_hal_gpio.c ****       MODIFY_REG((*configregister), ((GPIO_CRL_MODE0 | GPIO_CRL_CNF0) << registeroffset ), (config 
  80              		.loc 1 302 0
  81 0044 4FF00F09 		mov	r9, #15
 298:Drivers/STM32F1xx_HAL_Driver/Src/stm32f1xx_hal_gpio.c ****       registeroffset = (iocurrent < GPIO_PIN_8) ? (position << 2) : ((position - 8) << 2);
  82              		.loc 1 298 0
  83 0048 FF2C     		cmp	r4, #255
  84 004a 93BF     		iteet	ls
  85 004c 8246     		movls	r10, r0
  86 004e 06F18045 		addhi	r5, r6, #1073741824
  87 0052 083D     		subhi	r5, r5, #8
  88 0054 D0F800B0 		ldrls	fp, [r0]
  89              	.LVL5:
  90 0058 92BF     		itee	ls
  91 005a B500     		lslls	r5, r6, #2
  92 005c D0F804B0 		ldrhi	fp, [r0, #4]
ARM GAS  /tmp/cclzIijR.s 			page 8


  93 0060 AD00     		lslhi	r5, r5, #2
  94              		.loc 1 302 0
  95 0062 09FA05F8 		lsl	r8, r9, r5
  96              	.LVL6:
  97 0066 2BEA0808 		bic	r8, fp, r8
  98 006a 02FA05F5 		lsl	r5, r2, r5
 298:Drivers/STM32F1xx_HAL_Driver/Src/stm32f1xx_hal_gpio.c ****       registeroffset = (iocurrent < GPIO_PIN_8) ? (position << 2) : ((position - 8) << 2);
  99              		.loc 1 298 0
 100 006e 88BF     		it	hi
 101 0070 00F1040A 		addhi	r10, r0, #4
 102              	.LVL7:
 103              		.loc 1 302 0
 104 0074 48EA0505 		orr	r5, r8, r5
 105 0078 CAF80050 		str	r5, [r10]
 303:Drivers/STM32F1xx_HAL_Driver/Src/stm32f1xx_hal_gpio.c ****       
 304:Drivers/STM32F1xx_HAL_Driver/Src/stm32f1xx_hal_gpio.c ****       /*--------------------- EXTI Mode Configuration ------------------------*/
 305:Drivers/STM32F1xx_HAL_Driver/Src/stm32f1xx_hal_gpio.c ****       /* Configure the External Interrupt or event for the current IO */
 306:Drivers/STM32F1xx_HAL_Driver/Src/stm32f1xx_hal_gpio.c ****       if((GPIO_Init->Mode & EXTI_MODE) == EXTI_MODE) 
 106              		.loc 1 306 0
 107 007c D1F804A0 		ldr	r10, [r1, #4]
 108              	.LVL8:
 109 0080 1AF0805F 		tst	r10, #268435456
 110 0084 4ED0     		beq	.L2
 111              	.LBB2:
 307:Drivers/STM32F1xx_HAL_Driver/Src/stm32f1xx_hal_gpio.c ****       {
 308:Drivers/STM32F1xx_HAL_Driver/Src/stm32f1xx_hal_gpio.c ****         /* Enable AFIO Clock */
 309:Drivers/STM32F1xx_HAL_Driver/Src/stm32f1xx_hal_gpio.c ****         __HAL_RCC_AFIO_CLK_ENABLE();
 112              		.loc 1 309 0
 113 0086 474D     		ldr	r5, .L44+4
 114 0088 464F     		ldr	r7, .L44+4
 115 008a AD69     		ldr	r5, [r5, #24]
 116 008c 26F00308 		bic	r8, r6, #3
 117 0090 45F00105 		orr	r5, r5, #1
 118 0094 BD61     		str	r5, [r7, #24]
 119 0096 BD69     		ldr	r5, [r7, #24]
 120 0098 08F18048 		add	r8, r8, #1073741824
 121 009c 05F00105 		and	r5, r5, #1
 122 00a0 0195     		str	r5, [sp, #4]
 123 00a2 08F58038 		add	r8, r8, #65536
 124              	.LBE2:
 310:Drivers/STM32F1xx_HAL_Driver/Src/stm32f1xx_hal_gpio.c ****         temp = AFIO->EXTICR[position >> 2];
 311:Drivers/STM32F1xx_HAL_Driver/Src/stm32f1xx_hal_gpio.c ****         CLEAR_BIT(temp, ((uint32_t)0x0F) << (4 * (position & 0x03)));
 125              		.loc 1 311 0
 126 00a6 06F0030B 		and	fp, r6, #3
 127              	.LBB3:
 309:Drivers/STM32F1xx_HAL_Driver/Src/stm32f1xx_hal_gpio.c ****         temp = AFIO->EXTICR[position >> 2];
 128              		.loc 1 309 0
 129 00aa 019D     		ldr	r5, [sp, #4]
 130              	.LBE3:
 131              		.loc 1 311 0
 132 00ac 4FEA8B0B 		lsl	fp, fp, #2
 310:Drivers/STM32F1xx_HAL_Driver/Src/stm32f1xx_hal_gpio.c ****         temp = AFIO->EXTICR[position >> 2];
 133              		.loc 1 310 0
 134 00b0 D8F80850 		ldr	r5, [r8, #8]
 135              	.LVL9:
 136              		.loc 1 311 0
 137 00b4 09FA0BF9 		lsl	r9, r9, fp
ARM GAS  /tmp/cclzIijR.s 			page 9


 138 00b8 25EA0909 		bic	r9, r5, r9
 139              	.LVL10:
 312:Drivers/STM32F1xx_HAL_Driver/Src/stm32f1xx_hal_gpio.c ****         SET_BIT(temp, (GPIO_GET_INDEX(GPIOx)) << (4 * (position & 0x03)));
 140              		.loc 1 312 0
 141 00bc 3A4D     		ldr	r5, .L44+8
 142 00be A842     		cmp	r0, r5
 143 00c0 68D0     		beq	.L26
 144              		.loc 1 312 0 is_stmt 0 discriminator 1
 145 00c2 05F58065 		add	r5, r5, #1024
 146 00c6 A842     		cmp	r0, r5
 147 00c8 66D0     		beq	.L27
 148              		.loc 1 312 0 discriminator 3
 149 00ca 05F58065 		add	r5, r5, #1024
 150 00ce A842     		cmp	r0, r5
 151 00d0 64D0     		beq	.L28
 152              		.loc 1 312 0 discriminator 5
 153 00d2 05F58065 		add	r5, r5, #1024
 154 00d6 A842     		cmp	r0, r5
 155 00d8 0CBF     		ite	eq
 156 00da 0325     		moveq	r5, #3
 157 00dc 0425     		movne	r5, #4
 158              	.L16:
 159              		.loc 1 312 0 discriminator 16
 160 00de 05FA0BF5 		lsl	r5, r5, fp
 161 00e2 45EA0905 		orr	r5, r5, r9
 162              	.LVL11:
 313:Drivers/STM32F1xx_HAL_Driver/Src/stm32f1xx_hal_gpio.c ****         AFIO->EXTICR[position >> 2] = temp;
 163              		.loc 1 313 0 is_stmt 1 discriminator 16
 164 00e6 C8F80850 		str	r5, [r8, #8]
 314:Drivers/STM32F1xx_HAL_Driver/Src/stm32f1xx_hal_gpio.c ****         
 315:Drivers/STM32F1xx_HAL_Driver/Src/stm32f1xx_hal_gpio.c **** 
 316:Drivers/STM32F1xx_HAL_Driver/Src/stm32f1xx_hal_gpio.c ****         /* Configure the interrupt mask */
 317:Drivers/STM32F1xx_HAL_Driver/Src/stm32f1xx_hal_gpio.c ****         if((GPIO_Init->Mode & GPIO_MODE_IT) == GPIO_MODE_IT)
 318:Drivers/STM32F1xx_HAL_Driver/Src/stm32f1xx_hal_gpio.c ****         {
 319:Drivers/STM32F1xx_HAL_Driver/Src/stm32f1xx_hal_gpio.c ****           SET_BIT(EXTI->IMR, iocurrent); 
 165              		.loc 1 319 0 discriminator 16
 166 00ea 1D68     		ldr	r5, [r3]
 167              	.LVL12:
 317:Drivers/STM32F1xx_HAL_Driver/Src/stm32f1xx_hal_gpio.c ****         {
 168              		.loc 1 317 0 discriminator 16
 169 00ec 1AF4803F 		tst	r10, #65536
 170              		.loc 1 319 0 discriminator 16
 171 00f0 14BF     		ite	ne
 172 00f2 2543     		orrne	r5, r5, r4
 320:Drivers/STM32F1xx_HAL_Driver/Src/stm32f1xx_hal_gpio.c ****         } 
 321:Drivers/STM32F1xx_HAL_Driver/Src/stm32f1xx_hal_gpio.c ****         else
 322:Drivers/STM32F1xx_HAL_Driver/Src/stm32f1xx_hal_gpio.c ****         {
 323:Drivers/STM32F1xx_HAL_Driver/Src/stm32f1xx_hal_gpio.c ****           CLEAR_BIT(EXTI->IMR, iocurrent); 
 173              		.loc 1 323 0 discriminator 16
 174 00f4 A543     		biceq	r5, r5, r4
 175 00f6 1D60     		str	r5, [r3]
 176              	.LVL13:
 324:Drivers/STM32F1xx_HAL_Driver/Src/stm32f1xx_hal_gpio.c ****         } 
 325:Drivers/STM32F1xx_HAL_Driver/Src/stm32f1xx_hal_gpio.c ****         
 326:Drivers/STM32F1xx_HAL_Driver/Src/stm32f1xx_hal_gpio.c ****         /* Configure the event mask */
 327:Drivers/STM32F1xx_HAL_Driver/Src/stm32f1xx_hal_gpio.c ****         if((GPIO_Init->Mode & GPIO_MODE_EVT) == GPIO_MODE_EVT)
 328:Drivers/STM32F1xx_HAL_Driver/Src/stm32f1xx_hal_gpio.c ****         {
ARM GAS  /tmp/cclzIijR.s 			page 10


 329:Drivers/STM32F1xx_HAL_Driver/Src/stm32f1xx_hal_gpio.c ****           SET_BIT(EXTI->EMR, iocurrent); 
 177              		.loc 1 329 0 discriminator 16
 178 00f8 5D68     		ldr	r5, [r3, #4]
 327:Drivers/STM32F1xx_HAL_Driver/Src/stm32f1xx_hal_gpio.c ****         {
 179              		.loc 1 327 0 discriminator 16
 180 00fa 1AF4003F 		tst	r10, #131072
 181              		.loc 1 329 0 discriminator 16
 182 00fe 14BF     		ite	ne
 183 0100 2543     		orrne	r5, r5, r4
 330:Drivers/STM32F1xx_HAL_Driver/Src/stm32f1xx_hal_gpio.c ****         } 
 331:Drivers/STM32F1xx_HAL_Driver/Src/stm32f1xx_hal_gpio.c ****         else
 332:Drivers/STM32F1xx_HAL_Driver/Src/stm32f1xx_hal_gpio.c ****         {
 333:Drivers/STM32F1xx_HAL_Driver/Src/stm32f1xx_hal_gpio.c ****           CLEAR_BIT(EXTI->EMR, iocurrent); 
 184              		.loc 1 333 0 discriminator 16
 185 0102 A543     		biceq	r5, r5, r4
 186 0104 5D60     		str	r5, [r3, #4]
 334:Drivers/STM32F1xx_HAL_Driver/Src/stm32f1xx_hal_gpio.c ****         }
 335:Drivers/STM32F1xx_HAL_Driver/Src/stm32f1xx_hal_gpio.c ****         
 336:Drivers/STM32F1xx_HAL_Driver/Src/stm32f1xx_hal_gpio.c ****         /* Enable or disable the rising trigger */
 337:Drivers/STM32F1xx_HAL_Driver/Src/stm32f1xx_hal_gpio.c ****         if((GPIO_Init->Mode & RISING_EDGE) == RISING_EDGE)
 338:Drivers/STM32F1xx_HAL_Driver/Src/stm32f1xx_hal_gpio.c ****         {
 339:Drivers/STM32F1xx_HAL_Driver/Src/stm32f1xx_hal_gpio.c ****           SET_BIT(EXTI->RTSR, iocurrent); 
 187              		.loc 1 339 0 discriminator 16
 188 0106 9D68     		ldr	r5, [r3, #8]
 337:Drivers/STM32F1xx_HAL_Driver/Src/stm32f1xx_hal_gpio.c ****         {
 189              		.loc 1 337 0 discriminator 16
 190 0108 1AF4801F 		tst	r10, #1048576
 191              		.loc 1 339 0 discriminator 16
 192 010c 14BF     		ite	ne
 193 010e 2543     		orrne	r5, r5, r4
 340:Drivers/STM32F1xx_HAL_Driver/Src/stm32f1xx_hal_gpio.c ****         } 
 341:Drivers/STM32F1xx_HAL_Driver/Src/stm32f1xx_hal_gpio.c ****         else
 342:Drivers/STM32F1xx_HAL_Driver/Src/stm32f1xx_hal_gpio.c ****         {
 343:Drivers/STM32F1xx_HAL_Driver/Src/stm32f1xx_hal_gpio.c ****           CLEAR_BIT(EXTI->RTSR, iocurrent); 
 194              		.loc 1 343 0 discriminator 16
 195 0110 A543     		biceq	r5, r5, r4
 196 0112 9D60     		str	r5, [r3, #8]
 344:Drivers/STM32F1xx_HAL_Driver/Src/stm32f1xx_hal_gpio.c ****         }
 345:Drivers/STM32F1xx_HAL_Driver/Src/stm32f1xx_hal_gpio.c ****         
 346:Drivers/STM32F1xx_HAL_Driver/Src/stm32f1xx_hal_gpio.c ****         /* Enable or disable the falling trigger */
 347:Drivers/STM32F1xx_HAL_Driver/Src/stm32f1xx_hal_gpio.c ****         if((GPIO_Init->Mode & FALLING_EDGE) == FALLING_EDGE)
 348:Drivers/STM32F1xx_HAL_Driver/Src/stm32f1xx_hal_gpio.c ****         {
 349:Drivers/STM32F1xx_HAL_Driver/Src/stm32f1xx_hal_gpio.c ****           SET_BIT(EXTI->FTSR, iocurrent); 
 197              		.loc 1 349 0 discriminator 16
 198 0114 DD68     		ldr	r5, [r3, #12]
 347:Drivers/STM32F1xx_HAL_Driver/Src/stm32f1xx_hal_gpio.c ****         {
 199              		.loc 1 347 0 discriminator 16
 200 0116 1AF4001F 		tst	r10, #2097152
 201              		.loc 1 349 0 discriminator 16
 202 011a 14BF     		ite	ne
 203 011c 2C43     		orrne	r4, r4, r5
 204              	.LVL14:
 350:Drivers/STM32F1xx_HAL_Driver/Src/stm32f1xx_hal_gpio.c ****         } 
 351:Drivers/STM32F1xx_HAL_Driver/Src/stm32f1xx_hal_gpio.c ****         else
 352:Drivers/STM32F1xx_HAL_Driver/Src/stm32f1xx_hal_gpio.c ****         {
 353:Drivers/STM32F1xx_HAL_Driver/Src/stm32f1xx_hal_gpio.c ****           CLEAR_BIT(EXTI->FTSR, iocurrent); 
 205              		.loc 1 353 0 discriminator 16
ARM GAS  /tmp/cclzIijR.s 			page 11


 206 011e 25EA0404 		biceq	r4, r5, r4
 207 0122 DC60     		str	r4, [r3, #12]
 208              	.L2:
 212:Drivers/STM32F1xx_HAL_Driver/Src/stm32f1xx_hal_gpio.c ****   {
 209              		.loc 1 212 0 discriminator 2
 210 0124 0136     		adds	r6, r6, #1
 211              	.LVL15:
 212 0126 102E     		cmp	r6, #16
 213 0128 7FF473AF 		bne	.L24
 354:Drivers/STM32F1xx_HAL_Driver/Src/stm32f1xx_hal_gpio.c ****         }
 355:Drivers/STM32F1xx_HAL_Driver/Src/stm32f1xx_hal_gpio.c ****       }
 356:Drivers/STM32F1xx_HAL_Driver/Src/stm32f1xx_hal_gpio.c ****     }
 357:Drivers/STM32F1xx_HAL_Driver/Src/stm32f1xx_hal_gpio.c ****   }
 358:Drivers/STM32F1xx_HAL_Driver/Src/stm32f1xx_hal_gpio.c **** }
 214              		.loc 1 358 0
 215 012c 03B0     		add	sp, sp, #12
 216              	.LCFI1:
 217              		.cfi_remember_state
 218              		.cfi_def_cfa_offset 36
 219              		@ sp needed
 220 012e BDE8F08F 		pop	{r4, r5, r6, r7, r8, r9, r10, fp, pc}
 221              	.LVL16:
 222              	.L7:
 223              	.LCFI2:
 224              		.cfi_restore_state
 226:Drivers/STM32F1xx_HAL_Driver/Src/stm32f1xx_hal_gpio.c ****       {
 225              		.loc 1 226 0
 226 0132 032D     		cmp	r5, #3
 227 0134 22D0     		beq	.L10
 228 0136 112D     		cmp	r5, #17
 229 0138 84D1     		bne	.L3
 239:Drivers/STM32F1xx_HAL_Driver/Src/stm32f1xx_hal_gpio.c ****           break;
 230              		.loc 1 239 0
 231 013a CA68     		ldr	r2, [r1, #12]
 232              	.LVL17:
 233 013c 0432     		adds	r2, r2, #4
 234              	.LVL18:
 240:Drivers/STM32F1xx_HAL_Driver/Src/stm32f1xx_hal_gpio.c ****           
 235              		.loc 1 240 0
 236 013e 81E7     		b	.L3
 237              	.L5:
 226:Drivers/STM32F1xx_HAL_Driver/Src/stm32f1xx_hal_gpio.c ****       {
 238              		.loc 1 226 0
 239 0140 1A4F     		ldr	r7, .L44+12
 240 0142 BD42     		cmp	r5, r7
 241 0144 09D0     		beq	.L8
 242 0146 12D8     		bhi	.L12
 243 0148 DFF86C90 		ldr	r9, .L44+24
 244 014c 4D45     		cmp	r5, r9
 245 014e 04D0     		beq	.L8
 246 0150 09F58039 		add	r9, r9, #65536
 247              	.L38:
 248 0154 4D45     		cmp	r5, r9
 249 0156 7FF475AF 		bne	.L3
 250              	.L8:
 266:Drivers/STM32F1xx_HAL_Driver/Src/stm32f1xx_hal_gpio.c ****           {  
 251              		.loc 1 266 0
ARM GAS  /tmp/cclzIijR.s 			page 12


 252 015a 8A68     		ldr	r2, [r1, #8]
 253              	.LVL19:
 254 015c C2B1     		cbz	r2, .L25
 270:Drivers/STM32F1xx_HAL_Driver/Src/stm32f1xx_hal_gpio.c ****           {
 255              		.loc 1 270 0
 256 015e 012A     		cmp	r2, #1
 257              	.LVL20:
 275:Drivers/STM32F1xx_HAL_Driver/Src/stm32f1xx_hal_gpio.c ****           }
 258              		.loc 1 275 0
 259 0160 0CBF     		ite	eq
 260 0162 C0F81080 		streq	r8, [r0, #16]
 282:Drivers/STM32F1xx_HAL_Driver/Src/stm32f1xx_hal_gpio.c ****           }
 261              		.loc 1 282 0
 262 0166 C0F81480 		strne	r8, [r0, #20]
 279:Drivers/STM32F1xx_HAL_Driver/Src/stm32f1xx_hal_gpio.c ****             
 263              		.loc 1 279 0
 264 016a 0822     		movs	r2, #8
 265 016c 6AE7     		b	.L3
 266              	.LVL21:
 267              	.L12:
 226:Drivers/STM32F1xx_HAL_Driver/Src/stm32f1xx_hal_gpio.c ****       {
 268              		.loc 1 226 0
 269 016e 7545     		cmp	r5, lr
 270 0170 F3D0     		beq	.L8
 271 0172 6545     		cmp	r5, ip
 272 0174 F1D0     		beq	.L8
 273 0176 DFF84490 		ldr	r9, .L44+28
 274 017a EBE7     		b	.L38
 275              	.L10:
 288:Drivers/STM32F1xx_HAL_Driver/Src/stm32f1xx_hal_gpio.c ****           break;
 276              		.loc 1 288 0
 277 017c 0022     		movs	r2, #0
 278              	.LVL22:
 279 017e 61E7     		b	.L3
 280              	.LVL23:
 281              	.L9:
 232:Drivers/STM32F1xx_HAL_Driver/Src/stm32f1xx_hal_gpio.c ****           break;
 282              		.loc 1 232 0
 283 0180 CA68     		ldr	r2, [r1, #12]
 284              	.LVL24:
 233:Drivers/STM32F1xx_HAL_Driver/Src/stm32f1xx_hal_gpio.c ****           
 285              		.loc 1 233 0
 286 0182 5FE7     		b	.L3
 287              	.L6:
 246:Drivers/STM32F1xx_HAL_Driver/Src/stm32f1xx_hal_gpio.c ****           break;
 288              		.loc 1 246 0
 289 0184 CA68     		ldr	r2, [r1, #12]
 290              	.LVL25:
 291 0186 0832     		adds	r2, r2, #8
 292              	.LVL26:
 247:Drivers/STM32F1xx_HAL_Driver/Src/stm32f1xx_hal_gpio.c ****           
 293              		.loc 1 247 0
 294 0188 5CE7     		b	.L3
 295              	.L4:
 253:Drivers/STM32F1xx_HAL_Driver/Src/stm32f1xx_hal_gpio.c ****           break;
 296              		.loc 1 253 0
 297 018a CA68     		ldr	r2, [r1, #12]
ARM GAS  /tmp/cclzIijR.s 			page 13


 298              	.LVL27:
 299 018c 0C32     		adds	r2, r2, #12
 300              	.LVL28:
 254:Drivers/STM32F1xx_HAL_Driver/Src/stm32f1xx_hal_gpio.c ****           
 301              		.loc 1 254 0
 302 018e 59E7     		b	.L3
 303              	.LVL29:
 304              	.L25:
 268:Drivers/STM32F1xx_HAL_Driver/Src/stm32f1xx_hal_gpio.c ****           }
 305              		.loc 1 268 0
 306 0190 0422     		movs	r2, #4
 307 0192 57E7     		b	.L3
 308              	.LVL30:
 309              	.L26:
 312:Drivers/STM32F1xx_HAL_Driver/Src/stm32f1xx_hal_gpio.c ****         AFIO->EXTICR[position >> 2] = temp;
 310              		.loc 1 312 0
 311 0194 0025     		movs	r5, #0
 312 0196 A2E7     		b	.L16
 313              	.L27:
 314 0198 0125     		movs	r5, #1
 315              	.LVL31:
 316 019a A0E7     		b	.L16
 317              	.LVL32:
 318              	.L28:
 319 019c 0225     		movs	r5, #2
 320 019e 9EE7     		b	.L16
 321              	.L45:
 322              		.align	2
 323              	.L44:
 324 01a0 00040140 		.word	1073808384
 325 01a4 00100240 		.word	1073876992
 326 01a8 00080140 		.word	1073809408
 327 01ac 00002110 		.word	270598144
 328 01b0 00003110 		.word	271646720
 329 01b4 00003210 		.word	271712256
 330 01b8 00001110 		.word	269549568
 331 01bc 00002210 		.word	270663680
 332              		.cfi_endproc
 333              	.LFE64:
 335              		.section	.text.HAL_GPIO_DeInit,"ax",%progbits
 336              		.align	1
 337              		.global	HAL_GPIO_DeInit
 338              		.syntax unified
 339              		.thumb
 340              		.thumb_func
 341              		.fpu softvfp
 343              	HAL_GPIO_DeInit:
 344              	.LFB65:
 359:Drivers/STM32F1xx_HAL_Driver/Src/stm32f1xx_hal_gpio.c **** 
 360:Drivers/STM32F1xx_HAL_Driver/Src/stm32f1xx_hal_gpio.c **** /**
 361:Drivers/STM32F1xx_HAL_Driver/Src/stm32f1xx_hal_gpio.c ****   * @brief  De-initializes the GPIOx peripheral registers to their default reset values.
 362:Drivers/STM32F1xx_HAL_Driver/Src/stm32f1xx_hal_gpio.c ****   * @param  GPIOx: where x can be (A..G depending on device used) to select the GPIO peripheral
 363:Drivers/STM32F1xx_HAL_Driver/Src/stm32f1xx_hal_gpio.c ****   * @param  GPIO_Pin: specifies the port bit to be written.
 364:Drivers/STM32F1xx_HAL_Driver/Src/stm32f1xx_hal_gpio.c ****   *         This parameter can be one of GPIO_PIN_x where x can be (0..15).
 365:Drivers/STM32F1xx_HAL_Driver/Src/stm32f1xx_hal_gpio.c ****   * @retval None
 366:Drivers/STM32F1xx_HAL_Driver/Src/stm32f1xx_hal_gpio.c ****   */
 367:Drivers/STM32F1xx_HAL_Driver/Src/stm32f1xx_hal_gpio.c **** void HAL_GPIO_DeInit(GPIO_TypeDef  *GPIOx, uint32_t GPIO_Pin)
ARM GAS  /tmp/cclzIijR.s 			page 14


 368:Drivers/STM32F1xx_HAL_Driver/Src/stm32f1xx_hal_gpio.c **** { 
 345              		.loc 1 368 0
 346              		.cfi_startproc
 347              		@ args = 0, pretend = 0, frame = 0
 348              		@ frame_needed = 0, uses_anonymous_args = 0
 349              	.LVL33:
 350 0000 2DE9F04F 		push	{r4, r5, r6, r7, r8, r9, r10, fp, lr}
 351              	.LCFI3:
 352              		.cfi_def_cfa_offset 36
 353              		.cfi_offset 4, -36
 354              		.cfi_offset 5, -32
 355              		.cfi_offset 6, -28
 356              		.cfi_offset 7, -24
 357              		.cfi_offset 8, -20
 358              		.cfi_offset 9, -16
 359              		.cfi_offset 10, -12
 360              		.cfi_offset 11, -8
 361              		.cfi_offset 14, -4
 369:Drivers/STM32F1xx_HAL_Driver/Src/stm32f1xx_hal_gpio.c ****   uint32_t position = 0x00;
 362              		.loc 1 369 0
 363 0004 0022     		movs	r2, #0
 370:Drivers/STM32F1xx_HAL_Driver/Src/stm32f1xx_hal_gpio.c ****   uint32_t iocurrent = 0x00;
 371:Drivers/STM32F1xx_HAL_Driver/Src/stm32f1xx_hal_gpio.c ****   uint32_t tmp = 0x00;
 372:Drivers/STM32F1xx_HAL_Driver/Src/stm32f1xx_hal_gpio.c ****   __IO uint32_t *configregister; /* Store the address of CRL or CRH register based on pin number */
 373:Drivers/STM32F1xx_HAL_Driver/Src/stm32f1xx_hal_gpio.c ****   uint32_t registeroffset = 0;
 374:Drivers/STM32F1xx_HAL_Driver/Src/stm32f1xx_hal_gpio.c ****  
 375:Drivers/STM32F1xx_HAL_Driver/Src/stm32f1xx_hal_gpio.c ****   /* Check the parameters */
 376:Drivers/STM32F1xx_HAL_Driver/Src/stm32f1xx_hal_gpio.c ****   assert_param(IS_GPIO_ALL_INSTANCE(GPIOx));
 377:Drivers/STM32F1xx_HAL_Driver/Src/stm32f1xx_hal_gpio.c ****   assert_param(IS_GPIO_PIN(GPIO_Pin));
 378:Drivers/STM32F1xx_HAL_Driver/Src/stm32f1xx_hal_gpio.c **** 
 379:Drivers/STM32F1xx_HAL_Driver/Src/stm32f1xx_hal_gpio.c ****   /* Configure the port pins */
 380:Drivers/STM32F1xx_HAL_Driver/Src/stm32f1xx_hal_gpio.c ****   while ((GPIO_Pin >> position) != 0)
 381:Drivers/STM32F1xx_HAL_Driver/Src/stm32f1xx_hal_gpio.c ****   {
 382:Drivers/STM32F1xx_HAL_Driver/Src/stm32f1xx_hal_gpio.c ****     /* Get current io position */
 383:Drivers/STM32F1xx_HAL_Driver/Src/stm32f1xx_hal_gpio.c ****     iocurrent = (GPIO_Pin) & ((uint32_t)1 << position);
 364              		.loc 1 383 0
 365 0006 4FF00109 		mov	r9, #1
 384:Drivers/STM32F1xx_HAL_Driver/Src/stm32f1xx_hal_gpio.c **** 
 385:Drivers/STM32F1xx_HAL_Driver/Src/stm32f1xx_hal_gpio.c ****     if (iocurrent)
 386:Drivers/STM32F1xx_HAL_Driver/Src/stm32f1xx_hal_gpio.c ****     {
 387:Drivers/STM32F1xx_HAL_Driver/Src/stm32f1xx_hal_gpio.c ****       /*------------------------- GPIO Mode Configuration --------------------*/
 388:Drivers/STM32F1xx_HAL_Driver/Src/stm32f1xx_hal_gpio.c ****       /* Check if the current bit belongs to first half or last half of the pin count number
 389:Drivers/STM32F1xx_HAL_Driver/Src/stm32f1xx_hal_gpio.c ****        in order to address CRH or CRL register */
 390:Drivers/STM32F1xx_HAL_Driver/Src/stm32f1xx_hal_gpio.c ****       configregister = (iocurrent < GPIO_PIN_8) ? &GPIOx->CRL     : &GPIOx->CRH;
 391:Drivers/STM32F1xx_HAL_Driver/Src/stm32f1xx_hal_gpio.c ****       registeroffset = (iocurrent < GPIO_PIN_8) ? (position << 2) : ((position - 8) << 2);
 392:Drivers/STM32F1xx_HAL_Driver/Src/stm32f1xx_hal_gpio.c ****       
 393:Drivers/STM32F1xx_HAL_Driver/Src/stm32f1xx_hal_gpio.c ****       /* CRL/CRH default value is floating input(0x04) shifted to correct position */
 394:Drivers/STM32F1xx_HAL_Driver/Src/stm32f1xx_hal_gpio.c ****       MODIFY_REG(*configregister, ((GPIO_CRL_MODE0 | GPIO_CRL_CNF0) << registeroffset ), GPIO_CRL_C
 366              		.loc 1 394 0
 367 000a 4FF00F0C 		mov	ip, #15
 368 000e 4FF0040A 		mov	r10, #4
 395:Drivers/STM32F1xx_HAL_Driver/Src/stm32f1xx_hal_gpio.c ****       
 396:Drivers/STM32F1xx_HAL_Driver/Src/stm32f1xx_hal_gpio.c ****       /* ODR default value is 0 */
 397:Drivers/STM32F1xx_HAL_Driver/Src/stm32f1xx_hal_gpio.c ****       CLEAR_BIT(GPIOx->ODR, iocurrent);
 398:Drivers/STM32F1xx_HAL_Driver/Src/stm32f1xx_hal_gpio.c ****       
 399:Drivers/STM32F1xx_HAL_Driver/Src/stm32f1xx_hal_gpio.c ****       /*------------------------- EXTI Mode Configuration --------------------*/
 400:Drivers/STM32F1xx_HAL_Driver/Src/stm32f1xx_hal_gpio.c ****       /* Clear the External Interrupt or Event for the current IO */
ARM GAS  /tmp/cclzIijR.s 			page 15


 401:Drivers/STM32F1xx_HAL_Driver/Src/stm32f1xx_hal_gpio.c ****       
 402:Drivers/STM32F1xx_HAL_Driver/Src/stm32f1xx_hal_gpio.c ****       tmp = AFIO->EXTICR[position >> 2];
 403:Drivers/STM32F1xx_HAL_Driver/Src/stm32f1xx_hal_gpio.c ****       tmp &= (((uint32_t)0x0F) << (4 * (position & 0x03)));
 404:Drivers/STM32F1xx_HAL_Driver/Src/stm32f1xx_hal_gpio.c ****       if(tmp == (GPIO_GET_INDEX(GPIOx) << (4 * (position & 0x03))))
 405:Drivers/STM32F1xx_HAL_Driver/Src/stm32f1xx_hal_gpio.c ****       {
 406:Drivers/STM32F1xx_HAL_Driver/Src/stm32f1xx_hal_gpio.c ****         tmp = ((uint32_t)0x0F) << (4 * (position & 0x03));
 407:Drivers/STM32F1xx_HAL_Driver/Src/stm32f1xx_hal_gpio.c ****         CLEAR_BIT(AFIO->EXTICR[position >> 2], tmp);
 408:Drivers/STM32F1xx_HAL_Driver/Src/stm32f1xx_hal_gpio.c ****           
 409:Drivers/STM32F1xx_HAL_Driver/Src/stm32f1xx_hal_gpio.c ****         /* Clear EXTI line configuration */
 410:Drivers/STM32F1xx_HAL_Driver/Src/stm32f1xx_hal_gpio.c ****         CLEAR_BIT(EXTI->IMR, (uint32_t)iocurrent);
 369              		.loc 1 410 0
 370 0012 304C     		ldr	r4, .L59
 404:Drivers/STM32F1xx_HAL_Driver/Src/stm32f1xx_hal_gpio.c ****       {
 371              		.loc 1 404 0
 372 0014 DFF8C4B0 		ldr	fp, .L59+8
 373              	.LVL34:
 374              	.L47:
 380:Drivers/STM32F1xx_HAL_Driver/Src/stm32f1xx_hal_gpio.c ****   {
 375              		.loc 1 380 0
 376 0018 31FA02F3 		lsrs	r3, r1, r2
 377 001c 01D1     		bne	.L54
 411:Drivers/STM32F1xx_HAL_Driver/Src/stm32f1xx_hal_gpio.c ****         CLEAR_BIT(EXTI->EMR, (uint32_t)iocurrent);
 412:Drivers/STM32F1xx_HAL_Driver/Src/stm32f1xx_hal_gpio.c ****         
 413:Drivers/STM32F1xx_HAL_Driver/Src/stm32f1xx_hal_gpio.c ****         /* Clear Rising Falling edge configuration */
 414:Drivers/STM32F1xx_HAL_Driver/Src/stm32f1xx_hal_gpio.c ****         CLEAR_BIT(EXTI->RTSR, (uint32_t)iocurrent);
 415:Drivers/STM32F1xx_HAL_Driver/Src/stm32f1xx_hal_gpio.c ****         CLEAR_BIT(EXTI->FTSR, (uint32_t)iocurrent);
 416:Drivers/STM32F1xx_HAL_Driver/Src/stm32f1xx_hal_gpio.c ****       }
 417:Drivers/STM32F1xx_HAL_Driver/Src/stm32f1xx_hal_gpio.c ****     }
 418:Drivers/STM32F1xx_HAL_Driver/Src/stm32f1xx_hal_gpio.c ****     
 419:Drivers/STM32F1xx_HAL_Driver/Src/stm32f1xx_hal_gpio.c ****     position++;
 420:Drivers/STM32F1xx_HAL_Driver/Src/stm32f1xx_hal_gpio.c ****   }
 421:Drivers/STM32F1xx_HAL_Driver/Src/stm32f1xx_hal_gpio.c **** }
 378              		.loc 1 421 0
 379 001e BDE8F08F 		pop	{r4, r5, r6, r7, r8, r9, r10, fp, pc}
 380              	.L54:
 383:Drivers/STM32F1xx_HAL_Driver/Src/stm32f1xx_hal_gpio.c **** 
 381              		.loc 1 383 0
 382 0022 09FA02F3 		lsl	r3, r9, r2
 383              	.LVL35:
 385:Drivers/STM32F1xx_HAL_Driver/Src/stm32f1xx_hal_gpio.c ****     {
 384              		.loc 1 385 0
 385 0026 0B40     		ands	r3, r3, r1
 386              	.LVL36:
 387 0028 4CD0     		beq	.L49
 390:Drivers/STM32F1xx_HAL_Driver/Src/stm32f1xx_hal_gpio.c ****       registeroffset = (iocurrent < GPIO_PIN_8) ? (position << 2) : ((position - 8) << 2);
 388              		.loc 1 390 0
 389 002a FF2B     		cmp	r3, #255
 390 002c 98BF     		it	ls
 391 002e 0746     		movls	r7, r0
 397:Drivers/STM32F1xx_HAL_Driver/Src/stm32f1xx_hal_gpio.c ****       
 392              		.loc 1 397 0
 393 0030 6FEA0303 		mvn	r3, r3
 394              	.LVL37:
 395 0034 85BF     		ittet	hi
 396 0036 02F18045 		addhi	r5, r2, #1073741824
 397 003a 083D     		subhi	r5, r5, #8
 390:Drivers/STM32F1xx_HAL_Driver/Src/stm32f1xx_hal_gpio.c ****       registeroffset = (iocurrent < GPIO_PIN_8) ? (position << 2) : ((position - 8) << 2);
ARM GAS  /tmp/cclzIijR.s 			page 16


 398              		.loc 1 390 0
 399 003c D0F800E0 		ldrls	lr, [r0]
 400              	.LVL38:
 401 0040 D0F804E0 		ldrhi	lr, [r0, #4]
 402 0044 94BF     		ite	ls
 403 0046 9500     		lslls	r5, r2, #2
 404 0048 AD00     		lslhi	r5, r5, #2
 394:Drivers/STM32F1xx_HAL_Driver/Src/stm32f1xx_hal_gpio.c ****       
 405              		.loc 1 394 0
 406 004a 0CFA05F6 		lsl	r6, ip, r5
 407 004e 2EEA0606 		bic	r6, lr, r6
 408 0052 0AFA05F5 		lsl	r5, r10, r5
 390:Drivers/STM32F1xx_HAL_Driver/Src/stm32f1xx_hal_gpio.c ****       registeroffset = (iocurrent < GPIO_PIN_8) ? (position << 2) : ((position - 8) << 2);
 409              		.loc 1 390 0
 410 0056 88BF     		it	hi
 411 0058 071D     		addhi	r7, r0, #4
 412              	.LVL39:
 394:Drivers/STM32F1xx_HAL_Driver/Src/stm32f1xx_hal_gpio.c ****       
 413              		.loc 1 394 0
 414 005a 2E43     		orrs	r6, r6, r5
 415 005c 3E60     		str	r6, [r7]
 397:Drivers/STM32F1xx_HAL_Driver/Src/stm32f1xx_hal_gpio.c ****       
 416              		.loc 1 397 0
 417 005e C568     		ldr	r5, [r0, #12]
 403:Drivers/STM32F1xx_HAL_Driver/Src/stm32f1xx_hal_gpio.c ****       if(tmp == (GPIO_GET_INDEX(GPIOx) << (4 * (position & 0x03))))
 418              		.loc 1 403 0
 419 0060 02F00307 		and	r7, r2, #3
 420              	.LVL40:
 397:Drivers/STM32F1xx_HAL_Driver/Src/stm32f1xx_hal_gpio.c ****       
 421              		.loc 1 397 0
 422 0064 1D40     		ands	r5, r5, r3
 423 0066 C560     		str	r5, [r0, #12]
 424 0068 22F00305 		bic	r5, r2, #3
 425 006c 05F18045 		add	r5, r5, #1073741824
 426 0070 05F58035 		add	r5, r5, #65536
 402:Drivers/STM32F1xx_HAL_Driver/Src/stm32f1xx_hal_gpio.c ****       tmp &= (((uint32_t)0x0F) << (4 * (position & 0x03)));
 427              		.loc 1 402 0
 428 0074 AE68     		ldr	r6, [r5, #8]
 429              	.LVL41:
 403:Drivers/STM32F1xx_HAL_Driver/Src/stm32f1xx_hal_gpio.c ****       if(tmp == (GPIO_GET_INDEX(GPIOx) << (4 * (position & 0x03))))
 430              		.loc 1 403 0
 431 0076 BF00     		lsls	r7, r7, #2
 432 0078 0CFA07F8 		lsl	r8, ip, r7
 433 007c 06EA080E 		and	lr, r6, r8
 434              	.LVL42:
 404:Drivers/STM32F1xx_HAL_Driver/Src/stm32f1xx_hal_gpio.c ****       {
 435              		.loc 1 404 0
 436 0080 154E     		ldr	r6, .L59+4
 437 0082 B042     		cmp	r0, r6
 438 0084 20D0     		beq	.L55
 404:Drivers/STM32F1xx_HAL_Driver/Src/stm32f1xx_hal_gpio.c ****       {
 439              		.loc 1 404 0 is_stmt 0 discriminator 1
 440 0086 06F58066 		add	r6, r6, #1024
 441 008a B042     		cmp	r0, r6
 442 008c 1ED0     		beq	.L56
 404:Drivers/STM32F1xx_HAL_Driver/Src/stm32f1xx_hal_gpio.c ****       {
 443              		.loc 1 404 0 discriminator 3
ARM GAS  /tmp/cclzIijR.s 			page 17


 444 008e 06F58066 		add	r6, r6, #1024
 445 0092 B042     		cmp	r0, r6
 446 0094 1CD0     		beq	.L57
 404:Drivers/STM32F1xx_HAL_Driver/Src/stm32f1xx_hal_gpio.c ****       {
 447              		.loc 1 404 0 discriminator 5
 448 0096 5845     		cmp	r0, fp
 449 0098 0CBF     		ite	eq
 450 009a 0326     		moveq	r6, #3
 451 009c 0426     		movne	r6, #4
 452              	.L52:
 404:Drivers/STM32F1xx_HAL_Driver/Src/stm32f1xx_hal_gpio.c ****       {
 453              		.loc 1 404 0 discriminator 16
 454 009e BE40     		lsls	r6, r6, r7
 455 00a0 B645     		cmp	lr, r6
 456 00a2 0FD1     		bne	.L49
 457              	.LVL43:
 407:Drivers/STM32F1xx_HAL_Driver/Src/stm32f1xx_hal_gpio.c ****           
 458              		.loc 1 407 0 is_stmt 1
 459 00a4 AE68     		ldr	r6, [r5, #8]
 460 00a6 26EA0806 		bic	r6, r6, r8
 461 00aa AE60     		str	r6, [r5, #8]
 410:Drivers/STM32F1xx_HAL_Driver/Src/stm32f1xx_hal_gpio.c ****         CLEAR_BIT(EXTI->EMR, (uint32_t)iocurrent);
 462              		.loc 1 410 0
 463 00ac 2568     		ldr	r5, [r4]
 464 00ae 1D40     		ands	r5, r5, r3
 465 00b0 2560     		str	r5, [r4]
 411:Drivers/STM32F1xx_HAL_Driver/Src/stm32f1xx_hal_gpio.c ****         
 466              		.loc 1 411 0
 467 00b2 6568     		ldr	r5, [r4, #4]
 468 00b4 1D40     		ands	r5, r5, r3
 469 00b6 6560     		str	r5, [r4, #4]
 414:Drivers/STM32F1xx_HAL_Driver/Src/stm32f1xx_hal_gpio.c ****         CLEAR_BIT(EXTI->FTSR, (uint32_t)iocurrent);
 470              		.loc 1 414 0
 471 00b8 A568     		ldr	r5, [r4, #8]
 472 00ba 1D40     		ands	r5, r5, r3
 473 00bc A560     		str	r5, [r4, #8]
 415:Drivers/STM32F1xx_HAL_Driver/Src/stm32f1xx_hal_gpio.c ****       }
 474              		.loc 1 415 0
 475 00be E568     		ldr	r5, [r4, #12]
 476 00c0 2B40     		ands	r3, r3, r5
 477              	.LVL44:
 478 00c2 E360     		str	r3, [r4, #12]
 479              	.LVL45:
 480              	.L49:
 419:Drivers/STM32F1xx_HAL_Driver/Src/stm32f1xx_hal_gpio.c ****   }
 481              		.loc 1 419 0
 482 00c4 0132     		adds	r2, r2, #1
 483              	.LVL46:
 484 00c6 A7E7     		b	.L47
 485              	.LVL47:
 486              	.L55:
 404:Drivers/STM32F1xx_HAL_Driver/Src/stm32f1xx_hal_gpio.c ****       {
 487              		.loc 1 404 0
 488 00c8 0026     		movs	r6, #0
 489 00ca E8E7     		b	.L52
 490              	.L56:
 491 00cc 0126     		movs	r6, #1
ARM GAS  /tmp/cclzIijR.s 			page 18


 492 00ce E6E7     		b	.L52
 493              	.L57:
 494 00d0 0226     		movs	r6, #2
 495 00d2 E4E7     		b	.L52
 496              	.L60:
 497              		.align	2
 498              	.L59:
 499 00d4 00040140 		.word	1073808384
 500 00d8 00080140 		.word	1073809408
 501 00dc 00140140 		.word	1073812480
 502              		.cfi_endproc
 503              	.LFE65:
 505              		.section	.text.HAL_GPIO_ReadPin,"ax",%progbits
 506              		.align	1
 507              		.global	HAL_GPIO_ReadPin
 508              		.syntax unified
 509              		.thumb
 510              		.thumb_func
 511              		.fpu softvfp
 513              	HAL_GPIO_ReadPin:
 514              	.LFB66:
 422:Drivers/STM32F1xx_HAL_Driver/Src/stm32f1xx_hal_gpio.c **** 
 423:Drivers/STM32F1xx_HAL_Driver/Src/stm32f1xx_hal_gpio.c **** /**
 424:Drivers/STM32F1xx_HAL_Driver/Src/stm32f1xx_hal_gpio.c ****   * @}
 425:Drivers/STM32F1xx_HAL_Driver/Src/stm32f1xx_hal_gpio.c ****   */
 426:Drivers/STM32F1xx_HAL_Driver/Src/stm32f1xx_hal_gpio.c **** 
 427:Drivers/STM32F1xx_HAL_Driver/Src/stm32f1xx_hal_gpio.c **** /** @defgroup GPIO_Exported_Functions_Group2 IO operation functions 
 428:Drivers/STM32F1xx_HAL_Driver/Src/stm32f1xx_hal_gpio.c ****  *  @brief   GPIO Read and Write 
 429:Drivers/STM32F1xx_HAL_Driver/Src/stm32f1xx_hal_gpio.c ****  *
 430:Drivers/STM32F1xx_HAL_Driver/Src/stm32f1xx_hal_gpio.c **** @verbatim   
 431:Drivers/STM32F1xx_HAL_Driver/Src/stm32f1xx_hal_gpio.c ****  ===============================================================================
 432:Drivers/STM32F1xx_HAL_Driver/Src/stm32f1xx_hal_gpio.c ****                        ##### IO operation functions #####
 433:Drivers/STM32F1xx_HAL_Driver/Src/stm32f1xx_hal_gpio.c ****  ===============================================================================
 434:Drivers/STM32F1xx_HAL_Driver/Src/stm32f1xx_hal_gpio.c ****   [..]
 435:Drivers/STM32F1xx_HAL_Driver/Src/stm32f1xx_hal_gpio.c ****     This subsection provides a set of functions allowing to manage the GPIOs.
 436:Drivers/STM32F1xx_HAL_Driver/Src/stm32f1xx_hal_gpio.c **** 
 437:Drivers/STM32F1xx_HAL_Driver/Src/stm32f1xx_hal_gpio.c **** @endverbatim
 438:Drivers/STM32F1xx_HAL_Driver/Src/stm32f1xx_hal_gpio.c ****   * @{
 439:Drivers/STM32F1xx_HAL_Driver/Src/stm32f1xx_hal_gpio.c ****   */
 440:Drivers/STM32F1xx_HAL_Driver/Src/stm32f1xx_hal_gpio.c **** /**
 441:Drivers/STM32F1xx_HAL_Driver/Src/stm32f1xx_hal_gpio.c ****   * @brief  Reads the specified input port pin.
 442:Drivers/STM32F1xx_HAL_Driver/Src/stm32f1xx_hal_gpio.c ****   * @param  GPIOx: where x can be (A..G depending on device used) to select the GPIO peripheral
 443:Drivers/STM32F1xx_HAL_Driver/Src/stm32f1xx_hal_gpio.c ****   * @param  GPIO_Pin: specifies the port bit to read.
 444:Drivers/STM32F1xx_HAL_Driver/Src/stm32f1xx_hal_gpio.c ****   *         This parameter can be GPIO_PIN_x where x can be (0..15).
 445:Drivers/STM32F1xx_HAL_Driver/Src/stm32f1xx_hal_gpio.c ****   * @retval The input port pin value.
 446:Drivers/STM32F1xx_HAL_Driver/Src/stm32f1xx_hal_gpio.c ****   */
 447:Drivers/STM32F1xx_HAL_Driver/Src/stm32f1xx_hal_gpio.c **** GPIO_PinState HAL_GPIO_ReadPin(GPIO_TypeDef* GPIOx, uint16_t GPIO_Pin)
 448:Drivers/STM32F1xx_HAL_Driver/Src/stm32f1xx_hal_gpio.c **** {
 515              		.loc 1 448 0
 516              		.cfi_startproc
 517              		@ args = 0, pretend = 0, frame = 0
 518              		@ frame_needed = 0, uses_anonymous_args = 0
 519              		@ link register save eliminated.
 520              	.LVL48:
 449:Drivers/STM32F1xx_HAL_Driver/Src/stm32f1xx_hal_gpio.c ****   GPIO_PinState bitstatus;
 450:Drivers/STM32F1xx_HAL_Driver/Src/stm32f1xx_hal_gpio.c **** 
 451:Drivers/STM32F1xx_HAL_Driver/Src/stm32f1xx_hal_gpio.c ****   /* Check the parameters */
ARM GAS  /tmp/cclzIijR.s 			page 19


 452:Drivers/STM32F1xx_HAL_Driver/Src/stm32f1xx_hal_gpio.c ****   assert_param(IS_GPIO_PIN(GPIO_Pin));
 453:Drivers/STM32F1xx_HAL_Driver/Src/stm32f1xx_hal_gpio.c **** 
 454:Drivers/STM32F1xx_HAL_Driver/Src/stm32f1xx_hal_gpio.c ****   if ((GPIOx->IDR & GPIO_Pin) != (uint32_t)GPIO_PIN_RESET)
 521              		.loc 1 454 0
 522 0000 8368     		ldr	r3, [r0, #8]
 523              	.LVL49:
 524 0002 1942     		tst	r1, r3
 455:Drivers/STM32F1xx_HAL_Driver/Src/stm32f1xx_hal_gpio.c ****   {
 456:Drivers/STM32F1xx_HAL_Driver/Src/stm32f1xx_hal_gpio.c ****     bitstatus = GPIO_PIN_SET;
 457:Drivers/STM32F1xx_HAL_Driver/Src/stm32f1xx_hal_gpio.c ****   }
 458:Drivers/STM32F1xx_HAL_Driver/Src/stm32f1xx_hal_gpio.c ****   else
 459:Drivers/STM32F1xx_HAL_Driver/Src/stm32f1xx_hal_gpio.c ****   {
 460:Drivers/STM32F1xx_HAL_Driver/Src/stm32f1xx_hal_gpio.c ****     bitstatus = GPIO_PIN_RESET;
 461:Drivers/STM32F1xx_HAL_Driver/Src/stm32f1xx_hal_gpio.c ****   }
 462:Drivers/STM32F1xx_HAL_Driver/Src/stm32f1xx_hal_gpio.c ****   return bitstatus;
 463:Drivers/STM32F1xx_HAL_Driver/Src/stm32f1xx_hal_gpio.c **** }
 525              		.loc 1 463 0
 526 0004 14BF     		ite	ne
 527 0006 0120     		movne	r0, #1
 528              	.LVL50:
 529 0008 0020     		moveq	r0, #0
 530 000a 7047     		bx	lr
 531              		.cfi_endproc
 532              	.LFE66:
 534              		.section	.text.HAL_GPIO_WritePin,"ax",%progbits
 535              		.align	1
 536              		.global	HAL_GPIO_WritePin
 537              		.syntax unified
 538              		.thumb
 539              		.thumb_func
 540              		.fpu softvfp
 542              	HAL_GPIO_WritePin:
 543              	.LFB67:
 464:Drivers/STM32F1xx_HAL_Driver/Src/stm32f1xx_hal_gpio.c **** 
 465:Drivers/STM32F1xx_HAL_Driver/Src/stm32f1xx_hal_gpio.c **** /**
 466:Drivers/STM32F1xx_HAL_Driver/Src/stm32f1xx_hal_gpio.c ****   * @brief  Sets or clears the selected data port bit.
 467:Drivers/STM32F1xx_HAL_Driver/Src/stm32f1xx_hal_gpio.c ****   * 
 468:Drivers/STM32F1xx_HAL_Driver/Src/stm32f1xx_hal_gpio.c ****   * @note   This function uses GPIOx_BSRR register to allow atomic read/modify 
 469:Drivers/STM32F1xx_HAL_Driver/Src/stm32f1xx_hal_gpio.c ****   *         accesses. In this way, there is no risk of an IRQ occurring between
 470:Drivers/STM32F1xx_HAL_Driver/Src/stm32f1xx_hal_gpio.c ****   *         the read and the modify access.
 471:Drivers/STM32F1xx_HAL_Driver/Src/stm32f1xx_hal_gpio.c ****   *               
 472:Drivers/STM32F1xx_HAL_Driver/Src/stm32f1xx_hal_gpio.c ****   * @param  GPIOx: where x can be (A..G depending on device used) to select the GPIO peripheral
 473:Drivers/STM32F1xx_HAL_Driver/Src/stm32f1xx_hal_gpio.c ****   * @param  GPIO_Pin: specifies the port bit to be written.
 474:Drivers/STM32F1xx_HAL_Driver/Src/stm32f1xx_hal_gpio.c ****   *          This parameter can be one of GPIO_PIN_x where x can be (0..15).
 475:Drivers/STM32F1xx_HAL_Driver/Src/stm32f1xx_hal_gpio.c ****   * @param  PinState: specifies the value to be written to the selected bit.
 476:Drivers/STM32F1xx_HAL_Driver/Src/stm32f1xx_hal_gpio.c ****   *          This parameter can be one of the GPIO_PinState enum values:
 477:Drivers/STM32F1xx_HAL_Driver/Src/stm32f1xx_hal_gpio.c ****   *            @arg GPIO_BIT_RESET: to clear the port pin
 478:Drivers/STM32F1xx_HAL_Driver/Src/stm32f1xx_hal_gpio.c ****   *            @arg GPIO_BIT_SET: to set the port pin
 479:Drivers/STM32F1xx_HAL_Driver/Src/stm32f1xx_hal_gpio.c ****   * @retval None
 480:Drivers/STM32F1xx_HAL_Driver/Src/stm32f1xx_hal_gpio.c ****   */
 481:Drivers/STM32F1xx_HAL_Driver/Src/stm32f1xx_hal_gpio.c **** void HAL_GPIO_WritePin(GPIO_TypeDef* GPIOx, uint16_t GPIO_Pin, GPIO_PinState PinState)
 482:Drivers/STM32F1xx_HAL_Driver/Src/stm32f1xx_hal_gpio.c **** {
 544              		.loc 1 482 0
 545              		.cfi_startproc
 546              		@ args = 0, pretend = 0, frame = 0
 547              		@ frame_needed = 0, uses_anonymous_args = 0
 548              		@ link register save eliminated.
ARM GAS  /tmp/cclzIijR.s 			page 20


 549              	.LVL51:
 483:Drivers/STM32F1xx_HAL_Driver/Src/stm32f1xx_hal_gpio.c ****   /* Check the parameters */
 484:Drivers/STM32F1xx_HAL_Driver/Src/stm32f1xx_hal_gpio.c ****   assert_param(IS_GPIO_PIN(GPIO_Pin));
 485:Drivers/STM32F1xx_HAL_Driver/Src/stm32f1xx_hal_gpio.c ****   assert_param(IS_GPIO_PIN_ACTION(PinState));
 486:Drivers/STM32F1xx_HAL_Driver/Src/stm32f1xx_hal_gpio.c **** 
 487:Drivers/STM32F1xx_HAL_Driver/Src/stm32f1xx_hal_gpio.c ****   if(PinState != GPIO_PIN_RESET)
 550              		.loc 1 487 0
 551 0000 0AB1     		cbz	r2, .L63
 552              	.LVL52:
 553              	.L65:
 488:Drivers/STM32F1xx_HAL_Driver/Src/stm32f1xx_hal_gpio.c ****   {
 489:Drivers/STM32F1xx_HAL_Driver/Src/stm32f1xx_hal_gpio.c ****     GPIOx->BSRR = GPIO_Pin;
 490:Drivers/STM32F1xx_HAL_Driver/Src/stm32f1xx_hal_gpio.c ****   }
 491:Drivers/STM32F1xx_HAL_Driver/Src/stm32f1xx_hal_gpio.c ****   else
 492:Drivers/STM32F1xx_HAL_Driver/Src/stm32f1xx_hal_gpio.c ****   {
 493:Drivers/STM32F1xx_HAL_Driver/Src/stm32f1xx_hal_gpio.c ****     GPIOx->BSRR = (uint32_t)GPIO_Pin << 16;
 554              		.loc 1 493 0
 555 0002 0161     		str	r1, [r0, #16]
 556 0004 7047     		bx	lr
 557              	.LVL53:
 558              	.L63:
 559 0006 0904     		lsls	r1, r1, #16
 560              	.LVL54:
 561 0008 FBE7     		b	.L65
 562              		.cfi_endproc
 563              	.LFE67:
 565              		.section	.text.HAL_GPIO_TogglePin,"ax",%progbits
 566              		.align	1
 567              		.global	HAL_GPIO_TogglePin
 568              		.syntax unified
 569              		.thumb
 570              		.thumb_func
 571              		.fpu softvfp
 573              	HAL_GPIO_TogglePin:
 574              	.LFB68:
 494:Drivers/STM32F1xx_HAL_Driver/Src/stm32f1xx_hal_gpio.c ****   }
 495:Drivers/STM32F1xx_HAL_Driver/Src/stm32f1xx_hal_gpio.c **** }
 496:Drivers/STM32F1xx_HAL_Driver/Src/stm32f1xx_hal_gpio.c **** 
 497:Drivers/STM32F1xx_HAL_Driver/Src/stm32f1xx_hal_gpio.c **** /**
 498:Drivers/STM32F1xx_HAL_Driver/Src/stm32f1xx_hal_gpio.c ****   * @brief  Toggles the specified GPIO pin
 499:Drivers/STM32F1xx_HAL_Driver/Src/stm32f1xx_hal_gpio.c ****   * @param  GPIOx: where x can be (A..G depending on device used) to select the GPIO peripheral 
 500:Drivers/STM32F1xx_HAL_Driver/Src/stm32f1xx_hal_gpio.c ****   * @param  GPIO_Pin: Specifies the pins to be toggled.
 501:Drivers/STM32F1xx_HAL_Driver/Src/stm32f1xx_hal_gpio.c ****   * @retval None
 502:Drivers/STM32F1xx_HAL_Driver/Src/stm32f1xx_hal_gpio.c ****   */
 503:Drivers/STM32F1xx_HAL_Driver/Src/stm32f1xx_hal_gpio.c **** void HAL_GPIO_TogglePin(GPIO_TypeDef* GPIOx, uint16_t GPIO_Pin)
 504:Drivers/STM32F1xx_HAL_Driver/Src/stm32f1xx_hal_gpio.c **** {
 575              		.loc 1 504 0
 576              		.cfi_startproc
 577              		@ args = 0, pretend = 0, frame = 0
 578              		@ frame_needed = 0, uses_anonymous_args = 0
 579              		@ link register save eliminated.
 580              	.LVL55:
 505:Drivers/STM32F1xx_HAL_Driver/Src/stm32f1xx_hal_gpio.c ****   /* Check the parameters */
 506:Drivers/STM32F1xx_HAL_Driver/Src/stm32f1xx_hal_gpio.c ****   assert_param(IS_GPIO_PIN(GPIO_Pin));
 507:Drivers/STM32F1xx_HAL_Driver/Src/stm32f1xx_hal_gpio.c **** 
 508:Drivers/STM32F1xx_HAL_Driver/Src/stm32f1xx_hal_gpio.c ****   GPIOx->ODR ^= GPIO_Pin;
 581              		.loc 1 508 0
ARM GAS  /tmp/cclzIijR.s 			page 21


 582 0000 C368     		ldr	r3, [r0, #12]
 583 0002 5940     		eors	r1, r1, r3
 584              	.LVL56:
 585 0004 C160     		str	r1, [r0, #12]
 586 0006 7047     		bx	lr
 587              		.cfi_endproc
 588              	.LFE68:
 590              		.section	.text.HAL_GPIO_LockPin,"ax",%progbits
 591              		.align	1
 592              		.global	HAL_GPIO_LockPin
 593              		.syntax unified
 594              		.thumb
 595              		.thumb_func
 596              		.fpu softvfp
 598              	HAL_GPIO_LockPin:
 599              	.LFB69:
 509:Drivers/STM32F1xx_HAL_Driver/Src/stm32f1xx_hal_gpio.c **** }
 510:Drivers/STM32F1xx_HAL_Driver/Src/stm32f1xx_hal_gpio.c **** 
 511:Drivers/STM32F1xx_HAL_Driver/Src/stm32f1xx_hal_gpio.c **** /**
 512:Drivers/STM32F1xx_HAL_Driver/Src/stm32f1xx_hal_gpio.c **** * @brief  Locks GPIO Pins configuration registers.
 513:Drivers/STM32F1xx_HAL_Driver/Src/stm32f1xx_hal_gpio.c **** * @note   The locking mechanism allows the IO configuration to be frozen. When the LOCK sequence
 514:Drivers/STM32F1xx_HAL_Driver/Src/stm32f1xx_hal_gpio.c **** *         has been applied on a port bit, it is no longer possible to modify the value of the port 
 515:Drivers/STM32F1xx_HAL_Driver/Src/stm32f1xx_hal_gpio.c **** *         the next reset.
 516:Drivers/STM32F1xx_HAL_Driver/Src/stm32f1xx_hal_gpio.c **** * @param  GPIOx: where x can be (A..G depending on device used) to select the GPIO peripheral
 517:Drivers/STM32F1xx_HAL_Driver/Src/stm32f1xx_hal_gpio.c **** * @param  GPIO_Pin: specifies the port bit to be locked.
 518:Drivers/STM32F1xx_HAL_Driver/Src/stm32f1xx_hal_gpio.c **** *         This parameter can be any combination of GPIO_Pin_x where x can be (0..15).
 519:Drivers/STM32F1xx_HAL_Driver/Src/stm32f1xx_hal_gpio.c **** * @retval None
 520:Drivers/STM32F1xx_HAL_Driver/Src/stm32f1xx_hal_gpio.c **** */
 521:Drivers/STM32F1xx_HAL_Driver/Src/stm32f1xx_hal_gpio.c **** HAL_StatusTypeDef HAL_GPIO_LockPin(GPIO_TypeDef* GPIOx, uint16_t GPIO_Pin)
 522:Drivers/STM32F1xx_HAL_Driver/Src/stm32f1xx_hal_gpio.c **** {
 600              		.loc 1 522 0
 601              		.cfi_startproc
 602              		@ args = 0, pretend = 0, frame = 8
 603              		@ frame_needed = 0, uses_anonymous_args = 0
 604              		@ link register save eliminated.
 605              	.LVL57:
 523:Drivers/STM32F1xx_HAL_Driver/Src/stm32f1xx_hal_gpio.c ****   __IO uint32_t tmp = GPIO_LCKR_LCKK;
 606              		.loc 1 523 0
 607 0000 4FF48033 		mov	r3, #65536
 522:Drivers/STM32F1xx_HAL_Driver/Src/stm32f1xx_hal_gpio.c ****   __IO uint32_t tmp = GPIO_LCKR_LCKK;
 608              		.loc 1 522 0
 609 0004 82B0     		sub	sp, sp, #8
 610              	.LCFI4:
 611              		.cfi_def_cfa_offset 8
 612              		.loc 1 523 0
 613 0006 0193     		str	r3, [sp, #4]
 524:Drivers/STM32F1xx_HAL_Driver/Src/stm32f1xx_hal_gpio.c **** 
 525:Drivers/STM32F1xx_HAL_Driver/Src/stm32f1xx_hal_gpio.c ****   /* Check the parameters */
 526:Drivers/STM32F1xx_HAL_Driver/Src/stm32f1xx_hal_gpio.c ****   assert_param(IS_GPIO_LOCK_INSTANCE(GPIOx));
 527:Drivers/STM32F1xx_HAL_Driver/Src/stm32f1xx_hal_gpio.c ****   assert_param(IS_GPIO_PIN(GPIO_Pin));
 528:Drivers/STM32F1xx_HAL_Driver/Src/stm32f1xx_hal_gpio.c **** 
 529:Drivers/STM32F1xx_HAL_Driver/Src/stm32f1xx_hal_gpio.c ****   /* Apply lock key write sequence */
 530:Drivers/STM32F1xx_HAL_Driver/Src/stm32f1xx_hal_gpio.c ****   SET_BIT(tmp, GPIO_Pin);
 614              		.loc 1 530 0
 615 0008 019B     		ldr	r3, [sp, #4]
 616 000a 0B43     		orrs	r3, r3, r1
 617 000c 0193     		str	r3, [sp, #4]
ARM GAS  /tmp/cclzIijR.s 			page 22


 531:Drivers/STM32F1xx_HAL_Driver/Src/stm32f1xx_hal_gpio.c ****   /* Set LCKx bit(s): LCKK='1' + LCK[15-0] */
 532:Drivers/STM32F1xx_HAL_Driver/Src/stm32f1xx_hal_gpio.c ****   GPIOx->LCKR = tmp;
 618              		.loc 1 532 0
 619 000e 019B     		ldr	r3, [sp, #4]
 620 0010 8361     		str	r3, [r0, #24]
 533:Drivers/STM32F1xx_HAL_Driver/Src/stm32f1xx_hal_gpio.c ****   /* Reset LCKx bit(s): LCKK='0' + LCK[15-0] */
 534:Drivers/STM32F1xx_HAL_Driver/Src/stm32f1xx_hal_gpio.c ****   GPIOx->LCKR = GPIO_Pin;
 621              		.loc 1 534 0
 622 0012 8161     		str	r1, [r0, #24]
 535:Drivers/STM32F1xx_HAL_Driver/Src/stm32f1xx_hal_gpio.c ****   /* Set LCKx bit(s): LCKK='1' + LCK[15-0] */
 536:Drivers/STM32F1xx_HAL_Driver/Src/stm32f1xx_hal_gpio.c ****   GPIOx->LCKR = tmp;
 623              		.loc 1 536 0
 624 0014 019B     		ldr	r3, [sp, #4]
 625 0016 8361     		str	r3, [r0, #24]
 537:Drivers/STM32F1xx_HAL_Driver/Src/stm32f1xx_hal_gpio.c ****   /* Read LCKK bit*/
 538:Drivers/STM32F1xx_HAL_Driver/Src/stm32f1xx_hal_gpio.c ****   tmp = GPIOx->LCKR;
 626              		.loc 1 538 0
 627 0018 8369     		ldr	r3, [r0, #24]
 628 001a 0193     		str	r3, [sp, #4]
 539:Drivers/STM32F1xx_HAL_Driver/Src/stm32f1xx_hal_gpio.c **** 
 540:Drivers/STM32F1xx_HAL_Driver/Src/stm32f1xx_hal_gpio.c ****   if((uint32_t)(GPIOx->LCKR & GPIO_LCKR_LCKK))
 629              		.loc 1 540 0
 630 001c 8069     		ldr	r0, [r0, #24]
 631              	.LVL58:
 632 001e 80F48030 		eor	r0, r0, #65536
 541:Drivers/STM32F1xx_HAL_Driver/Src/stm32f1xx_hal_gpio.c ****   {
 542:Drivers/STM32F1xx_HAL_Driver/Src/stm32f1xx_hal_gpio.c ****     return HAL_OK;
 543:Drivers/STM32F1xx_HAL_Driver/Src/stm32f1xx_hal_gpio.c ****   }
 544:Drivers/STM32F1xx_HAL_Driver/Src/stm32f1xx_hal_gpio.c ****   else
 545:Drivers/STM32F1xx_HAL_Driver/Src/stm32f1xx_hal_gpio.c ****   {
 546:Drivers/STM32F1xx_HAL_Driver/Src/stm32f1xx_hal_gpio.c ****     return HAL_ERROR;
 547:Drivers/STM32F1xx_HAL_Driver/Src/stm32f1xx_hal_gpio.c ****   }
 548:Drivers/STM32F1xx_HAL_Driver/Src/stm32f1xx_hal_gpio.c **** }
 633              		.loc 1 548 0
 634 0022 C0F30040 		ubfx	r0, r0, #16, #1
 635 0026 02B0     		add	sp, sp, #8
 636              	.LCFI5:
 637              		.cfi_def_cfa_offset 0
 638              		@ sp needed
 639 0028 7047     		bx	lr
 640              		.cfi_endproc
 641              	.LFE69:
 643              		.section	.text.HAL_GPIO_EXTI_Callback,"ax",%progbits
 644              		.align	1
 645              		.weak	HAL_GPIO_EXTI_Callback
 646              		.syntax unified
 647              		.thumb
 648              		.thumb_func
 649              		.fpu softvfp
 651              	HAL_GPIO_EXTI_Callback:
 652              	.LFB71:
 549:Drivers/STM32F1xx_HAL_Driver/Src/stm32f1xx_hal_gpio.c **** 
 550:Drivers/STM32F1xx_HAL_Driver/Src/stm32f1xx_hal_gpio.c **** /**
 551:Drivers/STM32F1xx_HAL_Driver/Src/stm32f1xx_hal_gpio.c ****   * @brief This function handles EXTI interrupt request.
 552:Drivers/STM32F1xx_HAL_Driver/Src/stm32f1xx_hal_gpio.c ****   * @param GPIO_Pin: Specifies the pins connected EXTI line
 553:Drivers/STM32F1xx_HAL_Driver/Src/stm32f1xx_hal_gpio.c ****   * @retval None
 554:Drivers/STM32F1xx_HAL_Driver/Src/stm32f1xx_hal_gpio.c ****   */
ARM GAS  /tmp/cclzIijR.s 			page 23


 555:Drivers/STM32F1xx_HAL_Driver/Src/stm32f1xx_hal_gpio.c **** void HAL_GPIO_EXTI_IRQHandler(uint16_t GPIO_Pin)
 556:Drivers/STM32F1xx_HAL_Driver/Src/stm32f1xx_hal_gpio.c **** {
 557:Drivers/STM32F1xx_HAL_Driver/Src/stm32f1xx_hal_gpio.c ****   /* EXTI line interrupt detected */
 558:Drivers/STM32F1xx_HAL_Driver/Src/stm32f1xx_hal_gpio.c ****   if(__HAL_GPIO_EXTI_GET_IT(GPIO_Pin) != RESET) 
 559:Drivers/STM32F1xx_HAL_Driver/Src/stm32f1xx_hal_gpio.c ****   { 
 560:Drivers/STM32F1xx_HAL_Driver/Src/stm32f1xx_hal_gpio.c ****     __HAL_GPIO_EXTI_CLEAR_IT(GPIO_Pin);
 561:Drivers/STM32F1xx_HAL_Driver/Src/stm32f1xx_hal_gpio.c ****     HAL_GPIO_EXTI_Callback(GPIO_Pin);
 562:Drivers/STM32F1xx_HAL_Driver/Src/stm32f1xx_hal_gpio.c ****   }
 563:Drivers/STM32F1xx_HAL_Driver/Src/stm32f1xx_hal_gpio.c **** }
 564:Drivers/STM32F1xx_HAL_Driver/Src/stm32f1xx_hal_gpio.c **** 
 565:Drivers/STM32F1xx_HAL_Driver/Src/stm32f1xx_hal_gpio.c **** /**
 566:Drivers/STM32F1xx_HAL_Driver/Src/stm32f1xx_hal_gpio.c ****   * @brief  EXTI line detection callback
 567:Drivers/STM32F1xx_HAL_Driver/Src/stm32f1xx_hal_gpio.c ****   * @param GPIO_Pin: Specifies the pins connected EXTI line
 568:Drivers/STM32F1xx_HAL_Driver/Src/stm32f1xx_hal_gpio.c ****   * @retval None
 569:Drivers/STM32F1xx_HAL_Driver/Src/stm32f1xx_hal_gpio.c ****   */
 570:Drivers/STM32F1xx_HAL_Driver/Src/stm32f1xx_hal_gpio.c **** __weak void HAL_GPIO_EXTI_Callback(uint16_t GPIO_Pin)
 571:Drivers/STM32F1xx_HAL_Driver/Src/stm32f1xx_hal_gpio.c **** {
 653              		.loc 1 571 0
 654              		.cfi_startproc
 655              		@ args = 0, pretend = 0, frame = 0
 656              		@ frame_needed = 0, uses_anonymous_args = 0
 657              		@ link register save eliminated.
 658              	.LVL59:
 659 0000 7047     		bx	lr
 660              		.cfi_endproc
 661              	.LFE71:
 663              		.section	.text.HAL_GPIO_EXTI_IRQHandler,"ax",%progbits
 664              		.align	1
 665              		.global	HAL_GPIO_EXTI_IRQHandler
 666              		.syntax unified
 667              		.thumb
 668              		.thumb_func
 669              		.fpu softvfp
 671              	HAL_GPIO_EXTI_IRQHandler:
 672              	.LFB70:
 556:Drivers/STM32F1xx_HAL_Driver/Src/stm32f1xx_hal_gpio.c ****   /* EXTI line interrupt detected */
 673              		.loc 1 556 0
 674              		.cfi_startproc
 675              		@ args = 0, pretend = 0, frame = 0
 676              		@ frame_needed = 0, uses_anonymous_args = 0
 677              	.LVL60:
 556:Drivers/STM32F1xx_HAL_Driver/Src/stm32f1xx_hal_gpio.c ****   /* EXTI line interrupt detected */
 678              		.loc 1 556 0
 679 0000 08B5     		push	{r3, lr}
 680              	.LCFI6:
 681              		.cfi_def_cfa_offset 8
 682              		.cfi_offset 3, -8
 683              		.cfi_offset 14, -4
 558:Drivers/STM32F1xx_HAL_Driver/Src/stm32f1xx_hal_gpio.c ****   { 
 684              		.loc 1 558 0
 685 0002 044B     		ldr	r3, .L74
 686 0004 5969     		ldr	r1, [r3, #20]
 687 0006 0142     		tst	r1, r0
 688 0008 02D0     		beq	.L69
 560:Drivers/STM32F1xx_HAL_Driver/Src/stm32f1xx_hal_gpio.c ****     HAL_GPIO_EXTI_Callback(GPIO_Pin);
 689              		.loc 1 560 0
 690 000a 5861     		str	r0, [r3, #20]
ARM GAS  /tmp/cclzIijR.s 			page 24


 561:Drivers/STM32F1xx_HAL_Driver/Src/stm32f1xx_hal_gpio.c ****   }
 691              		.loc 1 561 0
 692 000c FFF7FEFF 		bl	HAL_GPIO_EXTI_Callback
 693              	.LVL61:
 694              	.L69:
 695 0010 08BD     		pop	{r3, pc}
 696              	.L75:
 697 0012 00BF     		.align	2
 698              	.L74:
 699 0014 00040140 		.word	1073808384
 700              		.cfi_endproc
 701              	.LFE70:
 703              		.text
 704              	.Letext0:
 705              		.file 2 "/opt/gcc-arm-none-eabi-6-2017-q1-update/arm-none-eabi/include/machine/_default_types.h"
 706              		.file 3 "/opt/gcc-arm-none-eabi-6-2017-q1-update/arm-none-eabi/include/sys/_stdint.h"
 707              		.file 4 "Drivers/CMSIS/Include/core_cm3.h"
 708              		.file 5 "Drivers/CMSIS/Device/ST/STM32F1xx/Include/system_stm32f1xx.h"
 709              		.file 6 "Drivers/CMSIS/Device/ST/STM32F1xx/Include/stm32f103xb.h"
 710              		.file 7 "/opt/gcc-arm-none-eabi-6-2017-q1-update/arm-none-eabi/include/sys/lock.h"
 711              		.file 8 "/opt/gcc-arm-none-eabi-6-2017-q1-update/arm-none-eabi/include/sys/_types.h"
 712              		.file 9 "/opt/gcc-arm-none-eabi-6-2017-q1-update/lib/gcc/arm-none-eabi/6.3.1/include/stddef.h"
 713              		.file 10 "/opt/gcc-arm-none-eabi-6-2017-q1-update/arm-none-eabi/include/sys/reent.h"
 714              		.file 11 "Drivers/CMSIS/Device/ST/STM32F1xx/Include/stm32f1xx.h"
 715              		.file 12 "Drivers/STM32F1xx_HAL_Driver/Inc/stm32f1xx_hal_def.h"
 716              		.file 13 "Drivers/STM32F1xx_HAL_Driver/Inc/stm32f1xx_hal_gpio.h"
ARM GAS  /tmp/cclzIijR.s 			page 25


DEFINED SYMBOLS
                            *ABS*:0000000000000000 stm32f1xx_hal_gpio.c
     /tmp/cclzIijR.s:16     .text.HAL_GPIO_Init:0000000000000000 $t
     /tmp/cclzIijR.s:23     .text.HAL_GPIO_Init:0000000000000000 HAL_GPIO_Init
     /tmp/cclzIijR.s:324    .text.HAL_GPIO_Init:00000000000001a0 $d
     /tmp/cclzIijR.s:336    .text.HAL_GPIO_DeInit:0000000000000000 $t
     /tmp/cclzIijR.s:343    .text.HAL_GPIO_DeInit:0000000000000000 HAL_GPIO_DeInit
     /tmp/cclzIijR.s:499    .text.HAL_GPIO_DeInit:00000000000000d4 $d
     /tmp/cclzIijR.s:506    .text.HAL_GPIO_ReadPin:0000000000000000 $t
     /tmp/cclzIijR.s:513    .text.HAL_GPIO_ReadPin:0000000000000000 HAL_GPIO_ReadPin
     /tmp/cclzIijR.s:535    .text.HAL_GPIO_WritePin:0000000000000000 $t
     /tmp/cclzIijR.s:542    .text.HAL_GPIO_WritePin:0000000000000000 HAL_GPIO_WritePin
     /tmp/cclzIijR.s:566    .text.HAL_GPIO_TogglePin:0000000000000000 $t
     /tmp/cclzIijR.s:573    .text.HAL_GPIO_TogglePin:0000000000000000 HAL_GPIO_TogglePin
     /tmp/cclzIijR.s:591    .text.HAL_GPIO_LockPin:0000000000000000 $t
     /tmp/cclzIijR.s:598    .text.HAL_GPIO_LockPin:0000000000000000 HAL_GPIO_LockPin
     /tmp/cclzIijR.s:644    .text.HAL_GPIO_EXTI_Callback:0000000000000000 $t
     /tmp/cclzIijR.s:651    .text.HAL_GPIO_EXTI_Callback:0000000000000000 HAL_GPIO_EXTI_Callback
     /tmp/cclzIijR.s:664    .text.HAL_GPIO_EXTI_IRQHandler:0000000000000000 $t
     /tmp/cclzIijR.s:671    .text.HAL_GPIO_EXTI_IRQHandler:0000000000000000 HAL_GPIO_EXTI_IRQHandler
     /tmp/cclzIijR.s:699    .text.HAL_GPIO_EXTI_IRQHandler:0000000000000014 $d
                     .debug_frame:0000000000000010 $d

NO UNDEFINED SYMBOLS
