ARM GAS  /tmp/cczyif1Z.s 			page 1


   1              		.cpu cortex-m3
   2              		.eabi_attribute 20, 1
   3              		.eabi_attribute 21, 1
   4              		.eabi_attribute 23, 3
   5              		.eabi_attribute 24, 1
   6              		.eabi_attribute 25, 1
   7              		.eabi_attribute 26, 1
   8              		.eabi_attribute 30, 4
   9              		.eabi_attribute 34, 1
  10              		.eabi_attribute 18, 4
  11              		.file	"stm32f1xx_it.c"
  12              		.text
  13              	.Ltext0:
  14              		.cfi_sections	.debug_frame
  15              		.section	.text.NMI_Handler,"ax",%progbits
  16              		.align	1
  17              		.global	NMI_Handler
  18              		.syntax unified
  19              		.thumb
  20              		.thumb_func
  21              		.fpu softvfp
  23              	NMI_Handler:
  24              	.LFB75:
  25              		.cfi_startproc
  26              		@ args = 0, pretend = 0, frame = 0
  27              		@ frame_needed = 0, uses_anonymous_args = 0
  28              		@ link register save eliminated.
  29 0000 7047     		bx	lr
  30              		.cfi_endproc
  31              	.LFE75:
  33              		.section	.text.HardFault_Handler,"ax",%progbits
  34              		.align	1
  35              		.global	HardFault_Handler
  36              		.syntax unified
  37              		.thumb
  38              		.thumb_func
  39              		.fpu softvfp
  41              	HardFault_Handler:
  42              	.LFB66:
  43              		.file 1 "Src/stm32f1xx_it.c"
   1:Src/stm32f1xx_it.c **** /**
   2:Src/stm32f1xx_it.c ****   ******************************************************************************
   3:Src/stm32f1xx_it.c ****   * @file    stm32f1xx_it.c
   4:Src/stm32f1xx_it.c ****   * @brief   Interrupt Service Routines.
   5:Src/stm32f1xx_it.c ****   ******************************************************************************
   6:Src/stm32f1xx_it.c ****   *
   7:Src/stm32f1xx_it.c ****   * COPYRIGHT(c) 2017 STMicroelectronics
   8:Src/stm32f1xx_it.c ****   *
   9:Src/stm32f1xx_it.c ****   * Redistribution and use in source and binary forms, with or without modification,
  10:Src/stm32f1xx_it.c ****   * are permitted provided that the following conditions are met:
  11:Src/stm32f1xx_it.c ****   *   1. Redistributions of source code must retain the above copyright notice,
  12:Src/stm32f1xx_it.c ****   *      this list of conditions and the following disclaimer.
  13:Src/stm32f1xx_it.c ****   *   2. Redistributions in binary form must reproduce the above copyright notice,
  14:Src/stm32f1xx_it.c ****   *      this list of conditions and the following disclaimer in the documentation
  15:Src/stm32f1xx_it.c ****   *      and/or other materials provided with the distribution.
  16:Src/stm32f1xx_it.c ****   *   3. Neither the name of STMicroelectronics nor the names of its contributors
  17:Src/stm32f1xx_it.c ****   *      may be used to endorse or promote products derived from this software
ARM GAS  /tmp/cczyif1Z.s 			page 2


  18:Src/stm32f1xx_it.c ****   *      without specific prior written permission.
  19:Src/stm32f1xx_it.c ****   *
  20:Src/stm32f1xx_it.c ****   * THIS SOFTWARE IS PROVIDED BY THE COPYRIGHT HOLDERS AND CONTRIBUTORS "AS IS"
  21:Src/stm32f1xx_it.c ****   * AND ANY EXPRESS OR IMPLIED WARRANTIES, INCLUDING, BUT NOT LIMITED TO, THE
  22:Src/stm32f1xx_it.c ****   * IMPLIED WARRANTIES OF MERCHANTABILITY AND FITNESS FOR A PARTICULAR PURPOSE ARE
  23:Src/stm32f1xx_it.c ****   * DISCLAIMED. IN NO EVENT SHALL THE COPYRIGHT HOLDER OR CONTRIBUTORS BE LIABLE
  24:Src/stm32f1xx_it.c ****   * FOR ANY DIRECT, INDIRECT, INCIDENTAL, SPECIAL, EXEMPLARY, OR CONSEQUENTIAL
  25:Src/stm32f1xx_it.c ****   * DAMAGES (INCLUDING, BUT NOT LIMITED TO, PROCUREMENT OF SUBSTITUTE GOODS OR
  26:Src/stm32f1xx_it.c ****   * SERVICES; LOSS OF USE, DATA, OR PROFITS; OR BUSINESS INTERRUPTION) HOWEVER
  27:Src/stm32f1xx_it.c ****   * CAUSED AND ON ANY THEORY OF LIABILITY, WHETHER IN CONTRACT, STRICT LIABILITY,
  28:Src/stm32f1xx_it.c ****   * OR TORT (INCLUDING NEGLIGENCE OR OTHERWISE) ARISING IN ANY WAY OUT OF THE USE
  29:Src/stm32f1xx_it.c ****   * OF THIS SOFTWARE, EVEN IF ADVISED OF THE POSSIBILITY OF SUCH DAMAGE.
  30:Src/stm32f1xx_it.c ****   *
  31:Src/stm32f1xx_it.c ****   ******************************************************************************
  32:Src/stm32f1xx_it.c ****   */
  33:Src/stm32f1xx_it.c **** /* Includes ------------------------------------------------------------------*/
  34:Src/stm32f1xx_it.c **** #include "stm32f1xx_hal.h"
  35:Src/stm32f1xx_it.c **** #include "stm32f1xx.h"
  36:Src/stm32f1xx_it.c **** #include "stm32f1xx_it.h"
  37:Src/stm32f1xx_it.c **** #include "cmsis_os.h"
  38:Src/stm32f1xx_it.c **** 
  39:Src/stm32f1xx_it.c **** /* USER CODE BEGIN 0 */
  40:Src/stm32f1xx_it.c **** 
  41:Src/stm32f1xx_it.c **** /* USER CODE END 0 */
  42:Src/stm32f1xx_it.c **** 
  43:Src/stm32f1xx_it.c **** /* External variables --------------------------------------------------------*/
  44:Src/stm32f1xx_it.c **** extern PCD_HandleTypeDef hpcd_USB_FS;
  45:Src/stm32f1xx_it.c **** 
  46:Src/stm32f1xx_it.c **** extern TIM_HandleTypeDef htim1;
  47:Src/stm32f1xx_it.c **** 
  48:Src/stm32f1xx_it.c **** /******************************************************************************/
  49:Src/stm32f1xx_it.c **** /*            Cortex-M3 Processor Interruption and Exception Handlers         */ 
  50:Src/stm32f1xx_it.c **** /******************************************************************************/
  51:Src/stm32f1xx_it.c **** 
  52:Src/stm32f1xx_it.c **** /**
  53:Src/stm32f1xx_it.c **** * @brief This function handles Non maskable interrupt.
  54:Src/stm32f1xx_it.c **** */
  55:Src/stm32f1xx_it.c **** void NMI_Handler(void)
  56:Src/stm32f1xx_it.c **** {
  57:Src/stm32f1xx_it.c ****   /* USER CODE BEGIN NonMaskableInt_IRQn 0 */
  58:Src/stm32f1xx_it.c **** 
  59:Src/stm32f1xx_it.c ****   /* USER CODE END NonMaskableInt_IRQn 0 */
  60:Src/stm32f1xx_it.c ****   /* USER CODE BEGIN NonMaskableInt_IRQn 1 */
  61:Src/stm32f1xx_it.c **** 
  62:Src/stm32f1xx_it.c ****   /* USER CODE END NonMaskableInt_IRQn 1 */
  63:Src/stm32f1xx_it.c **** }
  64:Src/stm32f1xx_it.c **** 
  65:Src/stm32f1xx_it.c **** /**
  66:Src/stm32f1xx_it.c **** * @brief This function handles Hard fault interrupt.
  67:Src/stm32f1xx_it.c **** */
  68:Src/stm32f1xx_it.c **** void HardFault_Handler(void)
  69:Src/stm32f1xx_it.c **** {
  44              		.loc 1 69 0
  45              		.cfi_startproc
  46              		@ Volatile: function does not return.
  47              		@ args = 0, pretend = 0, frame = 0
  48              		@ frame_needed = 0, uses_anonymous_args = 0
ARM GAS  /tmp/cczyif1Z.s 			page 3


  49              		@ link register save eliminated.
  50              	.L3:
  51 0000 FEE7     		b	.L3
  52              		.cfi_endproc
  53              	.LFE66:
  55              		.section	.text.MemManage_Handler,"ax",%progbits
  56              		.align	1
  57              		.global	MemManage_Handler
  58              		.syntax unified
  59              		.thumb
  60              		.thumb_func
  61              		.fpu softvfp
  63              	MemManage_Handler:
  64              	.LFB67:
  70:Src/stm32f1xx_it.c ****   /* USER CODE BEGIN HardFault_IRQn 0 */
  71:Src/stm32f1xx_it.c **** 
  72:Src/stm32f1xx_it.c ****   /* USER CODE END HardFault_IRQn 0 */
  73:Src/stm32f1xx_it.c ****   while (1)
  74:Src/stm32f1xx_it.c ****   {
  75:Src/stm32f1xx_it.c ****   }
  76:Src/stm32f1xx_it.c ****   /* USER CODE BEGIN HardFault_IRQn 1 */
  77:Src/stm32f1xx_it.c **** 
  78:Src/stm32f1xx_it.c ****   /* USER CODE END HardFault_IRQn 1 */
  79:Src/stm32f1xx_it.c **** }
  80:Src/stm32f1xx_it.c **** 
  81:Src/stm32f1xx_it.c **** /**
  82:Src/stm32f1xx_it.c **** * @brief This function handles Memory management fault.
  83:Src/stm32f1xx_it.c **** */
  84:Src/stm32f1xx_it.c **** void MemManage_Handler(void)
  85:Src/stm32f1xx_it.c **** {
  65              		.loc 1 85 0
  66              		.cfi_startproc
  67              		@ Volatile: function does not return.
  68              		@ args = 0, pretend = 0, frame = 0
  69              		@ frame_needed = 0, uses_anonymous_args = 0
  70              		@ link register save eliminated.
  71              	.L5:
  72 0000 FEE7     		b	.L5
  73              		.cfi_endproc
  74              	.LFE67:
  76              		.section	.text.BusFault_Handler,"ax",%progbits
  77              		.align	1
  78              		.global	BusFault_Handler
  79              		.syntax unified
  80              		.thumb
  81              		.thumb_func
  82              		.fpu softvfp
  84              	BusFault_Handler:
  85              	.LFB68:
  86:Src/stm32f1xx_it.c ****   /* USER CODE BEGIN MemoryManagement_IRQn 0 */
  87:Src/stm32f1xx_it.c **** 
  88:Src/stm32f1xx_it.c ****   /* USER CODE END MemoryManagement_IRQn 0 */
  89:Src/stm32f1xx_it.c ****   while (1)
  90:Src/stm32f1xx_it.c ****   {
  91:Src/stm32f1xx_it.c ****   }
  92:Src/stm32f1xx_it.c ****   /* USER CODE BEGIN MemoryManagement_IRQn 1 */
  93:Src/stm32f1xx_it.c **** 
ARM GAS  /tmp/cczyif1Z.s 			page 4


  94:Src/stm32f1xx_it.c ****   /* USER CODE END MemoryManagement_IRQn 1 */
  95:Src/stm32f1xx_it.c **** }
  96:Src/stm32f1xx_it.c **** 
  97:Src/stm32f1xx_it.c **** /**
  98:Src/stm32f1xx_it.c **** * @brief This function handles Prefetch fault, memory access fault.
  99:Src/stm32f1xx_it.c **** */
 100:Src/stm32f1xx_it.c **** void BusFault_Handler(void)
 101:Src/stm32f1xx_it.c **** {
  86              		.loc 1 101 0
  87              		.cfi_startproc
  88              		@ Volatile: function does not return.
  89              		@ args = 0, pretend = 0, frame = 0
  90              		@ frame_needed = 0, uses_anonymous_args = 0
  91              		@ link register save eliminated.
  92              	.L7:
  93 0000 FEE7     		b	.L7
  94              		.cfi_endproc
  95              	.LFE68:
  97              		.section	.text.UsageFault_Handler,"ax",%progbits
  98              		.align	1
  99              		.global	UsageFault_Handler
 100              		.syntax unified
 101              		.thumb
 102              		.thumb_func
 103              		.fpu softvfp
 105              	UsageFault_Handler:
 106              	.LFB69:
 102:Src/stm32f1xx_it.c ****   /* USER CODE BEGIN BusFault_IRQn 0 */
 103:Src/stm32f1xx_it.c **** 
 104:Src/stm32f1xx_it.c ****   /* USER CODE END BusFault_IRQn 0 */
 105:Src/stm32f1xx_it.c ****   while (1)
 106:Src/stm32f1xx_it.c ****   {
 107:Src/stm32f1xx_it.c ****   }
 108:Src/stm32f1xx_it.c ****   /* USER CODE BEGIN BusFault_IRQn 1 */
 109:Src/stm32f1xx_it.c **** 
 110:Src/stm32f1xx_it.c ****   /* USER CODE END BusFault_IRQn 1 */
 111:Src/stm32f1xx_it.c **** }
 112:Src/stm32f1xx_it.c **** 
 113:Src/stm32f1xx_it.c **** /**
 114:Src/stm32f1xx_it.c **** * @brief This function handles Undefined instruction or illegal state.
 115:Src/stm32f1xx_it.c **** */
 116:Src/stm32f1xx_it.c **** void UsageFault_Handler(void)
 117:Src/stm32f1xx_it.c **** {
 107              		.loc 1 117 0
 108              		.cfi_startproc
 109              		@ Volatile: function does not return.
 110              		@ args = 0, pretend = 0, frame = 0
 111              		@ frame_needed = 0, uses_anonymous_args = 0
 112              		@ link register save eliminated.
 113              	.L9:
 114 0000 FEE7     		b	.L9
 115              		.cfi_endproc
 116              	.LFE69:
 118              		.section	.text.DebugMon_Handler,"ax",%progbits
 119              		.align	1
 120              		.global	DebugMon_Handler
 121              		.syntax unified
ARM GAS  /tmp/cczyif1Z.s 			page 5


 122              		.thumb
 123              		.thumb_func
 124              		.fpu softvfp
 126              	DebugMon_Handler:
 127              	.LFB70:
 118:Src/stm32f1xx_it.c ****   /* USER CODE BEGIN UsageFault_IRQn 0 */
 119:Src/stm32f1xx_it.c **** 
 120:Src/stm32f1xx_it.c ****   /* USER CODE END UsageFault_IRQn 0 */
 121:Src/stm32f1xx_it.c ****   while (1)
 122:Src/stm32f1xx_it.c ****   {
 123:Src/stm32f1xx_it.c ****   }
 124:Src/stm32f1xx_it.c ****   /* USER CODE BEGIN UsageFault_IRQn 1 */
 125:Src/stm32f1xx_it.c **** 
 126:Src/stm32f1xx_it.c ****   /* USER CODE END UsageFault_IRQn 1 */
 127:Src/stm32f1xx_it.c **** }
 128:Src/stm32f1xx_it.c **** 
 129:Src/stm32f1xx_it.c **** /**
 130:Src/stm32f1xx_it.c **** * @brief This function handles Debug monitor.
 131:Src/stm32f1xx_it.c **** */
 132:Src/stm32f1xx_it.c **** void DebugMon_Handler(void)
 133:Src/stm32f1xx_it.c **** {
 128              		.loc 1 133 0
 129              		.cfi_startproc
 130              		@ args = 0, pretend = 0, frame = 0
 131              		@ frame_needed = 0, uses_anonymous_args = 0
 132              		@ link register save eliminated.
 133 0000 7047     		bx	lr
 134              		.cfi_endproc
 135              	.LFE70:
 137              		.section	.text.SysTick_Handler,"ax",%progbits
 138              		.align	1
 139              		.global	SysTick_Handler
 140              		.syntax unified
 141              		.thumb
 142              		.thumb_func
 143              		.fpu softvfp
 145              	SysTick_Handler:
 146              	.LFB71:
 134:Src/stm32f1xx_it.c ****   /* USER CODE BEGIN DebugMonitor_IRQn 0 */
 135:Src/stm32f1xx_it.c **** 
 136:Src/stm32f1xx_it.c ****   /* USER CODE END DebugMonitor_IRQn 0 */
 137:Src/stm32f1xx_it.c ****   /* USER CODE BEGIN DebugMonitor_IRQn 1 */
 138:Src/stm32f1xx_it.c **** 
 139:Src/stm32f1xx_it.c ****   /* USER CODE END DebugMonitor_IRQn 1 */
 140:Src/stm32f1xx_it.c **** }
 141:Src/stm32f1xx_it.c **** 
 142:Src/stm32f1xx_it.c **** /**
 143:Src/stm32f1xx_it.c **** * @brief This function handles System tick timer.
 144:Src/stm32f1xx_it.c **** */
 145:Src/stm32f1xx_it.c **** void SysTick_Handler(void)
 146:Src/stm32f1xx_it.c **** {
 147              		.loc 1 146 0
 148              		.cfi_startproc
 149              		@ args = 0, pretend = 0, frame = 0
 150              		@ frame_needed = 0, uses_anonymous_args = 0
 151              		@ link register save eliminated.
 147:Src/stm32f1xx_it.c ****   /* USER CODE BEGIN SysTick_IRQn 0 */
ARM GAS  /tmp/cczyif1Z.s 			page 6


 148:Src/stm32f1xx_it.c **** 
 149:Src/stm32f1xx_it.c ****   /* USER CODE END SysTick_IRQn 0 */
 150:Src/stm32f1xx_it.c ****   osSystickHandler();
 152              		.loc 1 150 0
 153 0000 FFF7FEBF 		b	osSystickHandler
 154              	.LVL0:
 155              		.cfi_endproc
 156              	.LFE71:
 158              		.section	.text.USB_LP_CAN1_RX0_IRQHandler,"ax",%progbits
 159              		.align	1
 160              		.global	USB_LP_CAN1_RX0_IRQHandler
 161              		.syntax unified
 162              		.thumb
 163              		.thumb_func
 164              		.fpu softvfp
 166              	USB_LP_CAN1_RX0_IRQHandler:
 167              	.LFB72:
 151:Src/stm32f1xx_it.c ****   /* USER CODE BEGIN SysTick_IRQn 1 */
 152:Src/stm32f1xx_it.c **** 
 153:Src/stm32f1xx_it.c ****   /* USER CODE END SysTick_IRQn 1 */
 154:Src/stm32f1xx_it.c **** }
 155:Src/stm32f1xx_it.c **** 
 156:Src/stm32f1xx_it.c **** /******************************************************************************/
 157:Src/stm32f1xx_it.c **** /* STM32F1xx Peripheral Interrupt Handlers                                    */
 158:Src/stm32f1xx_it.c **** /* Add here the Interrupt Handlers for the used peripherals.                  */
 159:Src/stm32f1xx_it.c **** /* For the available peripheral interrupt handler names,                      */
 160:Src/stm32f1xx_it.c **** /* please refer to the startup file (startup_stm32f1xx.s).                    */
 161:Src/stm32f1xx_it.c **** /******************************************************************************/
 162:Src/stm32f1xx_it.c **** 
 163:Src/stm32f1xx_it.c **** /**
 164:Src/stm32f1xx_it.c **** * @brief This function handles USB low priority or CAN RX0 interrupts.
 165:Src/stm32f1xx_it.c **** */
 166:Src/stm32f1xx_it.c **** void USB_LP_CAN1_RX0_IRQHandler(void)
 167:Src/stm32f1xx_it.c **** {
 168              		.loc 1 167 0
 169              		.cfi_startproc
 170              		@ args = 0, pretend = 0, frame = 0
 171              		@ frame_needed = 0, uses_anonymous_args = 0
 172              		@ link register save eliminated.
 168:Src/stm32f1xx_it.c ****   /* USER CODE BEGIN USB_LP_CAN1_RX0_IRQn 0 */
 169:Src/stm32f1xx_it.c **** 
 170:Src/stm32f1xx_it.c ****   /* USER CODE END USB_LP_CAN1_RX0_IRQn 0 */
 171:Src/stm32f1xx_it.c ****   HAL_PCD_IRQHandler(&hpcd_USB_FS);
 173              		.loc 1 171 0
 174 0000 0148     		ldr	r0, .L13
 175 0002 FFF7FEBF 		b	HAL_PCD_IRQHandler
 176              	.LVL1:
 177              	.L14:
 178 0006 00BF     		.align	2
 179              	.L13:
 180 0008 00000000 		.word	hpcd_USB_FS
 181              		.cfi_endproc
 182              	.LFE72:
 184              		.section	.text.TIM1_UP_IRQHandler,"ax",%progbits
 185              		.align	1
 186              		.global	TIM1_UP_IRQHandler
 187              		.syntax unified
ARM GAS  /tmp/cczyif1Z.s 			page 7


 188              		.thumb
 189              		.thumb_func
 190              		.fpu softvfp
 192              	TIM1_UP_IRQHandler:
 193              	.LFB73:
 172:Src/stm32f1xx_it.c ****   /* USER CODE BEGIN USB_LP_CAN1_RX0_IRQn 1 */
 173:Src/stm32f1xx_it.c **** 
 174:Src/stm32f1xx_it.c ****   /* USER CODE END USB_LP_CAN1_RX0_IRQn 1 */
 175:Src/stm32f1xx_it.c **** }
 176:Src/stm32f1xx_it.c **** 
 177:Src/stm32f1xx_it.c **** /**
 178:Src/stm32f1xx_it.c **** * @brief This function handles TIM1 update interrupt.
 179:Src/stm32f1xx_it.c **** */
 180:Src/stm32f1xx_it.c **** void TIM1_UP_IRQHandler(void)
 181:Src/stm32f1xx_it.c **** {
 194              		.loc 1 181 0
 195              		.cfi_startproc
 196              		@ args = 0, pretend = 0, frame = 0
 197              		@ frame_needed = 0, uses_anonymous_args = 0
 198              		@ link register save eliminated.
 182:Src/stm32f1xx_it.c ****   /* USER CODE BEGIN TIM1_UP_IRQn 0 */
 183:Src/stm32f1xx_it.c **** 
 184:Src/stm32f1xx_it.c ****   /* USER CODE END TIM1_UP_IRQn 0 */
 185:Src/stm32f1xx_it.c ****   HAL_TIM_IRQHandler(&htim1);
 199              		.loc 1 185 0
 200 0000 0148     		ldr	r0, .L16
 201 0002 FFF7FEBF 		b	HAL_TIM_IRQHandler
 202              	.LVL2:
 203              	.L17:
 204 0006 00BF     		.align	2
 205              	.L16:
 206 0008 00000000 		.word	htim1
 207              		.cfi_endproc
 208              	.LFE73:
 210              		.text
 211              	.Letext0:
 212              		.file 2 "/opt/gcc-arm-none-eabi-6-2017-q1-update/arm-none-eabi/include/machine/_default_types.h"
 213              		.file 3 "/opt/gcc-arm-none-eabi-6-2017-q1-update/arm-none-eabi/include/sys/_stdint.h"
 214              		.file 4 "Drivers/CMSIS/Include/core_cm3.h"
 215              		.file 5 "Drivers/CMSIS/Device/ST/STM32F1xx/Include/system_stm32f1xx.h"
 216              		.file 6 "Drivers/CMSIS/Device/ST/STM32F1xx/Include/stm32f103xb.h"
 217              		.file 7 "/opt/gcc-arm-none-eabi-6-2017-q1-update/arm-none-eabi/include/sys/lock.h"
 218              		.file 8 "/opt/gcc-arm-none-eabi-6-2017-q1-update/arm-none-eabi/include/sys/_types.h"
 219              		.file 9 "/opt/gcc-arm-none-eabi-6-2017-q1-update/lib/gcc/arm-none-eabi/6.3.1/include/stddef.h"
 220              		.file 10 "/opt/gcc-arm-none-eabi-6-2017-q1-update/arm-none-eabi/include/sys/reent.h"
 221              		.file 11 "Drivers/STM32F1xx_HAL_Driver/Inc/stm32f1xx_hal_def.h"
 222              		.file 12 "Drivers/STM32F1xx_HAL_Driver/Inc/stm32f1xx_hal_dma.h"
 223              		.file 13 "Drivers/STM32F1xx_HAL_Driver/Inc/stm32f1xx_hal_tim.h"
 224              		.file 14 "Drivers/STM32F1xx_HAL_Driver/Inc/stm32f1xx_ll_usb.h"
 225              		.file 15 "Drivers/STM32F1xx_HAL_Driver/Inc/stm32f1xx_hal_pcd.h"
 226              		.file 16 "Middlewares/Third_Party/FreeRTOS/Source/CMSIS_RTOS/cmsis_os.h"
ARM GAS  /tmp/cczyif1Z.s 			page 8


DEFINED SYMBOLS
                            *ABS*:0000000000000000 stm32f1xx_it.c
     /tmp/cczyif1Z.s:16     .text.NMI_Handler:0000000000000000 $t
     /tmp/cczyif1Z.s:23     .text.NMI_Handler:0000000000000000 NMI_Handler
     /tmp/cczyif1Z.s:34     .text.HardFault_Handler:0000000000000000 $t
     /tmp/cczyif1Z.s:41     .text.HardFault_Handler:0000000000000000 HardFault_Handler
     /tmp/cczyif1Z.s:56     .text.MemManage_Handler:0000000000000000 $t
     /tmp/cczyif1Z.s:63     .text.MemManage_Handler:0000000000000000 MemManage_Handler
     /tmp/cczyif1Z.s:77     .text.BusFault_Handler:0000000000000000 $t
     /tmp/cczyif1Z.s:84     .text.BusFault_Handler:0000000000000000 BusFault_Handler
     /tmp/cczyif1Z.s:98     .text.UsageFault_Handler:0000000000000000 $t
     /tmp/cczyif1Z.s:105    .text.UsageFault_Handler:0000000000000000 UsageFault_Handler
     /tmp/cczyif1Z.s:119    .text.DebugMon_Handler:0000000000000000 $t
     /tmp/cczyif1Z.s:126    .text.DebugMon_Handler:0000000000000000 DebugMon_Handler
     /tmp/cczyif1Z.s:138    .text.SysTick_Handler:0000000000000000 $t
     /tmp/cczyif1Z.s:145    .text.SysTick_Handler:0000000000000000 SysTick_Handler
     /tmp/cczyif1Z.s:159    .text.USB_LP_CAN1_RX0_IRQHandler:0000000000000000 $t
     /tmp/cczyif1Z.s:166    .text.USB_LP_CAN1_RX0_IRQHandler:0000000000000000 USB_LP_CAN1_RX0_IRQHandler
     /tmp/cczyif1Z.s:180    .text.USB_LP_CAN1_RX0_IRQHandler:0000000000000008 $d
     /tmp/cczyif1Z.s:185    .text.TIM1_UP_IRQHandler:0000000000000000 $t
     /tmp/cczyif1Z.s:192    .text.TIM1_UP_IRQHandler:0000000000000000 TIM1_UP_IRQHandler
     /tmp/cczyif1Z.s:206    .text.TIM1_UP_IRQHandler:0000000000000008 $d
                     .debug_frame:0000000000000010 $d

UNDEFINED SYMBOLS
osSystickHandler
HAL_PCD_IRQHandler
hpcd_USB_FS
HAL_TIM_IRQHandler
htim1
