ARM GAS  /tmp/cclWXlnB.s 			page 1


   1              		.cpu cortex-m3
   2              		.eabi_attribute 20, 1
   3              		.eabi_attribute 21, 1
   4              		.eabi_attribute 23, 3
   5              		.eabi_attribute 24, 1
   6              		.eabi_attribute 25, 1
   7              		.eabi_attribute 26, 1
   8              		.eabi_attribute 30, 4
   9              		.eabi_attribute 34, 1
  10              		.eabi_attribute 18, 4
  11              		.file	"stm32f1xx_hal_crc.c"
  12              		.text
  13              	.Ltext0:
  14              		.cfi_sections	.debug_frame
  15              		.section	.text.HAL_CRC_MspInit,"ax",%progbits
  16              		.align	1
  17              		.weak	HAL_CRC_MspInit
  18              		.syntax unified
  19              		.thumb
  20              		.thumb_func
  21              		.fpu softvfp
  23              	HAL_CRC_MspInit:
  24              	.LFB72:
  25              		.cfi_startproc
  26              		@ args = 0, pretend = 0, frame = 0
  27              		@ frame_needed = 0, uses_anonymous_args = 0
  28              		@ link register save eliminated.
  29 0000 7047     		bx	lr
  30              		.cfi_endproc
  31              	.LFE72:
  33              		.section	.text.HAL_CRC_Init,"ax",%progbits
  34              		.align	1
  35              		.global	HAL_CRC_Init
  36              		.syntax unified
  37              		.thumb
  38              		.thumb_func
  39              		.fpu softvfp
  41              	HAL_CRC_Init:
  42              	.LFB64:
  43              		.file 1 "Drivers/STM32F1xx_HAL_Driver/Src/stm32f1xx_hal_crc.c"
   1:Drivers/STM32F1xx_HAL_Driver/Src/stm32f1xx_hal_crc.c **** /**
   2:Drivers/STM32F1xx_HAL_Driver/Src/stm32f1xx_hal_crc.c ****   ******************************************************************************
   3:Drivers/STM32F1xx_HAL_Driver/Src/stm32f1xx_hal_crc.c ****   * @file    stm32f1xx_hal_crc.c
   4:Drivers/STM32F1xx_HAL_Driver/Src/stm32f1xx_hal_crc.c ****   * @author  MCD Application Team
   5:Drivers/STM32F1xx_HAL_Driver/Src/stm32f1xx_hal_crc.c ****   * @version V1.0.4
   6:Drivers/STM32F1xx_HAL_Driver/Src/stm32f1xx_hal_crc.c ****   * @date    29-April-2016
   7:Drivers/STM32F1xx_HAL_Driver/Src/stm32f1xx_hal_crc.c ****   * @brief   CRC HAL module driver.
   8:Drivers/STM32F1xx_HAL_Driver/Src/stm32f1xx_hal_crc.c ****   *          This file provides firmware functions to manage the following 
   9:Drivers/STM32F1xx_HAL_Driver/Src/stm32f1xx_hal_crc.c ****   *          functionalities of the Cyclic Redundancy Check (CRC) peripheral:
  10:Drivers/STM32F1xx_HAL_Driver/Src/stm32f1xx_hal_crc.c ****   *           + Initialization and de-initialization functions
  11:Drivers/STM32F1xx_HAL_Driver/Src/stm32f1xx_hal_crc.c ****   *           + Peripheral Control functions 
  12:Drivers/STM32F1xx_HAL_Driver/Src/stm32f1xx_hal_crc.c ****   *           + Peripheral State functions
  13:Drivers/STM32F1xx_HAL_Driver/Src/stm32f1xx_hal_crc.c ****   *
  14:Drivers/STM32F1xx_HAL_Driver/Src/stm32f1xx_hal_crc.c ****   @verbatim
  15:Drivers/STM32F1xx_HAL_Driver/Src/stm32f1xx_hal_crc.c ****   ==============================================================================
  16:Drivers/STM32F1xx_HAL_Driver/Src/stm32f1xx_hal_crc.c ****                      ##### How to use this driver #####
  17:Drivers/STM32F1xx_HAL_Driver/Src/stm32f1xx_hal_crc.c ****   ==============================================================================
ARM GAS  /tmp/cclWXlnB.s 			page 2


  18:Drivers/STM32F1xx_HAL_Driver/Src/stm32f1xx_hal_crc.c ****     [..]
  19:Drivers/STM32F1xx_HAL_Driver/Src/stm32f1xx_hal_crc.c ****       The CRC HAL driver can be used as follows:
  20:Drivers/STM32F1xx_HAL_Driver/Src/stm32f1xx_hal_crc.c **** 
  21:Drivers/STM32F1xx_HAL_Driver/Src/stm32f1xx_hal_crc.c ****       (#) Enable CRC AHB clock using __HAL_RCC_CRC_CLK_ENABLE();
  22:Drivers/STM32F1xx_HAL_Driver/Src/stm32f1xx_hal_crc.c **** 
  23:Drivers/STM32F1xx_HAL_Driver/Src/stm32f1xx_hal_crc.c ****       (#) Use HAL_CRC_Accumulate() function to compute the CRC value of 
  24:Drivers/STM32F1xx_HAL_Driver/Src/stm32f1xx_hal_crc.c ****           a 32-bit data buffer using combination of the previous CRC value
  25:Drivers/STM32F1xx_HAL_Driver/Src/stm32f1xx_hal_crc.c ****           and the new one.
  26:Drivers/STM32F1xx_HAL_Driver/Src/stm32f1xx_hal_crc.c **** 
  27:Drivers/STM32F1xx_HAL_Driver/Src/stm32f1xx_hal_crc.c ****       (#) Use HAL_CRC_Calculate() function to compute the CRC Value of 
  28:Drivers/STM32F1xx_HAL_Driver/Src/stm32f1xx_hal_crc.c ****           a new 32-bit data buffer. This function resets the CRC computation  
  29:Drivers/STM32F1xx_HAL_Driver/Src/stm32f1xx_hal_crc.c ****           unit before starting the computation to avoid getting wrong CRC values.
  30:Drivers/STM32F1xx_HAL_Driver/Src/stm32f1xx_hal_crc.c **** 
  31:Drivers/STM32F1xx_HAL_Driver/Src/stm32f1xx_hal_crc.c ****   @endverbatim
  32:Drivers/STM32F1xx_HAL_Driver/Src/stm32f1xx_hal_crc.c ****   ******************************************************************************
  33:Drivers/STM32F1xx_HAL_Driver/Src/stm32f1xx_hal_crc.c ****   * @attention
  34:Drivers/STM32F1xx_HAL_Driver/Src/stm32f1xx_hal_crc.c ****   *
  35:Drivers/STM32F1xx_HAL_Driver/Src/stm32f1xx_hal_crc.c ****   * <h2><center>&copy; COPYRIGHT(c) 2016 STMicroelectronics</center></h2>
  36:Drivers/STM32F1xx_HAL_Driver/Src/stm32f1xx_hal_crc.c ****   *
  37:Drivers/STM32F1xx_HAL_Driver/Src/stm32f1xx_hal_crc.c ****   * Redistribution and use in source and binary forms, with or without modification,
  38:Drivers/STM32F1xx_HAL_Driver/Src/stm32f1xx_hal_crc.c ****   * are permitted provided that the following conditions are met:
  39:Drivers/STM32F1xx_HAL_Driver/Src/stm32f1xx_hal_crc.c ****   *   1. Redistributions of source code must retain the above copyright notice,
  40:Drivers/STM32F1xx_HAL_Driver/Src/stm32f1xx_hal_crc.c ****   *      this list of conditions and the following disclaimer.
  41:Drivers/STM32F1xx_HAL_Driver/Src/stm32f1xx_hal_crc.c ****   *   2. Redistributions in binary form must reproduce the above copyright notice,
  42:Drivers/STM32F1xx_HAL_Driver/Src/stm32f1xx_hal_crc.c ****   *      this list of conditions and the following disclaimer in the documentation
  43:Drivers/STM32F1xx_HAL_Driver/Src/stm32f1xx_hal_crc.c ****   *      and/or other materials provided with the distribution.
  44:Drivers/STM32F1xx_HAL_Driver/Src/stm32f1xx_hal_crc.c ****   *   3. Neither the name of STMicroelectronics nor the names of its contributors
  45:Drivers/STM32F1xx_HAL_Driver/Src/stm32f1xx_hal_crc.c ****   *      may be used to endorse or promote products derived from this software
  46:Drivers/STM32F1xx_HAL_Driver/Src/stm32f1xx_hal_crc.c ****   *      without specific prior written permission.
  47:Drivers/STM32F1xx_HAL_Driver/Src/stm32f1xx_hal_crc.c ****   *
  48:Drivers/STM32F1xx_HAL_Driver/Src/stm32f1xx_hal_crc.c ****   * THIS SOFTWARE IS PROVIDED BY THE COPYRIGHT HOLDERS AND CONTRIBUTORS "AS IS"
  49:Drivers/STM32F1xx_HAL_Driver/Src/stm32f1xx_hal_crc.c ****   * AND ANY EXPRESS OR IMPLIED WARRANTIES, INCLUDING, BUT NOT LIMITED TO, THE
  50:Drivers/STM32F1xx_HAL_Driver/Src/stm32f1xx_hal_crc.c ****   * IMPLIED WARRANTIES OF MERCHANTABILITY AND FITNESS FOR A PARTICULAR PURPOSE ARE
  51:Drivers/STM32F1xx_HAL_Driver/Src/stm32f1xx_hal_crc.c ****   * DISCLAIMED. IN NO EVENT SHALL THE COPYRIGHT HOLDER OR CONTRIBUTORS BE LIABLE
  52:Drivers/STM32F1xx_HAL_Driver/Src/stm32f1xx_hal_crc.c ****   * FOR ANY DIRECT, INDIRECT, INCIDENTAL, SPECIAL, EXEMPLARY, OR CONSEQUENTIAL
  53:Drivers/STM32F1xx_HAL_Driver/Src/stm32f1xx_hal_crc.c ****   * DAMAGES (INCLUDING, BUT NOT LIMITED TO, PROCUREMENT OF SUBSTITUTE GOODS OR
  54:Drivers/STM32F1xx_HAL_Driver/Src/stm32f1xx_hal_crc.c ****   * SERVICES; LOSS OF USE, DATA, OR PROFITS; OR BUSINESS INTERRUPTION) HOWEVER
  55:Drivers/STM32F1xx_HAL_Driver/Src/stm32f1xx_hal_crc.c ****   * CAUSED AND ON ANY THEORY OF LIABILITY, WHETHER IN CONTRACT, STRICT LIABILITY,
  56:Drivers/STM32F1xx_HAL_Driver/Src/stm32f1xx_hal_crc.c ****   * OR TORT (INCLUDING NEGLIGENCE OR OTHERWISE) ARISING IN ANY WAY OUT OF THE USE
  57:Drivers/STM32F1xx_HAL_Driver/Src/stm32f1xx_hal_crc.c ****   * OF THIS SOFTWARE, EVEN IF ADVISED OF THE POSSIBILITY OF SUCH DAMAGE.
  58:Drivers/STM32F1xx_HAL_Driver/Src/stm32f1xx_hal_crc.c ****   *
  59:Drivers/STM32F1xx_HAL_Driver/Src/stm32f1xx_hal_crc.c ****   ******************************************************************************
  60:Drivers/STM32F1xx_HAL_Driver/Src/stm32f1xx_hal_crc.c ****   */
  61:Drivers/STM32F1xx_HAL_Driver/Src/stm32f1xx_hal_crc.c **** 
  62:Drivers/STM32F1xx_HAL_Driver/Src/stm32f1xx_hal_crc.c **** /* Includes ------------------------------------------------------------------*/
  63:Drivers/STM32F1xx_HAL_Driver/Src/stm32f1xx_hal_crc.c **** #include "stm32f1xx_hal.h"
  64:Drivers/STM32F1xx_HAL_Driver/Src/stm32f1xx_hal_crc.c **** 
  65:Drivers/STM32F1xx_HAL_Driver/Src/stm32f1xx_hal_crc.c **** /** @addtogroup STM32F1xx_HAL_Driver
  66:Drivers/STM32F1xx_HAL_Driver/Src/stm32f1xx_hal_crc.c ****   * @{
  67:Drivers/STM32F1xx_HAL_Driver/Src/stm32f1xx_hal_crc.c ****   */
  68:Drivers/STM32F1xx_HAL_Driver/Src/stm32f1xx_hal_crc.c **** 
  69:Drivers/STM32F1xx_HAL_Driver/Src/stm32f1xx_hal_crc.c **** /** @defgroup CRC CRC
  70:Drivers/STM32F1xx_HAL_Driver/Src/stm32f1xx_hal_crc.c ****   * @brief CRC HAL module driver.
  71:Drivers/STM32F1xx_HAL_Driver/Src/stm32f1xx_hal_crc.c ****   * @{
  72:Drivers/STM32F1xx_HAL_Driver/Src/stm32f1xx_hal_crc.c ****   */
  73:Drivers/STM32F1xx_HAL_Driver/Src/stm32f1xx_hal_crc.c **** 
  74:Drivers/STM32F1xx_HAL_Driver/Src/stm32f1xx_hal_crc.c **** #ifdef HAL_CRC_MODULE_ENABLED
ARM GAS  /tmp/cclWXlnB.s 			page 3


  75:Drivers/STM32F1xx_HAL_Driver/Src/stm32f1xx_hal_crc.c **** 
  76:Drivers/STM32F1xx_HAL_Driver/Src/stm32f1xx_hal_crc.c **** /* Private typedef -----------------------------------------------------------*/
  77:Drivers/STM32F1xx_HAL_Driver/Src/stm32f1xx_hal_crc.c **** /* Private define ------------------------------------------------------------*/
  78:Drivers/STM32F1xx_HAL_Driver/Src/stm32f1xx_hal_crc.c **** /* Private macro -------------------------------------------------------------*/
  79:Drivers/STM32F1xx_HAL_Driver/Src/stm32f1xx_hal_crc.c **** /* Private variables ---------------------------------------------------------*/
  80:Drivers/STM32F1xx_HAL_Driver/Src/stm32f1xx_hal_crc.c **** /* Private function prototypes -----------------------------------------------*/
  81:Drivers/STM32F1xx_HAL_Driver/Src/stm32f1xx_hal_crc.c **** /* Private functions ---------------------------------------------------------*/
  82:Drivers/STM32F1xx_HAL_Driver/Src/stm32f1xx_hal_crc.c **** 
  83:Drivers/STM32F1xx_HAL_Driver/Src/stm32f1xx_hal_crc.c **** /** @defgroup CRC_Exported_Functions CRC Exported Functions
  84:Drivers/STM32F1xx_HAL_Driver/Src/stm32f1xx_hal_crc.c ****   * @{
  85:Drivers/STM32F1xx_HAL_Driver/Src/stm32f1xx_hal_crc.c ****   */
  86:Drivers/STM32F1xx_HAL_Driver/Src/stm32f1xx_hal_crc.c **** 
  87:Drivers/STM32F1xx_HAL_Driver/Src/stm32f1xx_hal_crc.c **** /** @defgroup CRC_Exported_Functions_Group1 Initialization and de-initialization functions 
  88:Drivers/STM32F1xx_HAL_Driver/Src/stm32f1xx_hal_crc.c ****  *  @brief    Initialization and Configuration functions. 
  89:Drivers/STM32F1xx_HAL_Driver/Src/stm32f1xx_hal_crc.c ****  *
  90:Drivers/STM32F1xx_HAL_Driver/Src/stm32f1xx_hal_crc.c **** @verbatim    
  91:Drivers/STM32F1xx_HAL_Driver/Src/stm32f1xx_hal_crc.c ****   ==============================================================================
  92:Drivers/STM32F1xx_HAL_Driver/Src/stm32f1xx_hal_crc.c ****             ##### Initialization and de-initialization functions #####
  93:Drivers/STM32F1xx_HAL_Driver/Src/stm32f1xx_hal_crc.c ****   ==============================================================================
  94:Drivers/STM32F1xx_HAL_Driver/Src/stm32f1xx_hal_crc.c ****     [..]  This section provides functions allowing to:
  95:Drivers/STM32F1xx_HAL_Driver/Src/stm32f1xx_hal_crc.c ****       (+) Initialize the CRC according to the specified parameters 
  96:Drivers/STM32F1xx_HAL_Driver/Src/stm32f1xx_hal_crc.c ****           in the CRC_InitTypeDef and create the associated handle
  97:Drivers/STM32F1xx_HAL_Driver/Src/stm32f1xx_hal_crc.c ****       (+) DeInitialize the CRC peripheral
  98:Drivers/STM32F1xx_HAL_Driver/Src/stm32f1xx_hal_crc.c ****       (+) Initialize the CRC MSP
  99:Drivers/STM32F1xx_HAL_Driver/Src/stm32f1xx_hal_crc.c ****       (+) DeInitialize CRC MSP 
 100:Drivers/STM32F1xx_HAL_Driver/Src/stm32f1xx_hal_crc.c ****  
 101:Drivers/STM32F1xx_HAL_Driver/Src/stm32f1xx_hal_crc.c **** @endverbatim
 102:Drivers/STM32F1xx_HAL_Driver/Src/stm32f1xx_hal_crc.c ****   * @{
 103:Drivers/STM32F1xx_HAL_Driver/Src/stm32f1xx_hal_crc.c ****   */
 104:Drivers/STM32F1xx_HAL_Driver/Src/stm32f1xx_hal_crc.c **** 
 105:Drivers/STM32F1xx_HAL_Driver/Src/stm32f1xx_hal_crc.c **** /**
 106:Drivers/STM32F1xx_HAL_Driver/Src/stm32f1xx_hal_crc.c ****   * @brief  Initializes the CRC according to the specified
 107:Drivers/STM32F1xx_HAL_Driver/Src/stm32f1xx_hal_crc.c ****   *         parameters in the CRC_InitTypeDef and creates the associated handle.
 108:Drivers/STM32F1xx_HAL_Driver/Src/stm32f1xx_hal_crc.c ****   * @param  hcrc: pointer to a CRC_HandleTypeDef structure that contains
 109:Drivers/STM32F1xx_HAL_Driver/Src/stm32f1xx_hal_crc.c ****   *         the configuration information for CRC
 110:Drivers/STM32F1xx_HAL_Driver/Src/stm32f1xx_hal_crc.c ****   * @retval HAL status
 111:Drivers/STM32F1xx_HAL_Driver/Src/stm32f1xx_hal_crc.c ****   */
 112:Drivers/STM32F1xx_HAL_Driver/Src/stm32f1xx_hal_crc.c **** HAL_StatusTypeDef HAL_CRC_Init(CRC_HandleTypeDef *hcrc)
 113:Drivers/STM32F1xx_HAL_Driver/Src/stm32f1xx_hal_crc.c **** {
  44              		.loc 1 113 0
  45              		.cfi_startproc
  46              		@ args = 0, pretend = 0, frame = 0
  47              		@ frame_needed = 0, uses_anonymous_args = 0
  48              	.LVL0:
  49              		.loc 1 113 0
  50 0000 10B5     		push	{r4, lr}
  51              	.LCFI0:
  52              		.cfi_def_cfa_offset 8
  53              		.cfi_offset 4, -8
  54              		.cfi_offset 14, -4
 114:Drivers/STM32F1xx_HAL_Driver/Src/stm32f1xx_hal_crc.c ****   /* Check the CRC handle allocation */
 115:Drivers/STM32F1xx_HAL_Driver/Src/stm32f1xx_hal_crc.c ****   if(hcrc == NULL)
  55              		.loc 1 115 0
  56 0002 0446     		mov	r4, r0
  57 0004 50B1     		cbz	r0, .L5
 116:Drivers/STM32F1xx_HAL_Driver/Src/stm32f1xx_hal_crc.c ****   {
 117:Drivers/STM32F1xx_HAL_Driver/Src/stm32f1xx_hal_crc.c ****     return HAL_ERROR;
ARM GAS  /tmp/cclWXlnB.s 			page 4


 118:Drivers/STM32F1xx_HAL_Driver/Src/stm32f1xx_hal_crc.c ****   }
 119:Drivers/STM32F1xx_HAL_Driver/Src/stm32f1xx_hal_crc.c **** 
 120:Drivers/STM32F1xx_HAL_Driver/Src/stm32f1xx_hal_crc.c ****   /* Check the parameters */
 121:Drivers/STM32F1xx_HAL_Driver/Src/stm32f1xx_hal_crc.c ****   assert_param(IS_CRC_ALL_INSTANCE(hcrc->Instance));
 122:Drivers/STM32F1xx_HAL_Driver/Src/stm32f1xx_hal_crc.c **** 
 123:Drivers/STM32F1xx_HAL_Driver/Src/stm32f1xx_hal_crc.c ****   if(hcrc->State == HAL_CRC_STATE_RESET)
  58              		.loc 1 123 0
  59 0006 4379     		ldrb	r3, [r0, #5]	@ zero_extendqisi2
  60 0008 03F0FF02 		and	r2, r3, #255
  61 000c 13B9     		cbnz	r3, .L4
 124:Drivers/STM32F1xx_HAL_Driver/Src/stm32f1xx_hal_crc.c ****   {
 125:Drivers/STM32F1xx_HAL_Driver/Src/stm32f1xx_hal_crc.c ****     /* Allocate lock resource and initialize it */
 126:Drivers/STM32F1xx_HAL_Driver/Src/stm32f1xx_hal_crc.c ****     hcrc->Lock = HAL_UNLOCKED;
  62              		.loc 1 126 0
  63 000e 0271     		strb	r2, [r0, #4]
 127:Drivers/STM32F1xx_HAL_Driver/Src/stm32f1xx_hal_crc.c ****     
 128:Drivers/STM32F1xx_HAL_Driver/Src/stm32f1xx_hal_crc.c ****     /* Init the low level hardware */
 129:Drivers/STM32F1xx_HAL_Driver/Src/stm32f1xx_hal_crc.c ****     HAL_CRC_MspInit(hcrc);
  64              		.loc 1 129 0
  65 0010 FFF7FEFF 		bl	HAL_CRC_MspInit
  66              	.LVL1:
  67              	.L4:
 130:Drivers/STM32F1xx_HAL_Driver/Src/stm32f1xx_hal_crc.c ****   }
 131:Drivers/STM32F1xx_HAL_Driver/Src/stm32f1xx_hal_crc.c **** 
 132:Drivers/STM32F1xx_HAL_Driver/Src/stm32f1xx_hal_crc.c ****   /* Change CRC peripheral state */
 133:Drivers/STM32F1xx_HAL_Driver/Src/stm32f1xx_hal_crc.c ****   hcrc->State = HAL_CRC_STATE_READY;
  68              		.loc 1 133 0
  69 0014 0123     		movs	r3, #1
 134:Drivers/STM32F1xx_HAL_Driver/Src/stm32f1xx_hal_crc.c ****   
 135:Drivers/STM32F1xx_HAL_Driver/Src/stm32f1xx_hal_crc.c ****   /* Return function status */
 136:Drivers/STM32F1xx_HAL_Driver/Src/stm32f1xx_hal_crc.c ****   return HAL_OK;
  70              		.loc 1 136 0
  71 0016 0020     		movs	r0, #0
 133:Drivers/STM32F1xx_HAL_Driver/Src/stm32f1xx_hal_crc.c ****   
  72              		.loc 1 133 0
  73 0018 6371     		strb	r3, [r4, #5]
  74              		.loc 1 136 0
  75 001a 10BD     		pop	{r4, pc}
  76              	.LVL2:
  77              	.L5:
 117:Drivers/STM32F1xx_HAL_Driver/Src/stm32f1xx_hal_crc.c ****   }
  78              		.loc 1 117 0
  79 001c 0120     		movs	r0, #1
  80              	.LVL3:
 137:Drivers/STM32F1xx_HAL_Driver/Src/stm32f1xx_hal_crc.c **** }
  81              		.loc 1 137 0
  82 001e 10BD     		pop	{r4, pc}
  83              		.cfi_endproc
  84              	.LFE64:
  86              		.section	.text.HAL_CRC_MspDeInit,"ax",%progbits
  87              		.align	1
  88              		.weak	HAL_CRC_MspDeInit
  89              		.syntax unified
  90              		.thumb
  91              		.thumb_func
  92              		.fpu softvfp
  94              	HAL_CRC_MspDeInit:
ARM GAS  /tmp/cclWXlnB.s 			page 5


  95              	.LFB67:
 138:Drivers/STM32F1xx_HAL_Driver/Src/stm32f1xx_hal_crc.c **** 
 139:Drivers/STM32F1xx_HAL_Driver/Src/stm32f1xx_hal_crc.c **** /**
 140:Drivers/STM32F1xx_HAL_Driver/Src/stm32f1xx_hal_crc.c ****   * @brief  DeInitializes the CRC peripheral.
 141:Drivers/STM32F1xx_HAL_Driver/Src/stm32f1xx_hal_crc.c ****   * @param  hcrc: pointer to a CRC_HandleTypeDef structure that contains
 142:Drivers/STM32F1xx_HAL_Driver/Src/stm32f1xx_hal_crc.c ****   *         the configuration information for CRC
 143:Drivers/STM32F1xx_HAL_Driver/Src/stm32f1xx_hal_crc.c ****   * @retval HAL status
 144:Drivers/STM32F1xx_HAL_Driver/Src/stm32f1xx_hal_crc.c ****   */
 145:Drivers/STM32F1xx_HAL_Driver/Src/stm32f1xx_hal_crc.c **** HAL_StatusTypeDef HAL_CRC_DeInit(CRC_HandleTypeDef *hcrc)
 146:Drivers/STM32F1xx_HAL_Driver/Src/stm32f1xx_hal_crc.c **** {
 147:Drivers/STM32F1xx_HAL_Driver/Src/stm32f1xx_hal_crc.c ****   /* Check the CRC handle allocation */
 148:Drivers/STM32F1xx_HAL_Driver/Src/stm32f1xx_hal_crc.c ****   if(hcrc == NULL)
 149:Drivers/STM32F1xx_HAL_Driver/Src/stm32f1xx_hal_crc.c ****   {
 150:Drivers/STM32F1xx_HAL_Driver/Src/stm32f1xx_hal_crc.c ****     return HAL_ERROR;
 151:Drivers/STM32F1xx_HAL_Driver/Src/stm32f1xx_hal_crc.c ****   }
 152:Drivers/STM32F1xx_HAL_Driver/Src/stm32f1xx_hal_crc.c **** 
 153:Drivers/STM32F1xx_HAL_Driver/Src/stm32f1xx_hal_crc.c ****   /* Check the parameters */
 154:Drivers/STM32F1xx_HAL_Driver/Src/stm32f1xx_hal_crc.c ****   assert_param(IS_CRC_ALL_INSTANCE(hcrc->Instance));
 155:Drivers/STM32F1xx_HAL_Driver/Src/stm32f1xx_hal_crc.c **** 
 156:Drivers/STM32F1xx_HAL_Driver/Src/stm32f1xx_hal_crc.c ****   /* Change CRC peripheral state */
 157:Drivers/STM32F1xx_HAL_Driver/Src/stm32f1xx_hal_crc.c ****   hcrc->State = HAL_CRC_STATE_BUSY;
 158:Drivers/STM32F1xx_HAL_Driver/Src/stm32f1xx_hal_crc.c **** 
 159:Drivers/STM32F1xx_HAL_Driver/Src/stm32f1xx_hal_crc.c ****   /* DeInit the low level hardware */
 160:Drivers/STM32F1xx_HAL_Driver/Src/stm32f1xx_hal_crc.c ****   HAL_CRC_MspDeInit(hcrc);
 161:Drivers/STM32F1xx_HAL_Driver/Src/stm32f1xx_hal_crc.c **** 
 162:Drivers/STM32F1xx_HAL_Driver/Src/stm32f1xx_hal_crc.c ****   /* Resets the CRC calculation unit and sets the data register to 0xFFFF FFFF */
 163:Drivers/STM32F1xx_HAL_Driver/Src/stm32f1xx_hal_crc.c ****   __HAL_CRC_DR_RESET(hcrc);
 164:Drivers/STM32F1xx_HAL_Driver/Src/stm32f1xx_hal_crc.c **** 
 165:Drivers/STM32F1xx_HAL_Driver/Src/stm32f1xx_hal_crc.c ****   /* Change CRC peripheral state */
 166:Drivers/STM32F1xx_HAL_Driver/Src/stm32f1xx_hal_crc.c ****   hcrc->State = HAL_CRC_STATE_RESET;
 167:Drivers/STM32F1xx_HAL_Driver/Src/stm32f1xx_hal_crc.c **** 
 168:Drivers/STM32F1xx_HAL_Driver/Src/stm32f1xx_hal_crc.c ****   /* Release Lock */
 169:Drivers/STM32F1xx_HAL_Driver/Src/stm32f1xx_hal_crc.c ****   __HAL_UNLOCK(hcrc);
 170:Drivers/STM32F1xx_HAL_Driver/Src/stm32f1xx_hal_crc.c **** 
 171:Drivers/STM32F1xx_HAL_Driver/Src/stm32f1xx_hal_crc.c ****   /* Return function status */
 172:Drivers/STM32F1xx_HAL_Driver/Src/stm32f1xx_hal_crc.c ****   return HAL_OK;
 173:Drivers/STM32F1xx_HAL_Driver/Src/stm32f1xx_hal_crc.c **** }
 174:Drivers/STM32F1xx_HAL_Driver/Src/stm32f1xx_hal_crc.c **** 
 175:Drivers/STM32F1xx_HAL_Driver/Src/stm32f1xx_hal_crc.c **** /**
 176:Drivers/STM32F1xx_HAL_Driver/Src/stm32f1xx_hal_crc.c ****   * @brief  Initializes the CRC MSP.
 177:Drivers/STM32F1xx_HAL_Driver/Src/stm32f1xx_hal_crc.c ****   * @param  hcrc: pointer to a CRC_HandleTypeDef structure that contains
 178:Drivers/STM32F1xx_HAL_Driver/Src/stm32f1xx_hal_crc.c ****   *         the configuration information for CRC
 179:Drivers/STM32F1xx_HAL_Driver/Src/stm32f1xx_hal_crc.c ****   * @retval None
 180:Drivers/STM32F1xx_HAL_Driver/Src/stm32f1xx_hal_crc.c ****   */
 181:Drivers/STM32F1xx_HAL_Driver/Src/stm32f1xx_hal_crc.c **** __weak void HAL_CRC_MspInit(CRC_HandleTypeDef *hcrc)
 182:Drivers/STM32F1xx_HAL_Driver/Src/stm32f1xx_hal_crc.c **** {
 183:Drivers/STM32F1xx_HAL_Driver/Src/stm32f1xx_hal_crc.c ****   /* Prevent unused argument(s) compilation warning */
 184:Drivers/STM32F1xx_HAL_Driver/Src/stm32f1xx_hal_crc.c ****   UNUSED(hcrc);
 185:Drivers/STM32F1xx_HAL_Driver/Src/stm32f1xx_hal_crc.c ****   /* NOTE : This function Should not be modified, when the callback is needed,
 186:Drivers/STM32F1xx_HAL_Driver/Src/stm32f1xx_hal_crc.c ****             the HAL_CRC_MspInit could be implemented in the user file
 187:Drivers/STM32F1xx_HAL_Driver/Src/stm32f1xx_hal_crc.c ****    */
 188:Drivers/STM32F1xx_HAL_Driver/Src/stm32f1xx_hal_crc.c **** }
 189:Drivers/STM32F1xx_HAL_Driver/Src/stm32f1xx_hal_crc.c **** 
 190:Drivers/STM32F1xx_HAL_Driver/Src/stm32f1xx_hal_crc.c **** /**
 191:Drivers/STM32F1xx_HAL_Driver/Src/stm32f1xx_hal_crc.c ****   * @brief  DeInitializes the CRC MSP.
 192:Drivers/STM32F1xx_HAL_Driver/Src/stm32f1xx_hal_crc.c ****   * @param  hcrc: pointer to a CRC_HandleTypeDef structure that contains
 193:Drivers/STM32F1xx_HAL_Driver/Src/stm32f1xx_hal_crc.c ****   *         the configuration information for CRC
ARM GAS  /tmp/cclWXlnB.s 			page 6


 194:Drivers/STM32F1xx_HAL_Driver/Src/stm32f1xx_hal_crc.c ****   * @retval None
 195:Drivers/STM32F1xx_HAL_Driver/Src/stm32f1xx_hal_crc.c ****   */
 196:Drivers/STM32F1xx_HAL_Driver/Src/stm32f1xx_hal_crc.c **** __weak void HAL_CRC_MspDeInit(CRC_HandleTypeDef *hcrc)
 197:Drivers/STM32F1xx_HAL_Driver/Src/stm32f1xx_hal_crc.c **** {
  96              		.loc 1 197 0
  97              		.cfi_startproc
  98              		@ args = 0, pretend = 0, frame = 0
  99              		@ frame_needed = 0, uses_anonymous_args = 0
 100              		@ link register save eliminated.
 101              	.LVL4:
 102 0000 7047     		bx	lr
 103              		.cfi_endproc
 104              	.LFE67:
 106              		.section	.text.HAL_CRC_DeInit,"ax",%progbits
 107              		.align	1
 108              		.global	HAL_CRC_DeInit
 109              		.syntax unified
 110              		.thumb
 111              		.thumb_func
 112              		.fpu softvfp
 114              	HAL_CRC_DeInit:
 115              	.LFB65:
 146:Drivers/STM32F1xx_HAL_Driver/Src/stm32f1xx_hal_crc.c ****   /* Check the CRC handle allocation */
 116              		.loc 1 146 0
 117              		.cfi_startproc
 118              		@ args = 0, pretend = 0, frame = 0
 119              		@ frame_needed = 0, uses_anonymous_args = 0
 120              	.LVL5:
 146:Drivers/STM32F1xx_HAL_Driver/Src/stm32f1xx_hal_crc.c ****   /* Check the CRC handle allocation */
 121              		.loc 1 146 0
 122 0000 10B5     		push	{r4, lr}
 123              	.LCFI1:
 124              		.cfi_def_cfa_offset 8
 125              		.cfi_offset 4, -8
 126              		.cfi_offset 14, -4
 148:Drivers/STM32F1xx_HAL_Driver/Src/stm32f1xx_hal_crc.c ****   {
 127              		.loc 1 148 0
 128 0002 0446     		mov	r4, r0
 129 0004 60B1     		cbz	r0, .L9
 157:Drivers/STM32F1xx_HAL_Driver/Src/stm32f1xx_hal_crc.c **** 
 130              		.loc 1 157 0
 131 0006 0223     		movs	r3, #2
 132 0008 4371     		strb	r3, [r0, #5]
 160:Drivers/STM32F1xx_HAL_Driver/Src/stm32f1xx_hal_crc.c **** 
 133              		.loc 1 160 0
 134 000a FFF7FEFF 		bl	HAL_CRC_MspDeInit
 135              	.LVL6:
 166:Drivers/STM32F1xx_HAL_Driver/Src/stm32f1xx_hal_crc.c **** 
 136              		.loc 1 166 0
 137 000e 0020     		movs	r0, #0
 163:Drivers/STM32F1xx_HAL_Driver/Src/stm32f1xx_hal_crc.c **** 
 138              		.loc 1 163 0
 139 0010 2268     		ldr	r2, [r4]
 140 0012 9368     		ldr	r3, [r2, #8]
 141 0014 43F00103 		orr	r3, r3, #1
 142 0018 9360     		str	r3, [r2, #8]
 166:Drivers/STM32F1xx_HAL_Driver/Src/stm32f1xx_hal_crc.c **** 
ARM GAS  /tmp/cclWXlnB.s 			page 7


 143              		.loc 1 166 0
 144 001a 6071     		strb	r0, [r4, #5]
 169:Drivers/STM32F1xx_HAL_Driver/Src/stm32f1xx_hal_crc.c **** 
 145              		.loc 1 169 0
 146 001c 2071     		strb	r0, [r4, #4]
 172:Drivers/STM32F1xx_HAL_Driver/Src/stm32f1xx_hal_crc.c **** }
 147              		.loc 1 172 0
 148 001e 10BD     		pop	{r4, pc}
 149              	.LVL7:
 150              	.L9:
 150:Drivers/STM32F1xx_HAL_Driver/Src/stm32f1xx_hal_crc.c ****   }
 151              		.loc 1 150 0
 152 0020 0120     		movs	r0, #1
 153              	.LVL8:
 173:Drivers/STM32F1xx_HAL_Driver/Src/stm32f1xx_hal_crc.c **** 
 154              		.loc 1 173 0
 155 0022 10BD     		pop	{r4, pc}
 156              		.cfi_endproc
 157              	.LFE65:
 159              		.section	.text.HAL_CRC_Accumulate,"ax",%progbits
 160              		.align	1
 161              		.global	HAL_CRC_Accumulate
 162              		.syntax unified
 163              		.thumb
 164              		.thumb_func
 165              		.fpu softvfp
 167              	HAL_CRC_Accumulate:
 168              	.LFB68:
 198:Drivers/STM32F1xx_HAL_Driver/Src/stm32f1xx_hal_crc.c ****   /* Prevent unused argument(s) compilation warning */
 199:Drivers/STM32F1xx_HAL_Driver/Src/stm32f1xx_hal_crc.c ****   UNUSED(hcrc);
 200:Drivers/STM32F1xx_HAL_Driver/Src/stm32f1xx_hal_crc.c ****   /* NOTE : This function Should not be modified, when the callback is needed,
 201:Drivers/STM32F1xx_HAL_Driver/Src/stm32f1xx_hal_crc.c ****             the HAL_CRC_MspDeInit could be implemented in the user file
 202:Drivers/STM32F1xx_HAL_Driver/Src/stm32f1xx_hal_crc.c ****    */
 203:Drivers/STM32F1xx_HAL_Driver/Src/stm32f1xx_hal_crc.c **** }
 204:Drivers/STM32F1xx_HAL_Driver/Src/stm32f1xx_hal_crc.c **** 
 205:Drivers/STM32F1xx_HAL_Driver/Src/stm32f1xx_hal_crc.c **** /**
 206:Drivers/STM32F1xx_HAL_Driver/Src/stm32f1xx_hal_crc.c ****   * @}
 207:Drivers/STM32F1xx_HAL_Driver/Src/stm32f1xx_hal_crc.c ****   */
 208:Drivers/STM32F1xx_HAL_Driver/Src/stm32f1xx_hal_crc.c **** 
 209:Drivers/STM32F1xx_HAL_Driver/Src/stm32f1xx_hal_crc.c **** /** @defgroup CRC_Exported_Functions_Group2 Peripheral Control functions 
 210:Drivers/STM32F1xx_HAL_Driver/Src/stm32f1xx_hal_crc.c ****  *  @brief    management functions. 
 211:Drivers/STM32F1xx_HAL_Driver/Src/stm32f1xx_hal_crc.c ****  *
 212:Drivers/STM32F1xx_HAL_Driver/Src/stm32f1xx_hal_crc.c **** @verbatim   
 213:Drivers/STM32F1xx_HAL_Driver/Src/stm32f1xx_hal_crc.c ****   ==============================================================================
 214:Drivers/STM32F1xx_HAL_Driver/Src/stm32f1xx_hal_crc.c ****                       ##### Peripheral Control functions #####
 215:Drivers/STM32F1xx_HAL_Driver/Src/stm32f1xx_hal_crc.c ****   ==============================================================================  
 216:Drivers/STM32F1xx_HAL_Driver/Src/stm32f1xx_hal_crc.c ****     [..]  This section provides functions allowing to:
 217:Drivers/STM32F1xx_HAL_Driver/Src/stm32f1xx_hal_crc.c ****       (+) Compute the 32-bit CRC value of 32-bit data buffer,
 218:Drivers/STM32F1xx_HAL_Driver/Src/stm32f1xx_hal_crc.c ****           using combination of the previous CRC value and the new one.
 219:Drivers/STM32F1xx_HAL_Driver/Src/stm32f1xx_hal_crc.c ****       (+) Compute the 32-bit CRC value of 32-bit data buffer,
 220:Drivers/STM32F1xx_HAL_Driver/Src/stm32f1xx_hal_crc.c ****           independently of the previous CRC value.
 221:Drivers/STM32F1xx_HAL_Driver/Src/stm32f1xx_hal_crc.c **** 
 222:Drivers/STM32F1xx_HAL_Driver/Src/stm32f1xx_hal_crc.c **** @endverbatim
 223:Drivers/STM32F1xx_HAL_Driver/Src/stm32f1xx_hal_crc.c ****   * @{
 224:Drivers/STM32F1xx_HAL_Driver/Src/stm32f1xx_hal_crc.c ****   */
 225:Drivers/STM32F1xx_HAL_Driver/Src/stm32f1xx_hal_crc.c **** 
 226:Drivers/STM32F1xx_HAL_Driver/Src/stm32f1xx_hal_crc.c **** /**
ARM GAS  /tmp/cclWXlnB.s 			page 8


 227:Drivers/STM32F1xx_HAL_Driver/Src/stm32f1xx_hal_crc.c ****   * @brief  Computes the 32-bit CRC of 32-bit data buffer using combination
 228:Drivers/STM32F1xx_HAL_Driver/Src/stm32f1xx_hal_crc.c ****   *         of the previous CRC value and the new one.
 229:Drivers/STM32F1xx_HAL_Driver/Src/stm32f1xx_hal_crc.c ****   * @param  hcrc: pointer to a CRC_HandleTypeDef structure that contains
 230:Drivers/STM32F1xx_HAL_Driver/Src/stm32f1xx_hal_crc.c ****   *         the configuration information for CRC
 231:Drivers/STM32F1xx_HAL_Driver/Src/stm32f1xx_hal_crc.c ****   * @param  pBuffer: pointer to the buffer containing the data to be computed
 232:Drivers/STM32F1xx_HAL_Driver/Src/stm32f1xx_hal_crc.c ****   * @param  BufferLength: length of the buffer to be computed (defined in word, 4 bytes)
 233:Drivers/STM32F1xx_HAL_Driver/Src/stm32f1xx_hal_crc.c ****   * @retval 32-bit CRC
 234:Drivers/STM32F1xx_HAL_Driver/Src/stm32f1xx_hal_crc.c ****   */
 235:Drivers/STM32F1xx_HAL_Driver/Src/stm32f1xx_hal_crc.c **** uint32_t HAL_CRC_Accumulate(CRC_HandleTypeDef *hcrc, uint32_t pBuffer[], uint32_t BufferLength)
 236:Drivers/STM32F1xx_HAL_Driver/Src/stm32f1xx_hal_crc.c **** {
 169              		.loc 1 236 0
 170              		.cfi_startproc
 171              		@ args = 0, pretend = 0, frame = 0
 172              		@ frame_needed = 0, uses_anonymous_args = 0
 173              	.LVL9:
 237:Drivers/STM32F1xx_HAL_Driver/Src/stm32f1xx_hal_crc.c ****   uint32_t index = 0;
 238:Drivers/STM32F1xx_HAL_Driver/Src/stm32f1xx_hal_crc.c **** 
 239:Drivers/STM32F1xx_HAL_Driver/Src/stm32f1xx_hal_crc.c ****   /* Process Locked */
 240:Drivers/STM32F1xx_HAL_Driver/Src/stm32f1xx_hal_crc.c ****   __HAL_LOCK(hcrc);
 174              		.loc 1 240 0
 175 0000 0379     		ldrb	r3, [r0, #4]	@ zero_extendqisi2
 236:Drivers/STM32F1xx_HAL_Driver/Src/stm32f1xx_hal_crc.c ****   uint32_t index = 0;
 176              		.loc 1 236 0
 177 0002 10B5     		push	{r4, lr}
 178              	.LCFI2:
 179              		.cfi_def_cfa_offset 8
 180              		.cfi_offset 4, -8
 181              		.cfi_offset 14, -4
 182              		.loc 1 240 0
 183 0004 012B     		cmp	r3, #1
 184 0006 4FF00203 		mov	r3, #2
 185 000a 11D0     		beq	.L14
 186              		.loc 1 240 0 is_stmt 0 discriminator 2
 187 000c 0124     		movs	r4, #1
 241:Drivers/STM32F1xx_HAL_Driver/Src/stm32f1xx_hal_crc.c **** 
 242:Drivers/STM32F1xx_HAL_Driver/Src/stm32f1xx_hal_crc.c ****   /* Change CRC peripheral state */
 243:Drivers/STM32F1xx_HAL_Driver/Src/stm32f1xx_hal_crc.c ****   hcrc->State = HAL_CRC_STATE_BUSY;
 188              		.loc 1 243 0 is_stmt 1 discriminator 2
 189 000e 4371     		strb	r3, [r0, #5]
 240:Drivers/STM32F1xx_HAL_Driver/Src/stm32f1xx_hal_crc.c **** 
 190              		.loc 1 240 0 discriminator 2
 191 0010 0471     		strb	r4, [r0, #4]
 192 0012 01EB8202 		add	r2, r1, r2, lsl #2
 193              	.LVL10:
 194              	.L12:
 244:Drivers/STM32F1xx_HAL_Driver/Src/stm32f1xx_hal_crc.c **** 
 245:Drivers/STM32F1xx_HAL_Driver/Src/stm32f1xx_hal_crc.c ****   /* Enter Data to the CRC calculator */
 246:Drivers/STM32F1xx_HAL_Driver/Src/stm32f1xx_hal_crc.c ****   for(index = 0; index < BufferLength; index++)
 195              		.loc 1 246 0 discriminator 1
 196 0016 9142     		cmp	r1, r2
 197 0018 0368     		ldr	r3, [r0]
 198 001a 05D1     		bne	.L13
 247:Drivers/STM32F1xx_HAL_Driver/Src/stm32f1xx_hal_crc.c ****   {
 248:Drivers/STM32F1xx_HAL_Driver/Src/stm32f1xx_hal_crc.c ****     hcrc->Instance->DR = pBuffer[index];
 249:Drivers/STM32F1xx_HAL_Driver/Src/stm32f1xx_hal_crc.c ****   }
 250:Drivers/STM32F1xx_HAL_Driver/Src/stm32f1xx_hal_crc.c **** 
 251:Drivers/STM32F1xx_HAL_Driver/Src/stm32f1xx_hal_crc.c ****   /* Change CRC peripheral state */
ARM GAS  /tmp/cclWXlnB.s 			page 9


 252:Drivers/STM32F1xx_HAL_Driver/Src/stm32f1xx_hal_crc.c ****   hcrc->State = HAL_CRC_STATE_READY;
 199              		.loc 1 252 0
 200 001c 0122     		movs	r2, #1
 201 001e 4271     		strb	r2, [r0, #5]
 253:Drivers/STM32F1xx_HAL_Driver/Src/stm32f1xx_hal_crc.c **** 
 254:Drivers/STM32F1xx_HAL_Driver/Src/stm32f1xx_hal_crc.c ****   /* Process Unlocked */
 255:Drivers/STM32F1xx_HAL_Driver/Src/stm32f1xx_hal_crc.c ****   __HAL_UNLOCK(hcrc);
 202              		.loc 1 255 0
 203 0020 0022     		movs	r2, #0
 204 0022 0271     		strb	r2, [r0, #4]
 256:Drivers/STM32F1xx_HAL_Driver/Src/stm32f1xx_hal_crc.c **** 
 257:Drivers/STM32F1xx_HAL_Driver/Src/stm32f1xx_hal_crc.c ****   /* Return the CRC computed value */
 258:Drivers/STM32F1xx_HAL_Driver/Src/stm32f1xx_hal_crc.c ****   return hcrc->Instance->DR;
 205              		.loc 1 258 0
 206 0024 1868     		ldr	r0, [r3]
 207              	.LVL11:
 208 0026 10BD     		pop	{r4, pc}
 209              	.LVL12:
 210              	.L13:
 248:Drivers/STM32F1xx_HAL_Driver/Src/stm32f1xx_hal_crc.c ****   }
 211              		.loc 1 248 0 discriminator 3
 212 0028 51F8044B 		ldr	r4, [r1], #4
 213 002c 1C60     		str	r4, [r3]
 214 002e F2E7     		b	.L12
 215              	.LVL13:
 216              	.L14:
 240:Drivers/STM32F1xx_HAL_Driver/Src/stm32f1xx_hal_crc.c **** 
 217              		.loc 1 240 0
 218 0030 1846     		mov	r0, r3
 219              	.LVL14:
 259:Drivers/STM32F1xx_HAL_Driver/Src/stm32f1xx_hal_crc.c **** }
 220              		.loc 1 259 0
 221 0032 10BD     		pop	{r4, pc}
 222              		.cfi_endproc
 223              	.LFE68:
 225              		.section	.text.HAL_CRC_Calculate,"ax",%progbits
 226              		.align	1
 227              		.global	HAL_CRC_Calculate
 228              		.syntax unified
 229              		.thumb
 230              		.thumb_func
 231              		.fpu softvfp
 233              	HAL_CRC_Calculate:
 234              	.LFB69:
 260:Drivers/STM32F1xx_HAL_Driver/Src/stm32f1xx_hal_crc.c **** 
 261:Drivers/STM32F1xx_HAL_Driver/Src/stm32f1xx_hal_crc.c **** /**
 262:Drivers/STM32F1xx_HAL_Driver/Src/stm32f1xx_hal_crc.c ****   * @brief  Computes the 32-bit CRC of 32-bit data buffer independently
 263:Drivers/STM32F1xx_HAL_Driver/Src/stm32f1xx_hal_crc.c ****   *         of the previous CRC value.
 264:Drivers/STM32F1xx_HAL_Driver/Src/stm32f1xx_hal_crc.c ****   * @param  hcrc: pointer to a CRC_HandleTypeDef structure that contains
 265:Drivers/STM32F1xx_HAL_Driver/Src/stm32f1xx_hal_crc.c ****   *         the configuration information for CRC
 266:Drivers/STM32F1xx_HAL_Driver/Src/stm32f1xx_hal_crc.c ****   * @param  pBuffer: Pointer to the buffer containing the data to be computed
 267:Drivers/STM32F1xx_HAL_Driver/Src/stm32f1xx_hal_crc.c ****   * @param  BufferLength: Length of the buffer to be computed (defined in word, 4 bytes)
 268:Drivers/STM32F1xx_HAL_Driver/Src/stm32f1xx_hal_crc.c ****   * @retval 32-bit CRC
 269:Drivers/STM32F1xx_HAL_Driver/Src/stm32f1xx_hal_crc.c ****   */
 270:Drivers/STM32F1xx_HAL_Driver/Src/stm32f1xx_hal_crc.c **** uint32_t HAL_CRC_Calculate(CRC_HandleTypeDef *hcrc, uint32_t pBuffer[], uint32_t BufferLength)
 271:Drivers/STM32F1xx_HAL_Driver/Src/stm32f1xx_hal_crc.c **** {
 235              		.loc 1 271 0
ARM GAS  /tmp/cclWXlnB.s 			page 10


 236              		.cfi_startproc
 237              		@ args = 0, pretend = 0, frame = 0
 238              		@ frame_needed = 0, uses_anonymous_args = 0
 239              	.LVL15:
 272:Drivers/STM32F1xx_HAL_Driver/Src/stm32f1xx_hal_crc.c ****   uint32_t index = 0;
 273:Drivers/STM32F1xx_HAL_Driver/Src/stm32f1xx_hal_crc.c **** 
 274:Drivers/STM32F1xx_HAL_Driver/Src/stm32f1xx_hal_crc.c ****   /* Process Locked */
 275:Drivers/STM32F1xx_HAL_Driver/Src/stm32f1xx_hal_crc.c ****   __HAL_LOCK(hcrc); 
 240              		.loc 1 275 0
 241 0000 0379     		ldrb	r3, [r0, #4]	@ zero_extendqisi2
 271:Drivers/STM32F1xx_HAL_Driver/Src/stm32f1xx_hal_crc.c ****   uint32_t index = 0;
 242              		.loc 1 271 0
 243 0002 10B5     		push	{r4, lr}
 244              	.LCFI3:
 245              		.cfi_def_cfa_offset 8
 246              		.cfi_offset 4, -8
 247              		.cfi_offset 14, -4
 248              		.loc 1 275 0
 249 0004 012B     		cmp	r3, #1
 250 0006 4FF00203 		mov	r3, #2
 251 000a 15D0     		beq	.L19
 252              		.loc 1 275 0 is_stmt 0 discriminator 2
 253 000c 0124     		movs	r4, #1
 276:Drivers/STM32F1xx_HAL_Driver/Src/stm32f1xx_hal_crc.c **** 
 277:Drivers/STM32F1xx_HAL_Driver/Src/stm32f1xx_hal_crc.c ****   /* Change CRC peripheral state */
 278:Drivers/STM32F1xx_HAL_Driver/Src/stm32f1xx_hal_crc.c ****   hcrc->State = HAL_CRC_STATE_BUSY;
 254              		.loc 1 278 0 is_stmt 1 discriminator 2
 255 000e 4371     		strb	r3, [r0, #5]
 279:Drivers/STM32F1xx_HAL_Driver/Src/stm32f1xx_hal_crc.c **** 
 280:Drivers/STM32F1xx_HAL_Driver/Src/stm32f1xx_hal_crc.c ****   /* Reset CRC Calculation Unit */
 281:Drivers/STM32F1xx_HAL_Driver/Src/stm32f1xx_hal_crc.c ****   __HAL_CRC_DR_RESET(hcrc);
 256              		.loc 1 281 0 discriminator 2
 257 0010 0368     		ldr	r3, [r0]
 275:Drivers/STM32F1xx_HAL_Driver/Src/stm32f1xx_hal_crc.c **** 
 258              		.loc 1 275 0 discriminator 2
 259 0012 0471     		strb	r4, [r0, #4]
 260              		.loc 1 281 0 discriminator 2
 261 0014 9C68     		ldr	r4, [r3, #8]
 262 0016 01EB8202 		add	r2, r1, r2, lsl #2
 263              	.LVL16:
 264 001a 44F00104 		orr	r4, r4, #1
 265 001e 9C60     		str	r4, [r3, #8]
 266              	.LVL17:
 267              	.L17:
 282:Drivers/STM32F1xx_HAL_Driver/Src/stm32f1xx_hal_crc.c **** 
 283:Drivers/STM32F1xx_HAL_Driver/Src/stm32f1xx_hal_crc.c ****   /* Enter Data to the CRC calculator */
 284:Drivers/STM32F1xx_HAL_Driver/Src/stm32f1xx_hal_crc.c ****   for(index = 0; index < BufferLength; index++)
 268              		.loc 1 284 0 discriminator 1
 269 0020 9142     		cmp	r1, r2
 270 0022 05D1     		bne	.L18
 285:Drivers/STM32F1xx_HAL_Driver/Src/stm32f1xx_hal_crc.c ****   {
 286:Drivers/STM32F1xx_HAL_Driver/Src/stm32f1xx_hal_crc.c ****     hcrc->Instance->DR = pBuffer[index];
 287:Drivers/STM32F1xx_HAL_Driver/Src/stm32f1xx_hal_crc.c ****   }
 288:Drivers/STM32F1xx_HAL_Driver/Src/stm32f1xx_hal_crc.c **** 
 289:Drivers/STM32F1xx_HAL_Driver/Src/stm32f1xx_hal_crc.c ****   /* Change CRC peripheral state */
 290:Drivers/STM32F1xx_HAL_Driver/Src/stm32f1xx_hal_crc.c ****   hcrc->State = HAL_CRC_STATE_READY;
 271              		.loc 1 290 0
ARM GAS  /tmp/cclWXlnB.s 			page 11


 272 0024 0122     		movs	r2, #1
 273 0026 4271     		strb	r2, [r0, #5]
 291:Drivers/STM32F1xx_HAL_Driver/Src/stm32f1xx_hal_crc.c **** 
 292:Drivers/STM32F1xx_HAL_Driver/Src/stm32f1xx_hal_crc.c ****   /* Process Unlocked */
 293:Drivers/STM32F1xx_HAL_Driver/Src/stm32f1xx_hal_crc.c ****   __HAL_UNLOCK(hcrc);
 274              		.loc 1 293 0
 275 0028 0022     		movs	r2, #0
 276 002a 0271     		strb	r2, [r0, #4]
 294:Drivers/STM32F1xx_HAL_Driver/Src/stm32f1xx_hal_crc.c **** 
 295:Drivers/STM32F1xx_HAL_Driver/Src/stm32f1xx_hal_crc.c ****   /* Return the CRC computed value */
 296:Drivers/STM32F1xx_HAL_Driver/Src/stm32f1xx_hal_crc.c ****   return hcrc->Instance->DR;
 277              		.loc 1 296 0
 278 002c 1868     		ldr	r0, [r3]
 279              	.LVL18:
 280 002e 10BD     		pop	{r4, pc}
 281              	.LVL19:
 282              	.L18:
 286:Drivers/STM32F1xx_HAL_Driver/Src/stm32f1xx_hal_crc.c ****   }
 283              		.loc 1 286 0 discriminator 3
 284 0030 51F8044B 		ldr	r4, [r1], #4
 285 0034 1C60     		str	r4, [r3]
 286 0036 F3E7     		b	.L17
 287              	.LVL20:
 288              	.L19:
 275:Drivers/STM32F1xx_HAL_Driver/Src/stm32f1xx_hal_crc.c **** 
 289              		.loc 1 275 0
 290 0038 1846     		mov	r0, r3
 291              	.LVL21:
 297:Drivers/STM32F1xx_HAL_Driver/Src/stm32f1xx_hal_crc.c **** }
 292              		.loc 1 297 0
 293 003a 10BD     		pop	{r4, pc}
 294              		.cfi_endproc
 295              	.LFE69:
 297              		.section	.text.HAL_CRC_GetState,"ax",%progbits
 298              		.align	1
 299              		.global	HAL_CRC_GetState
 300              		.syntax unified
 301              		.thumb
 302              		.thumb_func
 303              		.fpu softvfp
 305              	HAL_CRC_GetState:
 306              	.LFB70:
 298:Drivers/STM32F1xx_HAL_Driver/Src/stm32f1xx_hal_crc.c **** 
 299:Drivers/STM32F1xx_HAL_Driver/Src/stm32f1xx_hal_crc.c **** /**
 300:Drivers/STM32F1xx_HAL_Driver/Src/stm32f1xx_hal_crc.c ****   * @}
 301:Drivers/STM32F1xx_HAL_Driver/Src/stm32f1xx_hal_crc.c ****   */
 302:Drivers/STM32F1xx_HAL_Driver/Src/stm32f1xx_hal_crc.c **** 
 303:Drivers/STM32F1xx_HAL_Driver/Src/stm32f1xx_hal_crc.c **** /** @defgroup CRC_Exported_Functions_Group3 Peripheral State functions 
 304:Drivers/STM32F1xx_HAL_Driver/Src/stm32f1xx_hal_crc.c ****  *  @brief    Peripheral State functions. 
 305:Drivers/STM32F1xx_HAL_Driver/Src/stm32f1xx_hal_crc.c ****  *
 306:Drivers/STM32F1xx_HAL_Driver/Src/stm32f1xx_hal_crc.c **** @verbatim   
 307:Drivers/STM32F1xx_HAL_Driver/Src/stm32f1xx_hal_crc.c ****   ==============================================================================
 308:Drivers/STM32F1xx_HAL_Driver/Src/stm32f1xx_hal_crc.c ****                       ##### Peripheral State functions #####
 309:Drivers/STM32F1xx_HAL_Driver/Src/stm32f1xx_hal_crc.c ****   ==============================================================================  
 310:Drivers/STM32F1xx_HAL_Driver/Src/stm32f1xx_hal_crc.c ****     [..]
 311:Drivers/STM32F1xx_HAL_Driver/Src/stm32f1xx_hal_crc.c ****     This subsection permits to get in run-time the status of the peripheral.
 312:Drivers/STM32F1xx_HAL_Driver/Src/stm32f1xx_hal_crc.c **** 
ARM GAS  /tmp/cclWXlnB.s 			page 12


 313:Drivers/STM32F1xx_HAL_Driver/Src/stm32f1xx_hal_crc.c **** @endverbatim
 314:Drivers/STM32F1xx_HAL_Driver/Src/stm32f1xx_hal_crc.c ****   * @{
 315:Drivers/STM32F1xx_HAL_Driver/Src/stm32f1xx_hal_crc.c ****   */
 316:Drivers/STM32F1xx_HAL_Driver/Src/stm32f1xx_hal_crc.c **** 
 317:Drivers/STM32F1xx_HAL_Driver/Src/stm32f1xx_hal_crc.c **** /**
 318:Drivers/STM32F1xx_HAL_Driver/Src/stm32f1xx_hal_crc.c ****   * @brief  Returns the CRC state.
 319:Drivers/STM32F1xx_HAL_Driver/Src/stm32f1xx_hal_crc.c ****   * @param  hcrc: pointer to a CRC_HandleTypeDef structure that contains
 320:Drivers/STM32F1xx_HAL_Driver/Src/stm32f1xx_hal_crc.c ****   *         the configuration information for CRC
 321:Drivers/STM32F1xx_HAL_Driver/Src/stm32f1xx_hal_crc.c ****   * @retval HAL state
 322:Drivers/STM32F1xx_HAL_Driver/Src/stm32f1xx_hal_crc.c ****   */
 323:Drivers/STM32F1xx_HAL_Driver/Src/stm32f1xx_hal_crc.c **** HAL_CRC_StateTypeDef HAL_CRC_GetState(CRC_HandleTypeDef *hcrc)
 324:Drivers/STM32F1xx_HAL_Driver/Src/stm32f1xx_hal_crc.c **** {
 307              		.loc 1 324 0
 308              		.cfi_startproc
 309              		@ args = 0, pretend = 0, frame = 0
 310              		@ frame_needed = 0, uses_anonymous_args = 0
 311              		@ link register save eliminated.
 312              	.LVL22:
 325:Drivers/STM32F1xx_HAL_Driver/Src/stm32f1xx_hal_crc.c ****   return hcrc->State;
 313              		.loc 1 325 0
 314 0000 4079     		ldrb	r0, [r0, #5]	@ zero_extendqisi2
 315              	.LVL23:
 326:Drivers/STM32F1xx_HAL_Driver/Src/stm32f1xx_hal_crc.c **** }
 316              		.loc 1 326 0
 317 0002 7047     		bx	lr
 318              		.cfi_endproc
 319              	.LFE70:
 321              		.text
 322              	.Letext0:
 323              		.file 2 "/opt/gcc-arm-none-eabi-6-2017-q1-update/arm-none-eabi/include/machine/_default_types.h"
 324              		.file 3 "/opt/gcc-arm-none-eabi-6-2017-q1-update/arm-none-eabi/include/sys/_stdint.h"
 325              		.file 4 "Drivers/CMSIS/Include/core_cm3.h"
 326              		.file 5 "Drivers/CMSIS/Device/ST/STM32F1xx/Include/system_stm32f1xx.h"
 327              		.file 6 "Drivers/CMSIS/Device/ST/STM32F1xx/Include/stm32f103xb.h"
 328              		.file 7 "/opt/gcc-arm-none-eabi-6-2017-q1-update/arm-none-eabi/include/sys/lock.h"
 329              		.file 8 "/opt/gcc-arm-none-eabi-6-2017-q1-update/arm-none-eabi/include/sys/_types.h"
 330              		.file 9 "/opt/gcc-arm-none-eabi-6-2017-q1-update/lib/gcc/arm-none-eabi/6.3.1/include/stddef.h"
 331              		.file 10 "/opt/gcc-arm-none-eabi-6-2017-q1-update/arm-none-eabi/include/sys/reent.h"
 332              		.file 11 "Drivers/STM32F1xx_HAL_Driver/Inc/stm32f1xx_hal_def.h"
 333              		.file 12 "Drivers/STM32F1xx_HAL_Driver/Inc/stm32f1xx_hal_crc.h"
ARM GAS  /tmp/cclWXlnB.s 			page 13


DEFINED SYMBOLS
                            *ABS*:0000000000000000 stm32f1xx_hal_crc.c
     /tmp/cclWXlnB.s:16     .text.HAL_CRC_MspInit:0000000000000000 $t
     /tmp/cclWXlnB.s:23     .text.HAL_CRC_MspInit:0000000000000000 HAL_CRC_MspInit
     /tmp/cclWXlnB.s:34     .text.HAL_CRC_Init:0000000000000000 $t
     /tmp/cclWXlnB.s:41     .text.HAL_CRC_Init:0000000000000000 HAL_CRC_Init
     /tmp/cclWXlnB.s:87     .text.HAL_CRC_MspDeInit:0000000000000000 $t
     /tmp/cclWXlnB.s:94     .text.HAL_CRC_MspDeInit:0000000000000000 HAL_CRC_MspDeInit
     /tmp/cclWXlnB.s:107    .text.HAL_CRC_DeInit:0000000000000000 $t
     /tmp/cclWXlnB.s:114    .text.HAL_CRC_DeInit:0000000000000000 HAL_CRC_DeInit
     /tmp/cclWXlnB.s:160    .text.HAL_CRC_Accumulate:0000000000000000 $t
     /tmp/cclWXlnB.s:167    .text.HAL_CRC_Accumulate:0000000000000000 HAL_CRC_Accumulate
     /tmp/cclWXlnB.s:226    .text.HAL_CRC_Calculate:0000000000000000 $t
     /tmp/cclWXlnB.s:233    .text.HAL_CRC_Calculate:0000000000000000 HAL_CRC_Calculate
     /tmp/cclWXlnB.s:298    .text.HAL_CRC_GetState:0000000000000000 $t
     /tmp/cclWXlnB.s:305    .text.HAL_CRC_GetState:0000000000000000 HAL_CRC_GetState
                     .debug_frame:0000000000000010 $d

NO UNDEFINED SYMBOLS
