ARM GAS  /tmp/ccQYLIhD.s 			page 1


   1              		.cpu cortex-m3
   2              		.eabi_attribute 20, 1
   3              		.eabi_attribute 21, 1
   4              		.eabi_attribute 23, 3
   5              		.eabi_attribute 24, 1
   6              		.eabi_attribute 25, 1
   7              		.eabi_attribute 26, 1
   8              		.eabi_attribute 30, 4
   9              		.eabi_attribute 34, 1
  10              		.eabi_attribute 18, 4
  11              		.file	"usb_device.c"
  12              		.text
  13              	.Ltext0:
  14              		.cfi_sections	.debug_frame
  15              		.section	.text.MX_USB_DEVICE_Init,"ax",%progbits
  16              		.align	1
  17              		.global	MX_USB_DEVICE_Init
  18              		.syntax unified
  19              		.thumb
  20              		.thumb_func
  21              		.fpu softvfp
  23              	MX_USB_DEVICE_Init:
  24              	.LFB64:
  25              		.file 1 "Src/usb_device.c"
   1:Src/usb_device.c **** /**
   2:Src/usb_device.c ****   ******************************************************************************
   3:Src/usb_device.c ****   * @file           : USB_DEVICE  
   4:Src/usb_device.c ****   * @version        : v2.0_Cube
   5:Src/usb_device.c ****   * @brief          : This file implements the USB Device 
   6:Src/usb_device.c ****   ******************************************************************************
   7:Src/usb_device.c ****   * This notice applies to any and all portions of this file
   8:Src/usb_device.c ****   * that are not between comment pairs USER CODE BEGIN and
   9:Src/usb_device.c ****   * USER CODE END. Other portions of this file, whether 
  10:Src/usb_device.c ****   * inserted by the user or by software development tools
  11:Src/usb_device.c ****   * are owned by their respective copyright owners.
  12:Src/usb_device.c ****   *
  13:Src/usb_device.c ****   * Copyright (c) 2017 STMicroelectronics International N.V. 
  14:Src/usb_device.c ****   * All rights reserved.
  15:Src/usb_device.c ****   *
  16:Src/usb_device.c ****   * Redistribution and use in source and binary forms, with or without 
  17:Src/usb_device.c ****   * modification, are permitted, provided that the following conditions are met:
  18:Src/usb_device.c ****   *
  19:Src/usb_device.c ****   * 1. Redistribution of source code must retain the above copyright notice, 
  20:Src/usb_device.c ****   *    this list of conditions and the following disclaimer.
  21:Src/usb_device.c ****   * 2. Redistributions in binary form must reproduce the above copyright notice,
  22:Src/usb_device.c ****   *    this list of conditions and the following disclaimer in the documentation
  23:Src/usb_device.c ****   *    and/or other materials provided with the distribution.
  24:Src/usb_device.c ****   * 3. Neither the name of STMicroelectronics nor the names of other 
  25:Src/usb_device.c ****   *    contributors to this software may be used to endorse or promote products 
  26:Src/usb_device.c ****   *    derived from this software without specific written permission.
  27:Src/usb_device.c ****   * 4. This software, including modifications and/or derivative works of this 
  28:Src/usb_device.c ****   *    software, must execute solely and exclusively on microcontroller or
  29:Src/usb_device.c ****   *    microprocessor devices manufactured by or for STMicroelectronics.
  30:Src/usb_device.c ****   * 5. Redistribution and use of this software other than as permitted under 
  31:Src/usb_device.c ****   *    this license is void and will automatically terminate your rights under 
  32:Src/usb_device.c ****   *    this license. 
  33:Src/usb_device.c ****   *
ARM GAS  /tmp/ccQYLIhD.s 			page 2


  34:Src/usb_device.c ****   * THIS SOFTWARE IS PROVIDED BY STMICROELECTRONICS AND CONTRIBUTORS "AS IS" 
  35:Src/usb_device.c ****   * AND ANY EXPRESS, IMPLIED OR STATUTORY WARRANTIES, INCLUDING, BUT NOT 
  36:Src/usb_device.c ****   * LIMITED TO, THE IMPLIED WARRANTIES OF MERCHANTABILITY, FITNESS FOR A 
  37:Src/usb_device.c ****   * PARTICULAR PURPOSE AND NON-INFRINGEMENT OF THIRD PARTY INTELLECTUAL PROPERTY
  38:Src/usb_device.c ****   * RIGHTS ARE DISCLAIMED TO THE FULLEST EXTENT PERMITTED BY LAW. IN NO EVENT 
  39:Src/usb_device.c ****   * SHALL STMICROELECTRONICS OR CONTRIBUTORS BE LIABLE FOR ANY DIRECT, INDIRECT,
  40:Src/usb_device.c ****   * INCIDENTAL, SPECIAL, EXEMPLARY, OR CONSEQUENTIAL DAMAGES (INCLUDING, BUT NOT
  41:Src/usb_device.c ****   * LIMITED TO, PROCUREMENT OF SUBSTITUTE GOODS OR SERVICES; LOSS OF USE, DATA, 
  42:Src/usb_device.c ****   * OR PROFITS; OR BUSINESS INTERRUPTION) HOWEVER CAUSED AND ON ANY THEORY OF 
  43:Src/usb_device.c ****   * LIABILITY, WHETHER IN CONTRACT, STRICT LIABILITY, OR TORT (INCLUDING 
  44:Src/usb_device.c ****   * NEGLIGENCE OR OTHERWISE) ARISING IN ANY WAY OUT OF THE USE OF THIS SOFTWARE,
  45:Src/usb_device.c ****   * EVEN IF ADVISED OF THE POSSIBILITY OF SUCH DAMAGE.
  46:Src/usb_device.c ****   *
  47:Src/usb_device.c ****   ******************************************************************************
  48:Src/usb_device.c **** */
  49:Src/usb_device.c **** 
  50:Src/usb_device.c **** /* Includes ------------------------------------------------------------------*/
  51:Src/usb_device.c **** 
  52:Src/usb_device.c **** #include "usb_device.h"
  53:Src/usb_device.c **** #include "usbd_core.h"
  54:Src/usb_device.c **** #include "usbd_desc.h"
  55:Src/usb_device.c **** #include "usbd_cdc.h"
  56:Src/usb_device.c **** #include "usbd_cdc_if.h"
  57:Src/usb_device.c **** 
  58:Src/usb_device.c **** /* USB Device Core handle declaration */
  59:Src/usb_device.c **** USBD_HandleTypeDef hUsbDeviceFS;
  60:Src/usb_device.c **** 
  61:Src/usb_device.c **** /* init function */				        
  62:Src/usb_device.c **** void MX_USB_DEVICE_Init(void)
  63:Src/usb_device.c **** {
  26              		.loc 1 63 0
  27              		.cfi_startproc
  28              		@ args = 0, pretend = 0, frame = 0
  29              		@ frame_needed = 0, uses_anonymous_args = 0
  30 0000 10B5     		push	{r4, lr}
  31              	.LCFI0:
  32              		.cfi_def_cfa_offset 8
  33              		.cfi_offset 4, -8
  34              		.cfi_offset 14, -4
  64:Src/usb_device.c ****   /* Init Device Library,Add Supported Class and Start the library*/
  65:Src/usb_device.c ****   USBD_Init(&hUsbDeviceFS, &FS_Desc, DEVICE_FS);
  35              		.loc 1 65 0
  36 0002 094C     		ldr	r4, .L2
  37 0004 0022     		movs	r2, #0
  38 0006 0949     		ldr	r1, .L2+4
  39 0008 2046     		mov	r0, r4
  40 000a FFF7FEFF 		bl	USBD_Init
  41              	.LVL0:
  66:Src/usb_device.c **** 
  67:Src/usb_device.c ****   USBD_RegisterClass(&hUsbDeviceFS, &USBD_CDC);
  42              		.loc 1 67 0
  43 000e 0849     		ldr	r1, .L2+8
  44 0010 2046     		mov	r0, r4
  45 0012 FFF7FEFF 		bl	USBD_RegisterClass
  46              	.LVL1:
  68:Src/usb_device.c **** 
  69:Src/usb_device.c ****   USBD_CDC_RegisterInterface(&hUsbDeviceFS, &USBD_Interface_fops_FS);
ARM GAS  /tmp/ccQYLIhD.s 			page 3


  47              		.loc 1 69 0
  48 0016 2046     		mov	r0, r4
  49 0018 0649     		ldr	r1, .L2+12
  50 001a FFF7FEFF 		bl	USBD_CDC_RegisterInterface
  51              	.LVL2:
  70:Src/usb_device.c **** 
  71:Src/usb_device.c ****   USBD_Start(&hUsbDeviceFS);
  52              		.loc 1 71 0
  53 001e 2046     		mov	r0, r4
  72:Src/usb_device.c **** 
  73:Src/usb_device.c **** }
  54              		.loc 1 73 0
  55 0020 BDE81040 		pop	{r4, lr}
  56              	.LCFI1:
  57              		.cfi_restore 14
  58              		.cfi_restore 4
  59              		.cfi_def_cfa_offset 0
  71:Src/usb_device.c **** 
  60              		.loc 1 71 0
  61 0024 FFF7FEBF 		b	USBD_Start
  62              	.LVL3:
  63              	.L3:
  64              		.align	2
  65              	.L2:
  66 0028 00000000 		.word	hUsbDeviceFS
  67 002c 00000000 		.word	FS_Desc
  68 0030 00000000 		.word	USBD_CDC
  69 0034 00000000 		.word	USBD_Interface_fops_FS
  70              		.cfi_endproc
  71              	.LFE64:
  73              		.comm	hUsbDeviceFS,548,4
  74              		.text
  75              	.Letext0:
  76              		.file 2 "/opt/gcc-arm-none-eabi-6-2017-q1-update/arm-none-eabi/include/machine/_default_types.h"
  77              		.file 3 "/opt/gcc-arm-none-eabi-6-2017-q1-update/arm-none-eabi/include/sys/_stdint.h"
  78              		.file 4 "Drivers/CMSIS/Include/core_cm3.h"
  79              		.file 5 "Drivers/CMSIS/Device/ST/STM32F1xx/Include/system_stm32f1xx.h"
  80              		.file 6 "/opt/gcc-arm-none-eabi-6-2017-q1-update/arm-none-eabi/include/sys/lock.h"
  81              		.file 7 "/opt/gcc-arm-none-eabi-6-2017-q1-update/arm-none-eabi/include/sys/_types.h"
  82              		.file 8 "/opt/gcc-arm-none-eabi-6-2017-q1-update/lib/gcc/arm-none-eabi/6.3.1/include/stddef.h"
  83              		.file 9 "/opt/gcc-arm-none-eabi-6-2017-q1-update/arm-none-eabi/include/sys/reent.h"
  84              		.file 10 "Middlewares/ST/STM32_USB_Device_Library/Core/Inc/usbd_def.h"
  85              		.file 11 "Inc/usb_device.h"
  86              		.file 12 "Inc/usbd_desc.h"
  87              		.file 13 "Middlewares/ST/STM32_USB_Device_Library/Class/CDC/Inc/usbd_cdc.h"
  88              		.file 14 "Inc/usbd_cdc_if.h"
  89              		.file 15 "Middlewares/ST/STM32_USB_Device_Library/Core/Inc/usbd_core.h"
ARM GAS  /tmp/ccQYLIhD.s 			page 4


DEFINED SYMBOLS
                            *ABS*:0000000000000000 usb_device.c
     /tmp/ccQYLIhD.s:16     .text.MX_USB_DEVICE_Init:0000000000000000 $t
     /tmp/ccQYLIhD.s:23     .text.MX_USB_DEVICE_Init:0000000000000000 MX_USB_DEVICE_Init
     /tmp/ccQYLIhD.s:66     .text.MX_USB_DEVICE_Init:0000000000000028 $d
                            *COM*:0000000000000224 hUsbDeviceFS
                     .debug_frame:0000000000000010 $d

UNDEFINED SYMBOLS
USBD_Init
USBD_RegisterClass
USBD_CDC_RegisterInterface
USBD_Start
FS_Desc
USBD_CDC
USBD_Interface_fops_FS
