ARM GAS  /tmp/ccuuARKN.s 			page 1


   1              		.cpu cortex-m3
   2              		.eabi_attribute 20, 1
   3              		.eabi_attribute 21, 1
   4              		.eabi_attribute 23, 3
   5              		.eabi_attribute 24, 1
   6              		.eabi_attribute 25, 1
   7              		.eabi_attribute 26, 1
   8              		.eabi_attribute 30, 4
   9              		.eabi_attribute 34, 1
  10              		.eabi_attribute 18, 4
  11              		.file	"usbd_core.c"
  12              		.text
  13              	.Ltext0:
  14              		.cfi_sections	.debug_frame
  15              		.section	.text.USBD_Init,"ax",%progbits
  16              		.align	1
  17              		.global	USBD_Init
  18              		.syntax unified
  19              		.thumb
  20              		.thumb_func
  21              		.fpu softvfp
  23              	USBD_Init:
  24              	.LFB64:
  25              		.file 1 "Middlewares/ST/STM32_USB_Device_Library/Core/Src/usbd_core.c"
   1:Middlewares/ST/STM32_USB_Device_Library/Core/Src/usbd_core.c **** /**
   2:Middlewares/ST/STM32_USB_Device_Library/Core/Src/usbd_core.c ****   ******************************************************************************
   3:Middlewares/ST/STM32_USB_Device_Library/Core/Src/usbd_core.c ****   * @file    usbd_core.c
   4:Middlewares/ST/STM32_USB_Device_Library/Core/Src/usbd_core.c ****   * @author  MCD Application Team
   5:Middlewares/ST/STM32_USB_Device_Library/Core/Src/usbd_core.c ****   * @version V2.4.2
   6:Middlewares/ST/STM32_USB_Device_Library/Core/Src/usbd_core.c ****   * @date    11-December-2015
   7:Middlewares/ST/STM32_USB_Device_Library/Core/Src/usbd_core.c ****   * @brief   This file provides all the USBD core functions.
   8:Middlewares/ST/STM32_USB_Device_Library/Core/Src/usbd_core.c ****   ******************************************************************************
   9:Middlewares/ST/STM32_USB_Device_Library/Core/Src/usbd_core.c ****   * @attention
  10:Middlewares/ST/STM32_USB_Device_Library/Core/Src/usbd_core.c ****   *
  11:Middlewares/ST/STM32_USB_Device_Library/Core/Src/usbd_core.c ****   * <h2><center>&copy; COPYRIGHT 2015 STMicroelectronics</center></h2>
  12:Middlewares/ST/STM32_USB_Device_Library/Core/Src/usbd_core.c ****   *
  13:Middlewares/ST/STM32_USB_Device_Library/Core/Src/usbd_core.c ****   * Licensed under MCD-ST Liberty SW License Agreement V2, (the "License");
  14:Middlewares/ST/STM32_USB_Device_Library/Core/Src/usbd_core.c ****   * You may not use this file except in compliance with the License.
  15:Middlewares/ST/STM32_USB_Device_Library/Core/Src/usbd_core.c ****   * You may obtain a copy of the License at:
  16:Middlewares/ST/STM32_USB_Device_Library/Core/Src/usbd_core.c ****   *
  17:Middlewares/ST/STM32_USB_Device_Library/Core/Src/usbd_core.c ****   *        http://www.st.com/software_license_agreement_liberty_v2
  18:Middlewares/ST/STM32_USB_Device_Library/Core/Src/usbd_core.c ****   *
  19:Middlewares/ST/STM32_USB_Device_Library/Core/Src/usbd_core.c ****   * Unless required by applicable law or agreed to in writing, software 
  20:Middlewares/ST/STM32_USB_Device_Library/Core/Src/usbd_core.c ****   * distributed under the License is distributed on an "AS IS" BASIS, 
  21:Middlewares/ST/STM32_USB_Device_Library/Core/Src/usbd_core.c ****   * WITHOUT WARRANTIES OR CONDITIONS OF ANY KIND, either express or implied.
  22:Middlewares/ST/STM32_USB_Device_Library/Core/Src/usbd_core.c ****   * See the License for the specific language governing permissions and
  23:Middlewares/ST/STM32_USB_Device_Library/Core/Src/usbd_core.c ****   * limitations under the License.
  24:Middlewares/ST/STM32_USB_Device_Library/Core/Src/usbd_core.c ****   *
  25:Middlewares/ST/STM32_USB_Device_Library/Core/Src/usbd_core.c ****   ******************************************************************************
  26:Middlewares/ST/STM32_USB_Device_Library/Core/Src/usbd_core.c ****   */ 
  27:Middlewares/ST/STM32_USB_Device_Library/Core/Src/usbd_core.c **** 
  28:Middlewares/ST/STM32_USB_Device_Library/Core/Src/usbd_core.c **** /* Includes ------------------------------------------------------------------*/
  29:Middlewares/ST/STM32_USB_Device_Library/Core/Src/usbd_core.c **** #include "usbd_core.h"
  30:Middlewares/ST/STM32_USB_Device_Library/Core/Src/usbd_core.c **** 
  31:Middlewares/ST/STM32_USB_Device_Library/Core/Src/usbd_core.c **** /** @addtogroup STM32_USBD_DEVICE_LIBRARY
  32:Middlewares/ST/STM32_USB_Device_Library/Core/Src/usbd_core.c **** * @{
  33:Middlewares/ST/STM32_USB_Device_Library/Core/Src/usbd_core.c **** */
ARM GAS  /tmp/ccuuARKN.s 			page 2


  34:Middlewares/ST/STM32_USB_Device_Library/Core/Src/usbd_core.c **** 
  35:Middlewares/ST/STM32_USB_Device_Library/Core/Src/usbd_core.c **** 
  36:Middlewares/ST/STM32_USB_Device_Library/Core/Src/usbd_core.c **** /** @defgroup USBD_CORE 
  37:Middlewares/ST/STM32_USB_Device_Library/Core/Src/usbd_core.c **** * @brief usbd core module
  38:Middlewares/ST/STM32_USB_Device_Library/Core/Src/usbd_core.c **** * @{
  39:Middlewares/ST/STM32_USB_Device_Library/Core/Src/usbd_core.c **** */ 
  40:Middlewares/ST/STM32_USB_Device_Library/Core/Src/usbd_core.c **** 
  41:Middlewares/ST/STM32_USB_Device_Library/Core/Src/usbd_core.c **** /** @defgroup USBD_CORE_Private_TypesDefinitions
  42:Middlewares/ST/STM32_USB_Device_Library/Core/Src/usbd_core.c **** * @{
  43:Middlewares/ST/STM32_USB_Device_Library/Core/Src/usbd_core.c **** */ 
  44:Middlewares/ST/STM32_USB_Device_Library/Core/Src/usbd_core.c **** /**
  45:Middlewares/ST/STM32_USB_Device_Library/Core/Src/usbd_core.c **** * @}
  46:Middlewares/ST/STM32_USB_Device_Library/Core/Src/usbd_core.c **** */ 
  47:Middlewares/ST/STM32_USB_Device_Library/Core/Src/usbd_core.c **** 
  48:Middlewares/ST/STM32_USB_Device_Library/Core/Src/usbd_core.c **** 
  49:Middlewares/ST/STM32_USB_Device_Library/Core/Src/usbd_core.c **** /** @defgroup USBD_CORE_Private_Defines
  50:Middlewares/ST/STM32_USB_Device_Library/Core/Src/usbd_core.c **** * @{
  51:Middlewares/ST/STM32_USB_Device_Library/Core/Src/usbd_core.c **** */ 
  52:Middlewares/ST/STM32_USB_Device_Library/Core/Src/usbd_core.c **** 
  53:Middlewares/ST/STM32_USB_Device_Library/Core/Src/usbd_core.c **** /**
  54:Middlewares/ST/STM32_USB_Device_Library/Core/Src/usbd_core.c **** * @}
  55:Middlewares/ST/STM32_USB_Device_Library/Core/Src/usbd_core.c **** */ 
  56:Middlewares/ST/STM32_USB_Device_Library/Core/Src/usbd_core.c **** 
  57:Middlewares/ST/STM32_USB_Device_Library/Core/Src/usbd_core.c **** 
  58:Middlewares/ST/STM32_USB_Device_Library/Core/Src/usbd_core.c **** /** @defgroup USBD_CORE_Private_Macros
  59:Middlewares/ST/STM32_USB_Device_Library/Core/Src/usbd_core.c **** * @{
  60:Middlewares/ST/STM32_USB_Device_Library/Core/Src/usbd_core.c **** */ 
  61:Middlewares/ST/STM32_USB_Device_Library/Core/Src/usbd_core.c **** /**
  62:Middlewares/ST/STM32_USB_Device_Library/Core/Src/usbd_core.c **** * @}
  63:Middlewares/ST/STM32_USB_Device_Library/Core/Src/usbd_core.c **** */ 
  64:Middlewares/ST/STM32_USB_Device_Library/Core/Src/usbd_core.c **** 
  65:Middlewares/ST/STM32_USB_Device_Library/Core/Src/usbd_core.c **** 
  66:Middlewares/ST/STM32_USB_Device_Library/Core/Src/usbd_core.c **** 
  67:Middlewares/ST/STM32_USB_Device_Library/Core/Src/usbd_core.c **** 
  68:Middlewares/ST/STM32_USB_Device_Library/Core/Src/usbd_core.c **** /** @defgroup USBD_CORE_Private_FunctionPrototypes
  69:Middlewares/ST/STM32_USB_Device_Library/Core/Src/usbd_core.c **** * @{
  70:Middlewares/ST/STM32_USB_Device_Library/Core/Src/usbd_core.c **** */ 
  71:Middlewares/ST/STM32_USB_Device_Library/Core/Src/usbd_core.c **** 
  72:Middlewares/ST/STM32_USB_Device_Library/Core/Src/usbd_core.c **** /**
  73:Middlewares/ST/STM32_USB_Device_Library/Core/Src/usbd_core.c **** * @}
  74:Middlewares/ST/STM32_USB_Device_Library/Core/Src/usbd_core.c **** */ 
  75:Middlewares/ST/STM32_USB_Device_Library/Core/Src/usbd_core.c **** 
  76:Middlewares/ST/STM32_USB_Device_Library/Core/Src/usbd_core.c **** /** @defgroup USBD_CORE_Private_Variables
  77:Middlewares/ST/STM32_USB_Device_Library/Core/Src/usbd_core.c **** * @{
  78:Middlewares/ST/STM32_USB_Device_Library/Core/Src/usbd_core.c **** */ 
  79:Middlewares/ST/STM32_USB_Device_Library/Core/Src/usbd_core.c **** 
  80:Middlewares/ST/STM32_USB_Device_Library/Core/Src/usbd_core.c **** /**
  81:Middlewares/ST/STM32_USB_Device_Library/Core/Src/usbd_core.c **** * @}
  82:Middlewares/ST/STM32_USB_Device_Library/Core/Src/usbd_core.c **** */ 
  83:Middlewares/ST/STM32_USB_Device_Library/Core/Src/usbd_core.c **** 
  84:Middlewares/ST/STM32_USB_Device_Library/Core/Src/usbd_core.c **** /** @defgroup USBD_CORE_Private_Functions
  85:Middlewares/ST/STM32_USB_Device_Library/Core/Src/usbd_core.c **** * @{
  86:Middlewares/ST/STM32_USB_Device_Library/Core/Src/usbd_core.c **** */ 
  87:Middlewares/ST/STM32_USB_Device_Library/Core/Src/usbd_core.c **** 
  88:Middlewares/ST/STM32_USB_Device_Library/Core/Src/usbd_core.c **** /**
  89:Middlewares/ST/STM32_USB_Device_Library/Core/Src/usbd_core.c **** * @brief  USBD_Init
  90:Middlewares/ST/STM32_USB_Device_Library/Core/Src/usbd_core.c **** *         Initializes the device stack and load the class driver
ARM GAS  /tmp/ccuuARKN.s 			page 3


  91:Middlewares/ST/STM32_USB_Device_Library/Core/Src/usbd_core.c **** * @param  pdev: device instance
  92:Middlewares/ST/STM32_USB_Device_Library/Core/Src/usbd_core.c **** * @param  pdesc: Descriptor structure address
  93:Middlewares/ST/STM32_USB_Device_Library/Core/Src/usbd_core.c **** * @param  id: Low level core index
  94:Middlewares/ST/STM32_USB_Device_Library/Core/Src/usbd_core.c **** * @retval None
  95:Middlewares/ST/STM32_USB_Device_Library/Core/Src/usbd_core.c **** */
  96:Middlewares/ST/STM32_USB_Device_Library/Core/Src/usbd_core.c **** USBD_StatusTypeDef USBD_Init(USBD_HandleTypeDef *pdev, USBD_DescriptorsTypeDef *pdesc, uint8_t id)
  97:Middlewares/ST/STM32_USB_Device_Library/Core/Src/usbd_core.c **** {
  26              		.loc 1 97 0
  27              		.cfi_startproc
  28              		@ args = 0, pretend = 0, frame = 0
  29              		@ frame_needed = 0, uses_anonymous_args = 0
  30              	.LVL0:
  31 0000 08B5     		push	{r3, lr}
  32              	.LCFI0:
  33              		.cfi_def_cfa_offset 8
  34              		.cfi_offset 3, -8
  35              		.cfi_offset 14, -4
  98:Middlewares/ST/STM32_USB_Device_Library/Core/Src/usbd_core.c ****   /* Check whether the USB Host handle is valid */
  99:Middlewares/ST/STM32_USB_Device_Library/Core/Src/usbd_core.c ****   if(pdev == NULL)
  36              		.loc 1 99 0
  37 0002 80B1     		cbz	r0, .L5
 100:Middlewares/ST/STM32_USB_Device_Library/Core/Src/usbd_core.c ****   {
 101:Middlewares/ST/STM32_USB_Device_Library/Core/Src/usbd_core.c ****     USBD_ErrLog("Invalid Device handle");
 102:Middlewares/ST/STM32_USB_Device_Library/Core/Src/usbd_core.c ****     return USBD_FAIL; 
 103:Middlewares/ST/STM32_USB_Device_Library/Core/Src/usbd_core.c ****   }
 104:Middlewares/ST/STM32_USB_Device_Library/Core/Src/usbd_core.c ****   
 105:Middlewares/ST/STM32_USB_Device_Library/Core/Src/usbd_core.c ****   /* Unlink previous class*/
 106:Middlewares/ST/STM32_USB_Device_Library/Core/Src/usbd_core.c ****   if(pdev->pClass != NULL)
  38              		.loc 1 106 0
  39 0004 D0F81432 		ldr	r3, [r0, #532]
  40 0008 13B1     		cbz	r3, .L3
 107:Middlewares/ST/STM32_USB_Device_Library/Core/Src/usbd_core.c ****   {
 108:Middlewares/ST/STM32_USB_Device_Library/Core/Src/usbd_core.c ****     pdev->pClass = NULL;
  41              		.loc 1 108 0
  42 000a 0023     		movs	r3, #0
  43 000c C0F81432 		str	r3, [r0, #532]
  44              	.L3:
 109:Middlewares/ST/STM32_USB_Device_Library/Core/Src/usbd_core.c ****   }
 110:Middlewares/ST/STM32_USB_Device_Library/Core/Src/usbd_core.c ****   
 111:Middlewares/ST/STM32_USB_Device_Library/Core/Src/usbd_core.c ****   /* Assign USBD Descriptors */
 112:Middlewares/ST/STM32_USB_Device_Library/Core/Src/usbd_core.c ****   if(pdesc != NULL)
  45              		.loc 1 112 0
  46 0010 09B1     		cbz	r1, .L4
 113:Middlewares/ST/STM32_USB_Device_Library/Core/Src/usbd_core.c ****   {
 114:Middlewares/ST/STM32_USB_Device_Library/Core/Src/usbd_core.c ****     pdev->pDesc = pdesc;
  47              		.loc 1 114 0
  48 0012 C0F81012 		str	r1, [r0, #528]
  49              	.L4:
 115:Middlewares/ST/STM32_USB_Device_Library/Core/Src/usbd_core.c ****   }
 116:Middlewares/ST/STM32_USB_Device_Library/Core/Src/usbd_core.c ****   
 117:Middlewares/ST/STM32_USB_Device_Library/Core/Src/usbd_core.c ****   /* Set Device initial State */
 118:Middlewares/ST/STM32_USB_Device_Library/Core/Src/usbd_core.c ****   pdev->dev_state  = USBD_STATE_DEFAULT;
  50              		.loc 1 118 0
  51 0016 0123     		movs	r3, #1
 119:Middlewares/ST/STM32_USB_Device_Library/Core/Src/usbd_core.c ****   pdev->id = id;
  52              		.loc 1 119 0
  53 0018 0270     		strb	r2, [r0]
ARM GAS  /tmp/ccuuARKN.s 			page 4


 118:Middlewares/ST/STM32_USB_Device_Library/Core/Src/usbd_core.c ****   pdev->id = id;
  54              		.loc 1 118 0
  55 001a 80F8FC31 		strb	r3, [r0, #508]
 120:Middlewares/ST/STM32_USB_Device_Library/Core/Src/usbd_core.c ****   /* Initialize low level driver */
 121:Middlewares/ST/STM32_USB_Device_Library/Core/Src/usbd_core.c ****   USBD_LL_Init(pdev);
  56              		.loc 1 121 0
  57 001e FFF7FEFF 		bl	USBD_LL_Init
  58              	.LVL1:
 122:Middlewares/ST/STM32_USB_Device_Library/Core/Src/usbd_core.c ****   
 123:Middlewares/ST/STM32_USB_Device_Library/Core/Src/usbd_core.c ****   return USBD_OK; 
  59              		.loc 1 123 0
  60 0022 0020     		movs	r0, #0
  61 0024 08BD     		pop	{r3, pc}
  62              	.LVL2:
  63              	.L5:
 102:Middlewares/ST/STM32_USB_Device_Library/Core/Src/usbd_core.c ****   }
  64              		.loc 1 102 0
  65 0026 0220     		movs	r0, #2
  66              	.LVL3:
 124:Middlewares/ST/STM32_USB_Device_Library/Core/Src/usbd_core.c **** }
  67              		.loc 1 124 0
  68 0028 08BD     		pop	{r3, pc}
  69              		.cfi_endproc
  70              	.LFE64:
  72              		.section	.text.USBD_DeInit,"ax",%progbits
  73              		.align	1
  74              		.global	USBD_DeInit
  75              		.syntax unified
  76              		.thumb
  77              		.thumb_func
  78              		.fpu softvfp
  80              	USBD_DeInit:
  81              	.LFB65:
 125:Middlewares/ST/STM32_USB_Device_Library/Core/Src/usbd_core.c **** 
 126:Middlewares/ST/STM32_USB_Device_Library/Core/Src/usbd_core.c **** /**
 127:Middlewares/ST/STM32_USB_Device_Library/Core/Src/usbd_core.c **** * @brief  USBD_DeInit 
 128:Middlewares/ST/STM32_USB_Device_Library/Core/Src/usbd_core.c **** *         Re-Initialize th device library
 129:Middlewares/ST/STM32_USB_Device_Library/Core/Src/usbd_core.c **** * @param  pdev: device instance
 130:Middlewares/ST/STM32_USB_Device_Library/Core/Src/usbd_core.c **** * @retval status: status
 131:Middlewares/ST/STM32_USB_Device_Library/Core/Src/usbd_core.c **** */
 132:Middlewares/ST/STM32_USB_Device_Library/Core/Src/usbd_core.c **** USBD_StatusTypeDef USBD_DeInit(USBD_HandleTypeDef *pdev)
 133:Middlewares/ST/STM32_USB_Device_Library/Core/Src/usbd_core.c **** {
  82              		.loc 1 133 0
  83              		.cfi_startproc
  84              		@ args = 0, pretend = 0, frame = 0
  85              		@ frame_needed = 0, uses_anonymous_args = 0
  86              	.LVL4:
 134:Middlewares/ST/STM32_USB_Device_Library/Core/Src/usbd_core.c ****   /* Set Default State */
 135:Middlewares/ST/STM32_USB_Device_Library/Core/Src/usbd_core.c ****   pdev->dev_state  = USBD_STATE_DEFAULT;
  87              		.loc 1 135 0
  88 0000 0123     		movs	r3, #1
 133:Middlewares/ST/STM32_USB_Device_Library/Core/Src/usbd_core.c ****   /* Set Default State */
  89              		.loc 1 133 0
  90 0002 10B5     		push	{r4, lr}
  91              	.LCFI1:
  92              		.cfi_def_cfa_offset 8
  93              		.cfi_offset 4, -8
ARM GAS  /tmp/ccuuARKN.s 			page 5


  94              		.cfi_offset 14, -4
 133:Middlewares/ST/STM32_USB_Device_Library/Core/Src/usbd_core.c ****   /* Set Default State */
  95              		.loc 1 133 0
  96 0004 0446     		mov	r4, r0
  97              		.loc 1 135 0
  98 0006 80F8FC31 		strb	r3, [r0, #508]
 136:Middlewares/ST/STM32_USB_Device_Library/Core/Src/usbd_core.c ****   
 137:Middlewares/ST/STM32_USB_Device_Library/Core/Src/usbd_core.c ****   /* Free Class Resources */
 138:Middlewares/ST/STM32_USB_Device_Library/Core/Src/usbd_core.c ****   pdev->pClass->DeInit(pdev, pdev->dev_config);  
  99              		.loc 1 138 0
 100 000a D0F81432 		ldr	r3, [r0, #532]
 101 000e 0179     		ldrb	r1, [r0, #4]	@ zero_extendqisi2
 102 0010 5B68     		ldr	r3, [r3, #4]
 103 0012 9847     		blx	r3
 104              	.LVL5:
 139:Middlewares/ST/STM32_USB_Device_Library/Core/Src/usbd_core.c ****   
 140:Middlewares/ST/STM32_USB_Device_Library/Core/Src/usbd_core.c ****     /* Stop the low level driver  */
 141:Middlewares/ST/STM32_USB_Device_Library/Core/Src/usbd_core.c ****   USBD_LL_Stop(pdev); 
 105              		.loc 1 141 0
 106 0014 2046     		mov	r0, r4
 107 0016 FFF7FEFF 		bl	USBD_LL_Stop
 108              	.LVL6:
 142:Middlewares/ST/STM32_USB_Device_Library/Core/Src/usbd_core.c ****   
 143:Middlewares/ST/STM32_USB_Device_Library/Core/Src/usbd_core.c ****   /* Initialize low level driver */
 144:Middlewares/ST/STM32_USB_Device_Library/Core/Src/usbd_core.c ****   USBD_LL_DeInit(pdev);
 109              		.loc 1 144 0
 110 001a 2046     		mov	r0, r4
 111 001c FFF7FEFF 		bl	USBD_LL_DeInit
 112              	.LVL7:
 145:Middlewares/ST/STM32_USB_Device_Library/Core/Src/usbd_core.c ****   
 146:Middlewares/ST/STM32_USB_Device_Library/Core/Src/usbd_core.c ****   return USBD_OK;
 147:Middlewares/ST/STM32_USB_Device_Library/Core/Src/usbd_core.c **** }
 113              		.loc 1 147 0
 114 0020 0020     		movs	r0, #0
 115 0022 10BD     		pop	{r4, pc}
 116              		.cfi_endproc
 117              	.LFE65:
 119              		.section	.text.USBD_RegisterClass,"ax",%progbits
 120              		.align	1
 121              		.global	USBD_RegisterClass
 122              		.syntax unified
 123              		.thumb
 124              		.thumb_func
 125              		.fpu softvfp
 127              	USBD_RegisterClass:
 128              	.LFB66:
 148:Middlewares/ST/STM32_USB_Device_Library/Core/Src/usbd_core.c **** 
 149:Middlewares/ST/STM32_USB_Device_Library/Core/Src/usbd_core.c **** 
 150:Middlewares/ST/STM32_USB_Device_Library/Core/Src/usbd_core.c **** /**
 151:Middlewares/ST/STM32_USB_Device_Library/Core/Src/usbd_core.c ****   * @brief  USBD_RegisterClass 
 152:Middlewares/ST/STM32_USB_Device_Library/Core/Src/usbd_core.c ****   *         Link class driver to Device Core.
 153:Middlewares/ST/STM32_USB_Device_Library/Core/Src/usbd_core.c ****   * @param  pDevice : Device Handle
 154:Middlewares/ST/STM32_USB_Device_Library/Core/Src/usbd_core.c ****   * @param  pclass: Class handle
 155:Middlewares/ST/STM32_USB_Device_Library/Core/Src/usbd_core.c ****   * @retval USBD Status
 156:Middlewares/ST/STM32_USB_Device_Library/Core/Src/usbd_core.c ****   */
 157:Middlewares/ST/STM32_USB_Device_Library/Core/Src/usbd_core.c **** USBD_StatusTypeDef  USBD_RegisterClass(USBD_HandleTypeDef *pdev, USBD_ClassTypeDef *pclass)
 158:Middlewares/ST/STM32_USB_Device_Library/Core/Src/usbd_core.c **** {
ARM GAS  /tmp/ccuuARKN.s 			page 6


 129              		.loc 1 158 0
 130              		.cfi_startproc
 131              		@ args = 0, pretend = 0, frame = 0
 132              		@ frame_needed = 0, uses_anonymous_args = 0
 133              		@ link register save eliminated.
 134              	.LVL8:
 159:Middlewares/ST/STM32_USB_Device_Library/Core/Src/usbd_core.c ****   USBD_StatusTypeDef   status = USBD_OK;
 160:Middlewares/ST/STM32_USB_Device_Library/Core/Src/usbd_core.c ****   if(pclass != 0)
 135              		.loc 1 160 0
 136 0000 19B1     		cbz	r1, .L15
 161:Middlewares/ST/STM32_USB_Device_Library/Core/Src/usbd_core.c ****   {
 162:Middlewares/ST/STM32_USB_Device_Library/Core/Src/usbd_core.c ****     /* link the class to the USB Device handle */
 163:Middlewares/ST/STM32_USB_Device_Library/Core/Src/usbd_core.c ****     pdev->pClass = pclass;
 137              		.loc 1 163 0
 138 0002 C0F81412 		str	r1, [r0, #532]
 164:Middlewares/ST/STM32_USB_Device_Library/Core/Src/usbd_core.c ****     status = USBD_OK;
 139              		.loc 1 164 0
 140 0006 0020     		movs	r0, #0
 141              	.LVL9:
 142 0008 7047     		bx	lr
 143              	.LVL10:
 144              	.L15:
 165:Middlewares/ST/STM32_USB_Device_Library/Core/Src/usbd_core.c ****   }
 166:Middlewares/ST/STM32_USB_Device_Library/Core/Src/usbd_core.c ****   else
 167:Middlewares/ST/STM32_USB_Device_Library/Core/Src/usbd_core.c ****   {
 168:Middlewares/ST/STM32_USB_Device_Library/Core/Src/usbd_core.c ****     USBD_ErrLog("Invalid Class handle");
 169:Middlewares/ST/STM32_USB_Device_Library/Core/Src/usbd_core.c ****     status = USBD_FAIL; 
 145              		.loc 1 169 0
 146 000a 0220     		movs	r0, #2
 147              	.LVL11:
 170:Middlewares/ST/STM32_USB_Device_Library/Core/Src/usbd_core.c ****   }
 171:Middlewares/ST/STM32_USB_Device_Library/Core/Src/usbd_core.c ****   
 172:Middlewares/ST/STM32_USB_Device_Library/Core/Src/usbd_core.c ****   return status;
 173:Middlewares/ST/STM32_USB_Device_Library/Core/Src/usbd_core.c **** }
 148              		.loc 1 173 0
 149 000c 7047     		bx	lr
 150              		.cfi_endproc
 151              	.LFE66:
 153              		.section	.text.USBD_Start,"ax",%progbits
 154              		.align	1
 155              		.global	USBD_Start
 156              		.syntax unified
 157              		.thumb
 158              		.thumb_func
 159              		.fpu softvfp
 161              	USBD_Start:
 162              	.LFB67:
 174:Middlewares/ST/STM32_USB_Device_Library/Core/Src/usbd_core.c **** 
 175:Middlewares/ST/STM32_USB_Device_Library/Core/Src/usbd_core.c **** /**
 176:Middlewares/ST/STM32_USB_Device_Library/Core/Src/usbd_core.c ****   * @brief  USBD_Start 
 177:Middlewares/ST/STM32_USB_Device_Library/Core/Src/usbd_core.c ****   *         Start the USB Device Core.
 178:Middlewares/ST/STM32_USB_Device_Library/Core/Src/usbd_core.c ****   * @param  pdev: Device Handle
 179:Middlewares/ST/STM32_USB_Device_Library/Core/Src/usbd_core.c ****   * @retval USBD Status
 180:Middlewares/ST/STM32_USB_Device_Library/Core/Src/usbd_core.c ****   */
 181:Middlewares/ST/STM32_USB_Device_Library/Core/Src/usbd_core.c **** USBD_StatusTypeDef  USBD_Start  (USBD_HandleTypeDef *pdev)
 182:Middlewares/ST/STM32_USB_Device_Library/Core/Src/usbd_core.c **** {
 163              		.loc 1 182 0
ARM GAS  /tmp/ccuuARKN.s 			page 7


 164              		.cfi_startproc
 165              		@ args = 0, pretend = 0, frame = 0
 166              		@ frame_needed = 0, uses_anonymous_args = 0
 167              	.LVL12:
 168 0000 08B5     		push	{r3, lr}
 169              	.LCFI2:
 170              		.cfi_def_cfa_offset 8
 171              		.cfi_offset 3, -8
 172              		.cfi_offset 14, -4
 183:Middlewares/ST/STM32_USB_Device_Library/Core/Src/usbd_core.c ****   
 184:Middlewares/ST/STM32_USB_Device_Library/Core/Src/usbd_core.c ****   /* Start the low level driver  */
 185:Middlewares/ST/STM32_USB_Device_Library/Core/Src/usbd_core.c ****   USBD_LL_Start(pdev); 
 173              		.loc 1 185 0
 174 0002 FFF7FEFF 		bl	USBD_LL_Start
 175              	.LVL13:
 186:Middlewares/ST/STM32_USB_Device_Library/Core/Src/usbd_core.c ****   
 187:Middlewares/ST/STM32_USB_Device_Library/Core/Src/usbd_core.c ****   return USBD_OK;  
 188:Middlewares/ST/STM32_USB_Device_Library/Core/Src/usbd_core.c **** }
 176              		.loc 1 188 0
 177 0006 0020     		movs	r0, #0
 178 0008 08BD     		pop	{r3, pc}
 179              		.cfi_endproc
 180              	.LFE67:
 182              		.section	.text.USBD_Stop,"ax",%progbits
 183              		.align	1
 184              		.global	USBD_Stop
 185              		.syntax unified
 186              		.thumb
 187              		.thumb_func
 188              		.fpu softvfp
 190              	USBD_Stop:
 191              	.LFB68:
 189:Middlewares/ST/STM32_USB_Device_Library/Core/Src/usbd_core.c **** 
 190:Middlewares/ST/STM32_USB_Device_Library/Core/Src/usbd_core.c **** /**
 191:Middlewares/ST/STM32_USB_Device_Library/Core/Src/usbd_core.c ****   * @brief  USBD_Stop 
 192:Middlewares/ST/STM32_USB_Device_Library/Core/Src/usbd_core.c ****   *         Stop the USB Device Core.
 193:Middlewares/ST/STM32_USB_Device_Library/Core/Src/usbd_core.c ****   * @param  pdev: Device Handle
 194:Middlewares/ST/STM32_USB_Device_Library/Core/Src/usbd_core.c ****   * @retval USBD Status
 195:Middlewares/ST/STM32_USB_Device_Library/Core/Src/usbd_core.c ****   */
 196:Middlewares/ST/STM32_USB_Device_Library/Core/Src/usbd_core.c **** USBD_StatusTypeDef  USBD_Stop   (USBD_HandleTypeDef *pdev)
 197:Middlewares/ST/STM32_USB_Device_Library/Core/Src/usbd_core.c **** {
 192              		.loc 1 197 0
 193              		.cfi_startproc
 194              		@ args = 0, pretend = 0, frame = 0
 195              		@ frame_needed = 0, uses_anonymous_args = 0
 196              	.LVL14:
 197 0000 10B5     		push	{r4, lr}
 198              	.LCFI3:
 199              		.cfi_def_cfa_offset 8
 200              		.cfi_offset 4, -8
 201              		.cfi_offset 14, -4
 202              		.loc 1 197 0
 203 0002 0446     		mov	r4, r0
 198:Middlewares/ST/STM32_USB_Device_Library/Core/Src/usbd_core.c ****   /* Free Class Resources */
 199:Middlewares/ST/STM32_USB_Device_Library/Core/Src/usbd_core.c ****   pdev->pClass->DeInit(pdev, pdev->dev_config);  
 204              		.loc 1 199 0
 205 0004 D0F81432 		ldr	r3, [r0, #532]
ARM GAS  /tmp/ccuuARKN.s 			page 8


 206 0008 0179     		ldrb	r1, [r0, #4]	@ zero_extendqisi2
 207 000a 5B68     		ldr	r3, [r3, #4]
 208 000c 9847     		blx	r3
 209              	.LVL15:
 200:Middlewares/ST/STM32_USB_Device_Library/Core/Src/usbd_core.c **** 
 201:Middlewares/ST/STM32_USB_Device_Library/Core/Src/usbd_core.c ****   /* Stop the low level driver  */
 202:Middlewares/ST/STM32_USB_Device_Library/Core/Src/usbd_core.c ****   USBD_LL_Stop(pdev); 
 210              		.loc 1 202 0
 211 000e 2046     		mov	r0, r4
 212 0010 FFF7FEFF 		bl	USBD_LL_Stop
 213              	.LVL16:
 203:Middlewares/ST/STM32_USB_Device_Library/Core/Src/usbd_core.c ****   
 204:Middlewares/ST/STM32_USB_Device_Library/Core/Src/usbd_core.c ****   return USBD_OK;  
 205:Middlewares/ST/STM32_USB_Device_Library/Core/Src/usbd_core.c **** }
 214              		.loc 1 205 0
 215 0014 0020     		movs	r0, #0
 216 0016 10BD     		pop	{r4, pc}
 217              		.cfi_endproc
 218              	.LFE68:
 220              		.section	.text.USBD_RunTestMode,"ax",%progbits
 221              		.align	1
 222              		.global	USBD_RunTestMode
 223              		.syntax unified
 224              		.thumb
 225              		.thumb_func
 226              		.fpu softvfp
 228              	USBD_RunTestMode:
 229              	.LFB85:
 230              		.cfi_startproc
 231              		@ args = 0, pretend = 0, frame = 0
 232              		@ frame_needed = 0, uses_anonymous_args = 0
 233              		@ link register save eliminated.
 234 0000 0020     		movs	r0, #0
 235 0002 7047     		bx	lr
 236              		.cfi_endproc
 237              	.LFE85:
 239              		.section	.text.USBD_SetClassConfig,"ax",%progbits
 240              		.align	1
 241              		.global	USBD_SetClassConfig
 242              		.syntax unified
 243              		.thumb
 244              		.thumb_func
 245              		.fpu softvfp
 247              	USBD_SetClassConfig:
 248              	.LFB70:
 206:Middlewares/ST/STM32_USB_Device_Library/Core/Src/usbd_core.c **** 
 207:Middlewares/ST/STM32_USB_Device_Library/Core/Src/usbd_core.c **** /**
 208:Middlewares/ST/STM32_USB_Device_Library/Core/Src/usbd_core.c **** * @brief  USBD_RunTestMode 
 209:Middlewares/ST/STM32_USB_Device_Library/Core/Src/usbd_core.c **** *         Launch test mode process
 210:Middlewares/ST/STM32_USB_Device_Library/Core/Src/usbd_core.c **** * @param  pdev: device instance
 211:Middlewares/ST/STM32_USB_Device_Library/Core/Src/usbd_core.c **** * @retval status
 212:Middlewares/ST/STM32_USB_Device_Library/Core/Src/usbd_core.c **** */
 213:Middlewares/ST/STM32_USB_Device_Library/Core/Src/usbd_core.c **** USBD_StatusTypeDef  USBD_RunTestMode (USBD_HandleTypeDef  *pdev) 
 214:Middlewares/ST/STM32_USB_Device_Library/Core/Src/usbd_core.c **** {
 215:Middlewares/ST/STM32_USB_Device_Library/Core/Src/usbd_core.c ****   return USBD_OK;
 216:Middlewares/ST/STM32_USB_Device_Library/Core/Src/usbd_core.c **** }
 217:Middlewares/ST/STM32_USB_Device_Library/Core/Src/usbd_core.c **** 
ARM GAS  /tmp/ccuuARKN.s 			page 9


 218:Middlewares/ST/STM32_USB_Device_Library/Core/Src/usbd_core.c **** 
 219:Middlewares/ST/STM32_USB_Device_Library/Core/Src/usbd_core.c **** /**
 220:Middlewares/ST/STM32_USB_Device_Library/Core/Src/usbd_core.c **** * @brief  USBD_SetClassConfig 
 221:Middlewares/ST/STM32_USB_Device_Library/Core/Src/usbd_core.c **** *        Configure device and start the interface
 222:Middlewares/ST/STM32_USB_Device_Library/Core/Src/usbd_core.c **** * @param  pdev: device instance
 223:Middlewares/ST/STM32_USB_Device_Library/Core/Src/usbd_core.c **** * @param  cfgidx: configuration index
 224:Middlewares/ST/STM32_USB_Device_Library/Core/Src/usbd_core.c **** * @retval status
 225:Middlewares/ST/STM32_USB_Device_Library/Core/Src/usbd_core.c **** */
 226:Middlewares/ST/STM32_USB_Device_Library/Core/Src/usbd_core.c **** 
 227:Middlewares/ST/STM32_USB_Device_Library/Core/Src/usbd_core.c **** USBD_StatusTypeDef USBD_SetClassConfig(USBD_HandleTypeDef  *pdev, uint8_t cfgidx)
 228:Middlewares/ST/STM32_USB_Device_Library/Core/Src/usbd_core.c **** {
 249              		.loc 1 228 0
 250              		.cfi_startproc
 251              		@ args = 0, pretend = 0, frame = 0
 252              		@ frame_needed = 0, uses_anonymous_args = 0
 253              	.LVL17:
 254              		.loc 1 228 0
 255 0000 08B5     		push	{r3, lr}
 256              	.LCFI4:
 257              		.cfi_def_cfa_offset 8
 258              		.cfi_offset 3, -8
 259              		.cfi_offset 14, -4
 229:Middlewares/ST/STM32_USB_Device_Library/Core/Src/usbd_core.c ****   USBD_StatusTypeDef   ret = USBD_FAIL;
 230:Middlewares/ST/STM32_USB_Device_Library/Core/Src/usbd_core.c ****   
 231:Middlewares/ST/STM32_USB_Device_Library/Core/Src/usbd_core.c ****   if(pdev->pClass != NULL)
 260              		.loc 1 231 0
 261 0002 D0F81432 		ldr	r3, [r0, #532]
 262 0006 0BB9     		cbnz	r3, .L20
 263              	.LVL18:
 264              	.L22:
 229:Middlewares/ST/STM32_USB_Device_Library/Core/Src/usbd_core.c ****   USBD_StatusTypeDef   ret = USBD_FAIL;
 265              		.loc 1 229 0
 266 0008 0220     		movs	r0, #2
 267 000a 08BD     		pop	{r3, pc}
 268              	.LVL19:
 269              	.L20:
 232:Middlewares/ST/STM32_USB_Device_Library/Core/Src/usbd_core.c ****   {
 233:Middlewares/ST/STM32_USB_Device_Library/Core/Src/usbd_core.c ****     /* Set configuration  and Start the Class*/
 234:Middlewares/ST/STM32_USB_Device_Library/Core/Src/usbd_core.c ****     if(pdev->pClass->Init(pdev, cfgidx) == 0)
 270              		.loc 1 234 0
 271 000c 1B68     		ldr	r3, [r3]
 272 000e 9847     		blx	r3
 273              	.LVL20:
 274 0010 0028     		cmp	r0, #0
 275 0012 F9D1     		bne	.L22
 276              	.LVL21:
 235:Middlewares/ST/STM32_USB_Device_Library/Core/Src/usbd_core.c ****     {
 236:Middlewares/ST/STM32_USB_Device_Library/Core/Src/usbd_core.c ****       ret = USBD_OK;
 237:Middlewares/ST/STM32_USB_Device_Library/Core/Src/usbd_core.c ****     }
 238:Middlewares/ST/STM32_USB_Device_Library/Core/Src/usbd_core.c ****   }
 239:Middlewares/ST/STM32_USB_Device_Library/Core/Src/usbd_core.c ****   return ret; 
 240:Middlewares/ST/STM32_USB_Device_Library/Core/Src/usbd_core.c **** }
 277              		.loc 1 240 0
 278 0014 08BD     		pop	{r3, pc}
 279              		.cfi_endproc
 280              	.LFE70:
 282              		.section	.text.USBD_ClrClassConfig,"ax",%progbits
ARM GAS  /tmp/ccuuARKN.s 			page 10


 283              		.align	1
 284              		.global	USBD_ClrClassConfig
 285              		.syntax unified
 286              		.thumb
 287              		.thumb_func
 288              		.fpu softvfp
 290              	USBD_ClrClassConfig:
 291              	.LFB71:
 241:Middlewares/ST/STM32_USB_Device_Library/Core/Src/usbd_core.c **** 
 242:Middlewares/ST/STM32_USB_Device_Library/Core/Src/usbd_core.c **** /**
 243:Middlewares/ST/STM32_USB_Device_Library/Core/Src/usbd_core.c **** * @brief  USBD_ClrClassConfig 
 244:Middlewares/ST/STM32_USB_Device_Library/Core/Src/usbd_core.c **** *         Clear current configuration
 245:Middlewares/ST/STM32_USB_Device_Library/Core/Src/usbd_core.c **** * @param  pdev: device instance
 246:Middlewares/ST/STM32_USB_Device_Library/Core/Src/usbd_core.c **** * @param  cfgidx: configuration index
 247:Middlewares/ST/STM32_USB_Device_Library/Core/Src/usbd_core.c **** * @retval status: USBD_StatusTypeDef
 248:Middlewares/ST/STM32_USB_Device_Library/Core/Src/usbd_core.c **** */
 249:Middlewares/ST/STM32_USB_Device_Library/Core/Src/usbd_core.c **** USBD_StatusTypeDef USBD_ClrClassConfig(USBD_HandleTypeDef  *pdev, uint8_t cfgidx)
 250:Middlewares/ST/STM32_USB_Device_Library/Core/Src/usbd_core.c **** {
 292              		.loc 1 250 0
 293              		.cfi_startproc
 294              		@ args = 0, pretend = 0, frame = 0
 295              		@ frame_needed = 0, uses_anonymous_args = 0
 296              	.LVL22:
 297 0000 08B5     		push	{r3, lr}
 298              	.LCFI5:
 299              		.cfi_def_cfa_offset 8
 300              		.cfi_offset 3, -8
 301              		.cfi_offset 14, -4
 251:Middlewares/ST/STM32_USB_Device_Library/Core/Src/usbd_core.c ****   /* Clear configuration  and De-initialize the Class process*/
 252:Middlewares/ST/STM32_USB_Device_Library/Core/Src/usbd_core.c ****   pdev->pClass->DeInit(pdev, cfgidx);  
 302              		.loc 1 252 0
 303 0002 D0F81432 		ldr	r3, [r0, #532]
 304 0006 5B68     		ldr	r3, [r3, #4]
 305 0008 9847     		blx	r3
 306              	.LVL23:
 253:Middlewares/ST/STM32_USB_Device_Library/Core/Src/usbd_core.c ****   return USBD_OK;
 254:Middlewares/ST/STM32_USB_Device_Library/Core/Src/usbd_core.c **** }
 307              		.loc 1 254 0
 308 000a 0020     		movs	r0, #0
 309 000c 08BD     		pop	{r3, pc}
 310              		.cfi_endproc
 311              	.LFE71:
 313              		.section	.text.USBD_LL_SetupStage,"ax",%progbits
 314              		.align	1
 315              		.global	USBD_LL_SetupStage
 316              		.syntax unified
 317              		.thumb
 318              		.thumb_func
 319              		.fpu softvfp
 321              	USBD_LL_SetupStage:
 322              	.LFB72:
 255:Middlewares/ST/STM32_USB_Device_Library/Core/Src/usbd_core.c **** 
 256:Middlewares/ST/STM32_USB_Device_Library/Core/Src/usbd_core.c **** 
 257:Middlewares/ST/STM32_USB_Device_Library/Core/Src/usbd_core.c **** /**
 258:Middlewares/ST/STM32_USB_Device_Library/Core/Src/usbd_core.c **** * @brief  USBD_SetupStage 
 259:Middlewares/ST/STM32_USB_Device_Library/Core/Src/usbd_core.c **** *         Handle the setup stage
 260:Middlewares/ST/STM32_USB_Device_Library/Core/Src/usbd_core.c **** * @param  pdev: device instance
ARM GAS  /tmp/ccuuARKN.s 			page 11


 261:Middlewares/ST/STM32_USB_Device_Library/Core/Src/usbd_core.c **** * @retval status
 262:Middlewares/ST/STM32_USB_Device_Library/Core/Src/usbd_core.c **** */
 263:Middlewares/ST/STM32_USB_Device_Library/Core/Src/usbd_core.c **** USBD_StatusTypeDef USBD_LL_SetupStage(USBD_HandleTypeDef *pdev, uint8_t *psetup)
 264:Middlewares/ST/STM32_USB_Device_Library/Core/Src/usbd_core.c **** {
 323              		.loc 1 264 0
 324              		.cfi_startproc
 325              		@ args = 0, pretend = 0, frame = 0
 326              		@ frame_needed = 0, uses_anonymous_args = 0
 327              	.LVL24:
 328 0000 38B5     		push	{r3, r4, r5, lr}
 329              	.LCFI6:
 330              		.cfi_def_cfa_offset 16
 331              		.cfi_offset 3, -16
 332              		.cfi_offset 4, -12
 333              		.cfi_offset 5, -8
 334              		.cfi_offset 14, -4
 265:Middlewares/ST/STM32_USB_Device_Library/Core/Src/usbd_core.c **** 
 266:Middlewares/ST/STM32_USB_Device_Library/Core/Src/usbd_core.c ****   USBD_ParseSetupRequest(&pdev->request, psetup);
 335              		.loc 1 266 0
 336 0002 00F50275 		add	r5, r0, #520
 264:Middlewares/ST/STM32_USB_Device_Library/Core/Src/usbd_core.c **** 
 337              		.loc 1 264 0
 338 0006 0446     		mov	r4, r0
 339              		.loc 1 266 0
 340 0008 2846     		mov	r0, r5
 341              	.LVL25:
 342 000a FFF7FEFF 		bl	USBD_ParseSetupRequest
 343              	.LVL26:
 267:Middlewares/ST/STM32_USB_Device_Library/Core/Src/usbd_core.c ****   
 268:Middlewares/ST/STM32_USB_Device_Library/Core/Src/usbd_core.c ****   pdev->ep0_state = USBD_EP0_SETUP;
 344              		.loc 1 268 0
 345 000e 0123     		movs	r3, #1
 269:Middlewares/ST/STM32_USB_Device_Library/Core/Src/usbd_core.c ****   pdev->ep0_data_len = pdev->request.wLength;
 270:Middlewares/ST/STM32_USB_Device_Library/Core/Src/usbd_core.c ****   
 271:Middlewares/ST/STM32_USB_Device_Library/Core/Src/usbd_core.c ****   switch (pdev->request.bmRequest & 0x1F) 
 346              		.loc 1 271 0
 347 0010 94F80812 		ldrb	r1, [r4, #520]	@ zero_extendqisi2
 268:Middlewares/ST/STM32_USB_Device_Library/Core/Src/usbd_core.c ****   pdev->ep0_data_len = pdev->request.wLength;
 348              		.loc 1 268 0
 349 0014 C4F8F431 		str	r3, [r4, #500]
 269:Middlewares/ST/STM32_USB_Device_Library/Core/Src/usbd_core.c ****   pdev->ep0_data_len = pdev->request.wLength;
 350              		.loc 1 269 0
 351 0018 B4F80E32 		ldrh	r3, [r4, #526]
 352 001c C4F8F831 		str	r3, [r4, #504]
 353              		.loc 1 271 0
 354 0020 01F01F03 		and	r3, r1, #31
 355 0024 012B     		cmp	r3, #1
 356 0026 0ED0     		beq	.L26
 357 0028 07D3     		bcc	.L27
 358 002a 022B     		cmp	r3, #2
 359 002c 10D0     		beq	.L28
 272:Middlewares/ST/STM32_USB_Device_Library/Core/Src/usbd_core.c ****   {
 273:Middlewares/ST/STM32_USB_Device_Library/Core/Src/usbd_core.c ****   case USB_REQ_RECIPIENT_DEVICE:   
 274:Middlewares/ST/STM32_USB_Device_Library/Core/Src/usbd_core.c ****     USBD_StdDevReq (pdev, &pdev->request);
 275:Middlewares/ST/STM32_USB_Device_Library/Core/Src/usbd_core.c ****     break;
 276:Middlewares/ST/STM32_USB_Device_Library/Core/Src/usbd_core.c ****     
 277:Middlewares/ST/STM32_USB_Device_Library/Core/Src/usbd_core.c ****   case USB_REQ_RECIPIENT_INTERFACE:     
ARM GAS  /tmp/ccuuARKN.s 			page 12


 278:Middlewares/ST/STM32_USB_Device_Library/Core/Src/usbd_core.c ****     USBD_StdItfReq(pdev, &pdev->request);
 279:Middlewares/ST/STM32_USB_Device_Library/Core/Src/usbd_core.c ****     break;
 280:Middlewares/ST/STM32_USB_Device_Library/Core/Src/usbd_core.c ****     
 281:Middlewares/ST/STM32_USB_Device_Library/Core/Src/usbd_core.c ****   case USB_REQ_RECIPIENT_ENDPOINT:        
 282:Middlewares/ST/STM32_USB_Device_Library/Core/Src/usbd_core.c ****     USBD_StdEPReq(pdev, &pdev->request);   
 283:Middlewares/ST/STM32_USB_Device_Library/Core/Src/usbd_core.c ****     break;
 284:Middlewares/ST/STM32_USB_Device_Library/Core/Src/usbd_core.c ****     
 285:Middlewares/ST/STM32_USB_Device_Library/Core/Src/usbd_core.c ****   default:           
 286:Middlewares/ST/STM32_USB_Device_Library/Core/Src/usbd_core.c ****     USBD_LL_StallEP(pdev , pdev->request.bmRequest & 0x80);
 360              		.loc 1 286 0
 361 002e 01F08001 		and	r1, r1, #128
 362 0032 2046     		mov	r0, r4
 363 0034 FFF7FEFF 		bl	USBD_LL_StallEP
 364              	.LVL27:
 287:Middlewares/ST/STM32_USB_Device_Library/Core/Src/usbd_core.c ****     break;
 365              		.loc 1 287 0
 366 0038 03E0     		b	.L29
 367              	.L27:
 274:Middlewares/ST/STM32_USB_Device_Library/Core/Src/usbd_core.c ****     break;
 368              		.loc 1 274 0
 369 003a 2946     		mov	r1, r5
 370 003c 2046     		mov	r0, r4
 371 003e FFF7FEFF 		bl	USBD_StdDevReq
 372              	.LVL28:
 373              	.L29:
 288:Middlewares/ST/STM32_USB_Device_Library/Core/Src/usbd_core.c ****   }  
 289:Middlewares/ST/STM32_USB_Device_Library/Core/Src/usbd_core.c ****   return USBD_OK;  
 290:Middlewares/ST/STM32_USB_Device_Library/Core/Src/usbd_core.c **** }
 374              		.loc 1 290 0
 375 0042 0020     		movs	r0, #0
 376 0044 38BD     		pop	{r3, r4, r5, pc}
 377              	.LVL29:
 378              	.L26:
 278:Middlewares/ST/STM32_USB_Device_Library/Core/Src/usbd_core.c ****     break;
 379              		.loc 1 278 0
 380 0046 2946     		mov	r1, r5
 381 0048 2046     		mov	r0, r4
 382 004a FFF7FEFF 		bl	USBD_StdItfReq
 383              	.LVL30:
 279:Middlewares/ST/STM32_USB_Device_Library/Core/Src/usbd_core.c ****     
 384              		.loc 1 279 0
 385 004e F8E7     		b	.L29
 386              	.L28:
 282:Middlewares/ST/STM32_USB_Device_Library/Core/Src/usbd_core.c ****     break;
 387              		.loc 1 282 0
 388 0050 2946     		mov	r1, r5
 389 0052 2046     		mov	r0, r4
 390 0054 FFF7FEFF 		bl	USBD_StdEPReq
 391              	.LVL31:
 283:Middlewares/ST/STM32_USB_Device_Library/Core/Src/usbd_core.c ****     
 392              		.loc 1 283 0
 393 0058 F3E7     		b	.L29
 394              		.cfi_endproc
 395              	.LFE72:
 397              		.section	.text.USBD_LL_DataOutStage,"ax",%progbits
 398              		.align	1
 399              		.global	USBD_LL_DataOutStage
ARM GAS  /tmp/ccuuARKN.s 			page 13


 400              		.syntax unified
 401              		.thumb
 402              		.thumb_func
 403              		.fpu softvfp
 405              	USBD_LL_DataOutStage:
 406              	.LFB73:
 291:Middlewares/ST/STM32_USB_Device_Library/Core/Src/usbd_core.c **** 
 292:Middlewares/ST/STM32_USB_Device_Library/Core/Src/usbd_core.c **** /**
 293:Middlewares/ST/STM32_USB_Device_Library/Core/Src/usbd_core.c **** * @brief  USBD_DataOutStage 
 294:Middlewares/ST/STM32_USB_Device_Library/Core/Src/usbd_core.c **** *         Handle data OUT stage
 295:Middlewares/ST/STM32_USB_Device_Library/Core/Src/usbd_core.c **** * @param  pdev: device instance
 296:Middlewares/ST/STM32_USB_Device_Library/Core/Src/usbd_core.c **** * @param  epnum: endpoint index
 297:Middlewares/ST/STM32_USB_Device_Library/Core/Src/usbd_core.c **** * @retval status
 298:Middlewares/ST/STM32_USB_Device_Library/Core/Src/usbd_core.c **** */
 299:Middlewares/ST/STM32_USB_Device_Library/Core/Src/usbd_core.c **** USBD_StatusTypeDef USBD_LL_DataOutStage(USBD_HandleTypeDef *pdev , uint8_t epnum, uint8_t *pdata)
 300:Middlewares/ST/STM32_USB_Device_Library/Core/Src/usbd_core.c **** {
 407              		.loc 1 300 0
 408              		.cfi_startproc
 409              		@ args = 0, pretend = 0, frame = 0
 410              		@ frame_needed = 0, uses_anonymous_args = 0
 411              	.LVL32:
 412 0000 38B5     		push	{r3, r4, r5, lr}
 413              	.LCFI7:
 414              		.cfi_def_cfa_offset 16
 415              		.cfi_offset 3, -16
 416              		.cfi_offset 4, -12
 417              		.cfi_offset 5, -8
 418              		.cfi_offset 14, -4
 419              		.loc 1 300 0
 420 0002 0446     		mov	r4, r0
 421 0004 1546     		mov	r5, r2
 301:Middlewares/ST/STM32_USB_Device_Library/Core/Src/usbd_core.c ****   USBD_EndpointTypeDef    *pep;
 302:Middlewares/ST/STM32_USB_Device_Library/Core/Src/usbd_core.c ****   
 303:Middlewares/ST/STM32_USB_Device_Library/Core/Src/usbd_core.c ****   if(epnum == 0) 
 422              		.loc 1 303 0
 423 0006 11BB     		cbnz	r1, .L32
 424              	.LVL33:
 304:Middlewares/ST/STM32_USB_Device_Library/Core/Src/usbd_core.c ****   {
 305:Middlewares/ST/STM32_USB_Device_Library/Core/Src/usbd_core.c ****     pep = &pdev->ep_out[0];
 306:Middlewares/ST/STM32_USB_Device_Library/Core/Src/usbd_core.c ****     
 307:Middlewares/ST/STM32_USB_Device_Library/Core/Src/usbd_core.c ****     if ( pdev->ep0_state == USBD_EP0_DATA_OUT)
 425              		.loc 1 307 0
 426 0008 D0F8F431 		ldr	r3, [r0, #500]
 427 000c 032B     		cmp	r3, #3
 428 000e 0FD1     		bne	.L33
 308:Middlewares/ST/STM32_USB_Device_Library/Core/Src/usbd_core.c ****     {
 309:Middlewares/ST/STM32_USB_Device_Library/Core/Src/usbd_core.c ****       if(pep->rem_length > pep->maxpacket)
 429              		.loc 1 309 0
 430 0010 D0F80C31 		ldr	r3, [r0, #268]
 431 0014 D0F81021 		ldr	r2, [r0, #272]
 432              	.LVL34:
 433 0018 9342     		cmp	r3, r2
 434 001a 0BD9     		bls	.L34
 310:Middlewares/ST/STM32_USB_Device_Library/Core/Src/usbd_core.c ****       {
 311:Middlewares/ST/STM32_USB_Device_Library/Core/Src/usbd_core.c ****         pep->rem_length -=  pep->maxpacket;
 435              		.loc 1 311 0
 436 001c 9B1A     		subs	r3, r3, r2
ARM GAS  /tmp/ccuuARKN.s 			page 14


 312:Middlewares/ST/STM32_USB_Device_Library/Core/Src/usbd_core.c ****        
 313:Middlewares/ST/STM32_USB_Device_Library/Core/Src/usbd_core.c ****         USBD_CtlContinueRx (pdev, 
 314:Middlewares/ST/STM32_USB_Device_Library/Core/Src/usbd_core.c ****                             pdata,
 315:Middlewares/ST/STM32_USB_Device_Library/Core/Src/usbd_core.c ****                             MIN(pep->rem_length ,pep->maxpacket));
 437              		.loc 1 315 0
 438 001e 9A42     		cmp	r2, r3
 439 0020 28BF     		it	cs
 440 0022 1A46     		movcs	r2, r3
 311:Middlewares/ST/STM32_USB_Device_Library/Core/Src/usbd_core.c ****        
 441              		.loc 1 311 0
 442 0024 C0F80C31 		str	r3, [r0, #268]
 313:Middlewares/ST/STM32_USB_Device_Library/Core/Src/usbd_core.c ****                             pdata,
 443              		.loc 1 313 0
 444 0028 92B2     		uxth	r2, r2
 445 002a 2946     		mov	r1, r5
 446              	.LVL35:
 447 002c FFF7FEFF 		bl	USBD_CtlContinueRx
 448              	.LVL36:
 449              	.L33:
 316:Middlewares/ST/STM32_USB_Device_Library/Core/Src/usbd_core.c ****       }
 317:Middlewares/ST/STM32_USB_Device_Library/Core/Src/usbd_core.c ****       else
 318:Middlewares/ST/STM32_USB_Device_Library/Core/Src/usbd_core.c ****       {
 319:Middlewares/ST/STM32_USB_Device_Library/Core/Src/usbd_core.c ****         if((pdev->pClass->EP0_RxReady != NULL)&&
 320:Middlewares/ST/STM32_USB_Device_Library/Core/Src/usbd_core.c ****            (pdev->dev_state == USBD_STATE_CONFIGURED))
 321:Middlewares/ST/STM32_USB_Device_Library/Core/Src/usbd_core.c ****         {
 322:Middlewares/ST/STM32_USB_Device_Library/Core/Src/usbd_core.c ****           pdev->pClass->EP0_RxReady(pdev); 
 323:Middlewares/ST/STM32_USB_Device_Library/Core/Src/usbd_core.c ****         }
 324:Middlewares/ST/STM32_USB_Device_Library/Core/Src/usbd_core.c ****         USBD_CtlSendStatus(pdev);
 325:Middlewares/ST/STM32_USB_Device_Library/Core/Src/usbd_core.c ****       }
 326:Middlewares/ST/STM32_USB_Device_Library/Core/Src/usbd_core.c ****     }
 327:Middlewares/ST/STM32_USB_Device_Library/Core/Src/usbd_core.c ****   }
 328:Middlewares/ST/STM32_USB_Device_Library/Core/Src/usbd_core.c ****   else if((pdev->pClass->DataOut != NULL)&&
 329:Middlewares/ST/STM32_USB_Device_Library/Core/Src/usbd_core.c ****           (pdev->dev_state == USBD_STATE_CONFIGURED))
 330:Middlewares/ST/STM32_USB_Device_Library/Core/Src/usbd_core.c ****   {
 331:Middlewares/ST/STM32_USB_Device_Library/Core/Src/usbd_core.c ****     pdev->pClass->DataOut(pdev, epnum); 
 332:Middlewares/ST/STM32_USB_Device_Library/Core/Src/usbd_core.c ****   }  
 333:Middlewares/ST/STM32_USB_Device_Library/Core/Src/usbd_core.c ****   return USBD_OK;
 334:Middlewares/ST/STM32_USB_Device_Library/Core/Src/usbd_core.c **** }
 450              		.loc 1 334 0
 451 0030 0020     		movs	r0, #0
 452 0032 38BD     		pop	{r3, r4, r5, pc}
 453              	.LVL37:
 454              	.L34:
 319:Middlewares/ST/STM32_USB_Device_Library/Core/Src/usbd_core.c ****            (pdev->dev_state == USBD_STATE_CONFIGURED))
 455              		.loc 1 319 0
 456 0034 D0F81432 		ldr	r3, [r0, #532]
 457 0038 1B69     		ldr	r3, [r3, #16]
 458 003a 23B1     		cbz	r3, .L35
 319:Middlewares/ST/STM32_USB_Device_Library/Core/Src/usbd_core.c ****            (pdev->dev_state == USBD_STATE_CONFIGURED))
 459              		.loc 1 319 0 is_stmt 0 discriminator 1
 460 003c 90F8FC21 		ldrb	r2, [r0, #508]	@ zero_extendqisi2
 461 0040 032A     		cmp	r2, #3
 462 0042 00D1     		bne	.L35
 322:Middlewares/ST/STM32_USB_Device_Library/Core/Src/usbd_core.c ****         }
 463              		.loc 1 322 0 is_stmt 1
 464 0044 9847     		blx	r3
 465              	.LVL38:
ARM GAS  /tmp/ccuuARKN.s 			page 15


 466              	.L35:
 324:Middlewares/ST/STM32_USB_Device_Library/Core/Src/usbd_core.c ****       }
 467              		.loc 1 324 0
 468 0046 2046     		mov	r0, r4
 469 0048 FFF7FEFF 		bl	USBD_CtlSendStatus
 470              	.LVL39:
 471 004c F0E7     		b	.L33
 472              	.LVL40:
 473              	.L32:
 328:Middlewares/ST/STM32_USB_Device_Library/Core/Src/usbd_core.c ****           (pdev->dev_state == USBD_STATE_CONFIGURED))
 474              		.loc 1 328 0
 475 004e D0F81432 		ldr	r3, [r0, #532]
 476 0052 9B69     		ldr	r3, [r3, #24]
 477 0054 002B     		cmp	r3, #0
 478 0056 EBD0     		beq	.L33
 328:Middlewares/ST/STM32_USB_Device_Library/Core/Src/usbd_core.c ****           (pdev->dev_state == USBD_STATE_CONFIGURED))
 479              		.loc 1 328 0 is_stmt 0 discriminator 1
 480 0058 90F8FC21 		ldrb	r2, [r0, #508]	@ zero_extendqisi2
 481              	.LVL41:
 482 005c 032A     		cmp	r2, #3
 483 005e E7D1     		bne	.L33
 331:Middlewares/ST/STM32_USB_Device_Library/Core/Src/usbd_core.c ****   }  
 484              		.loc 1 331 0 is_stmt 1
 485 0060 9847     		blx	r3
 486              	.LVL42:
 487 0062 E5E7     		b	.L33
 488              		.cfi_endproc
 489              	.LFE73:
 491              		.section	.text.USBD_LL_DataInStage,"ax",%progbits
 492              		.align	1
 493              		.global	USBD_LL_DataInStage
 494              		.syntax unified
 495              		.thumb
 496              		.thumb_func
 497              		.fpu softvfp
 499              	USBD_LL_DataInStage:
 500              	.LFB74:
 335:Middlewares/ST/STM32_USB_Device_Library/Core/Src/usbd_core.c **** 
 336:Middlewares/ST/STM32_USB_Device_Library/Core/Src/usbd_core.c **** /**
 337:Middlewares/ST/STM32_USB_Device_Library/Core/Src/usbd_core.c **** * @brief  USBD_DataInStage 
 338:Middlewares/ST/STM32_USB_Device_Library/Core/Src/usbd_core.c **** *         Handle data in stage
 339:Middlewares/ST/STM32_USB_Device_Library/Core/Src/usbd_core.c **** * @param  pdev: device instance
 340:Middlewares/ST/STM32_USB_Device_Library/Core/Src/usbd_core.c **** * @param  epnum: endpoint index
 341:Middlewares/ST/STM32_USB_Device_Library/Core/Src/usbd_core.c **** * @retval status
 342:Middlewares/ST/STM32_USB_Device_Library/Core/Src/usbd_core.c **** */
 343:Middlewares/ST/STM32_USB_Device_Library/Core/Src/usbd_core.c **** USBD_StatusTypeDef USBD_LL_DataInStage(USBD_HandleTypeDef *pdev ,uint8_t epnum, uint8_t *pdata)
 344:Middlewares/ST/STM32_USB_Device_Library/Core/Src/usbd_core.c **** {
 501              		.loc 1 344 0
 502              		.cfi_startproc
 503              		@ args = 0, pretend = 0, frame = 0
 504              		@ frame_needed = 0, uses_anonymous_args = 0
 505              	.LVL43:
 506 0000 70B5     		push	{r4, r5, r6, lr}
 507              	.LCFI8:
 508              		.cfi_def_cfa_offset 16
 509              		.cfi_offset 4, -16
 510              		.cfi_offset 5, -12
ARM GAS  /tmp/ccuuARKN.s 			page 16


 511              		.cfi_offset 6, -8
 512              		.cfi_offset 14, -4
 513              		.loc 1 344 0
 514 0002 1346     		mov	r3, r2
 515 0004 0446     		mov	r4, r0
 345:Middlewares/ST/STM32_USB_Device_Library/Core/Src/usbd_core.c ****   USBD_EndpointTypeDef    *pep;
 346:Middlewares/ST/STM32_USB_Device_Library/Core/Src/usbd_core.c ****     
 347:Middlewares/ST/STM32_USB_Device_Library/Core/Src/usbd_core.c ****   if(epnum == 0) 
 516              		.loc 1 347 0
 517 0006 0E46     		mov	r6, r1
 518 0008 0029     		cmp	r1, #0
 519 000a 3DD1     		bne	.L43
 520              	.LVL44:
 348:Middlewares/ST/STM32_USB_Device_Library/Core/Src/usbd_core.c ****   {
 349:Middlewares/ST/STM32_USB_Device_Library/Core/Src/usbd_core.c ****     pep = &pdev->ep_in[0];
 350:Middlewares/ST/STM32_USB_Device_Library/Core/Src/usbd_core.c ****     
 351:Middlewares/ST/STM32_USB_Device_Library/Core/Src/usbd_core.c ****     if ( pdev->ep0_state == USBD_EP0_DATA_IN)
 521              		.loc 1 351 0
 522 000c D0F8F421 		ldr	r2, [r0, #500]
 523              	.LVL45:
 524 0010 022A     		cmp	r2, #2
 525 0012 0FD1     		bne	.L44
 352:Middlewares/ST/STM32_USB_Device_Library/Core/Src/usbd_core.c ****     {
 353:Middlewares/ST/STM32_USB_Device_Library/Core/Src/usbd_core.c ****       if(pep->rem_length > pep->maxpacket)
 526              		.loc 1 353 0
 527 0014 C569     		ldr	r5, [r0, #28]
 528 0016 026A     		ldr	r2, [r0, #32]
 529 0018 9542     		cmp	r5, r2
 530 001a 14D9     		bls	.L45
 354:Middlewares/ST/STM32_USB_Device_Library/Core/Src/usbd_core.c ****       {
 355:Middlewares/ST/STM32_USB_Device_Library/Core/Src/usbd_core.c ****         pep->rem_length -=  pep->maxpacket;
 531              		.loc 1 355 0
 532 001c AA1A     		subs	r2, r5, r2
 533 001e C261     		str	r2, [r0, #28]
 356:Middlewares/ST/STM32_USB_Device_Library/Core/Src/usbd_core.c ****         
 357:Middlewares/ST/STM32_USB_Device_Library/Core/Src/usbd_core.c ****         USBD_CtlContinueSendData (pdev, 
 534              		.loc 1 357 0
 535 0020 1946     		mov	r1, r3
 536              	.LVL46:
 537 0022 92B2     		uxth	r2, r2
 538 0024 FFF7FEFF 		bl	USBD_CtlContinueSendData
 539              	.LVL47:
 358:Middlewares/ST/STM32_USB_Device_Library/Core/Src/usbd_core.c ****                                   pdata, 
 359:Middlewares/ST/STM32_USB_Device_Library/Core/Src/usbd_core.c ****                                   pep->rem_length);
 360:Middlewares/ST/STM32_USB_Device_Library/Core/Src/usbd_core.c ****         
 361:Middlewares/ST/STM32_USB_Device_Library/Core/Src/usbd_core.c ****         /* Prepare endpoint for premature end of transfer */
 362:Middlewares/ST/STM32_USB_Device_Library/Core/Src/usbd_core.c ****         USBD_LL_PrepareReceive (pdev,
 540              		.loc 1 362 0
 541 0028 3346     		mov	r3, r6
 542              	.L57:
 363:Middlewares/ST/STM32_USB_Device_Library/Core/Src/usbd_core.c ****                                 0,
 364:Middlewares/ST/STM32_USB_Device_Library/Core/Src/usbd_core.c ****                                 NULL,
 365:Middlewares/ST/STM32_USB_Device_Library/Core/Src/usbd_core.c ****                                 0);  
 366:Middlewares/ST/STM32_USB_Device_Library/Core/Src/usbd_core.c ****       }
 367:Middlewares/ST/STM32_USB_Device_Library/Core/Src/usbd_core.c ****       else
 368:Middlewares/ST/STM32_USB_Device_Library/Core/Src/usbd_core.c ****       { /* last packet is MPS multiple, so send ZLP packet */
 369:Middlewares/ST/STM32_USB_Device_Library/Core/Src/usbd_core.c ****         if((pep->total_length % pep->maxpacket == 0) &&
ARM GAS  /tmp/ccuuARKN.s 			page 17


 370:Middlewares/ST/STM32_USB_Device_Library/Core/Src/usbd_core.c ****            (pep->total_length >= pep->maxpacket) &&
 371:Middlewares/ST/STM32_USB_Device_Library/Core/Src/usbd_core.c ****              (pep->total_length < pdev->ep0_data_len ))
 372:Middlewares/ST/STM32_USB_Device_Library/Core/Src/usbd_core.c ****         {
 373:Middlewares/ST/STM32_USB_Device_Library/Core/Src/usbd_core.c ****           
 374:Middlewares/ST/STM32_USB_Device_Library/Core/Src/usbd_core.c ****           USBD_CtlContinueSendData(pdev , NULL, 0);
 375:Middlewares/ST/STM32_USB_Device_Library/Core/Src/usbd_core.c ****           pdev->ep0_data_len = 0;
 376:Middlewares/ST/STM32_USB_Device_Library/Core/Src/usbd_core.c ****           
 377:Middlewares/ST/STM32_USB_Device_Library/Core/Src/usbd_core.c ****         /* Prepare endpoint for premature end of transfer */
 378:Middlewares/ST/STM32_USB_Device_Library/Core/Src/usbd_core.c ****         USBD_LL_PrepareReceive (pdev,
 543              		.loc 1 378 0
 544 002a 1A46     		mov	r2, r3
 545 002c 1946     		mov	r1, r3
 546 002e 2046     		mov	r0, r4
 547 0030 FFF7FEFF 		bl	USBD_LL_PrepareReceive
 548              	.LVL48:
 549              	.L44:
 379:Middlewares/ST/STM32_USB_Device_Library/Core/Src/usbd_core.c ****                                 0,
 380:Middlewares/ST/STM32_USB_Device_Library/Core/Src/usbd_core.c ****                                 NULL,
 381:Middlewares/ST/STM32_USB_Device_Library/Core/Src/usbd_core.c ****                                 0);
 382:Middlewares/ST/STM32_USB_Device_Library/Core/Src/usbd_core.c ****         }
 383:Middlewares/ST/STM32_USB_Device_Library/Core/Src/usbd_core.c ****         else
 384:Middlewares/ST/STM32_USB_Device_Library/Core/Src/usbd_core.c ****         {
 385:Middlewares/ST/STM32_USB_Device_Library/Core/Src/usbd_core.c ****           if((pdev->pClass->EP0_TxSent != NULL)&&
 386:Middlewares/ST/STM32_USB_Device_Library/Core/Src/usbd_core.c ****              (pdev->dev_state == USBD_STATE_CONFIGURED))
 387:Middlewares/ST/STM32_USB_Device_Library/Core/Src/usbd_core.c ****           {
 388:Middlewares/ST/STM32_USB_Device_Library/Core/Src/usbd_core.c ****             pdev->pClass->EP0_TxSent(pdev); 
 389:Middlewares/ST/STM32_USB_Device_Library/Core/Src/usbd_core.c ****           }          
 390:Middlewares/ST/STM32_USB_Device_Library/Core/Src/usbd_core.c ****           USBD_CtlReceiveStatus(pdev);
 391:Middlewares/ST/STM32_USB_Device_Library/Core/Src/usbd_core.c ****         }
 392:Middlewares/ST/STM32_USB_Device_Library/Core/Src/usbd_core.c ****       }
 393:Middlewares/ST/STM32_USB_Device_Library/Core/Src/usbd_core.c ****     }
 394:Middlewares/ST/STM32_USB_Device_Library/Core/Src/usbd_core.c ****     if (pdev->dev_test_mode == 1)
 550              		.loc 1 394 0
 551 0034 94F80032 		ldrb	r3, [r4, #512]	@ zero_extendqisi2
 552 0038 012B     		cmp	r3, #1
 553 003a 02D1     		bne	.L49
 395:Middlewares/ST/STM32_USB_Device_Library/Core/Src/usbd_core.c ****     {
 396:Middlewares/ST/STM32_USB_Device_Library/Core/Src/usbd_core.c ****       USBD_RunTestMode(pdev); 
 397:Middlewares/ST/STM32_USB_Device_Library/Core/Src/usbd_core.c ****       pdev->dev_test_mode = 0;
 554              		.loc 1 397 0
 555 003c 0023     		movs	r3, #0
 556 003e 84F80032 		strb	r3, [r4, #512]
 557              	.LVL49:
 558              	.L49:
 398:Middlewares/ST/STM32_USB_Device_Library/Core/Src/usbd_core.c ****     }
 399:Middlewares/ST/STM32_USB_Device_Library/Core/Src/usbd_core.c ****   }
 400:Middlewares/ST/STM32_USB_Device_Library/Core/Src/usbd_core.c ****   else if((pdev->pClass->DataIn != NULL)&& 
 401:Middlewares/ST/STM32_USB_Device_Library/Core/Src/usbd_core.c ****           (pdev->dev_state == USBD_STATE_CONFIGURED))
 402:Middlewares/ST/STM32_USB_Device_Library/Core/Src/usbd_core.c ****   {
 403:Middlewares/ST/STM32_USB_Device_Library/Core/Src/usbd_core.c ****     pdev->pClass->DataIn(pdev, epnum); 
 404:Middlewares/ST/STM32_USB_Device_Library/Core/Src/usbd_core.c ****   }  
 405:Middlewares/ST/STM32_USB_Device_Library/Core/Src/usbd_core.c ****   return USBD_OK;
 406:Middlewares/ST/STM32_USB_Device_Library/Core/Src/usbd_core.c **** }
 559              		.loc 1 406 0
 560 0042 0020     		movs	r0, #0
 561 0044 70BD     		pop	{r4, r5, r6, pc}
 562              	.LVL50:
ARM GAS  /tmp/ccuuARKN.s 			page 18


 563              	.L45:
 369:Middlewares/ST/STM32_USB_Device_Library/Core/Src/usbd_core.c ****            (pep->total_length >= pep->maxpacket) &&
 564              		.loc 1 369 0
 565 0046 8369     		ldr	r3, [r0, #24]
 566              	.LVL51:
 567 0048 B3FBF2F5 		udiv	r5, r3, r2
 568 004c 02FB1535 		mls	r5, r2, r5, r3
 569 0050 65B9     		cbnz	r5, .L46
 369:Middlewares/ST/STM32_USB_Device_Library/Core/Src/usbd_core.c ****            (pep->total_length >= pep->maxpacket) &&
 570              		.loc 1 369 0 is_stmt 0 discriminator 1
 571 0052 9A42     		cmp	r2, r3
 572 0054 0AD8     		bhi	.L46
 370:Middlewares/ST/STM32_USB_Device_Library/Core/Src/usbd_core.c ****              (pep->total_length < pdev->ep0_data_len ))
 573              		.loc 1 370 0 is_stmt 1
 574 0056 D0F8F821 		ldr	r2, [r0, #504]
 575 005a 9342     		cmp	r3, r2
 576 005c 06D2     		bcs	.L46
 374:Middlewares/ST/STM32_USB_Device_Library/Core/Src/usbd_core.c ****           pdev->ep0_data_len = 0;
 577              		.loc 1 374 0
 578 005e 2A46     		mov	r2, r5
 579 0060 FFF7FEFF 		bl	USBD_CtlContinueSendData
 580              	.LVL52:
 375:Middlewares/ST/STM32_USB_Device_Library/Core/Src/usbd_core.c ****           
 581              		.loc 1 375 0
 582 0064 C4F8F851 		str	r5, [r4, #504]
 378:Middlewares/ST/STM32_USB_Device_Library/Core/Src/usbd_core.c ****                                 0,
 583              		.loc 1 378 0
 584 0068 2B46     		mov	r3, r5
 585 006a DEE7     		b	.L57
 586              	.LVL53:
 587              	.L46:
 385:Middlewares/ST/STM32_USB_Device_Library/Core/Src/usbd_core.c ****              (pdev->dev_state == USBD_STATE_CONFIGURED))
 588              		.loc 1 385 0
 589 006c D4F81432 		ldr	r3, [r4, #532]
 590 0070 DB68     		ldr	r3, [r3, #12]
 591 0072 2BB1     		cbz	r3, .L47
 385:Middlewares/ST/STM32_USB_Device_Library/Core/Src/usbd_core.c ****              (pdev->dev_state == USBD_STATE_CONFIGURED))
 592              		.loc 1 385 0 is_stmt 0 discriminator 1
 593 0074 94F8FC21 		ldrb	r2, [r4, #508]	@ zero_extendqisi2
 594 0078 032A     		cmp	r2, #3
 595 007a 01D1     		bne	.L47
 388:Middlewares/ST/STM32_USB_Device_Library/Core/Src/usbd_core.c ****           }          
 596              		.loc 1 388 0 is_stmt 1
 597 007c 2046     		mov	r0, r4
 598              	.LVL54:
 599 007e 9847     		blx	r3
 600              	.LVL55:
 601              	.L47:
 390:Middlewares/ST/STM32_USB_Device_Library/Core/Src/usbd_core.c ****         }
 602              		.loc 1 390 0
 603 0080 2046     		mov	r0, r4
 604 0082 FFF7FEFF 		bl	USBD_CtlReceiveStatus
 605              	.LVL56:
 606 0086 D5E7     		b	.L44
 607              	.LVL57:
 608              	.L43:
 400:Middlewares/ST/STM32_USB_Device_Library/Core/Src/usbd_core.c ****           (pdev->dev_state == USBD_STATE_CONFIGURED))
ARM GAS  /tmp/ccuuARKN.s 			page 19


 609              		.loc 1 400 0
 610 0088 D0F81432 		ldr	r3, [r0, #532]
 611 008c 5B69     		ldr	r3, [r3, #20]
 612 008e 002B     		cmp	r3, #0
 613 0090 D7D0     		beq	.L49
 400:Middlewares/ST/STM32_USB_Device_Library/Core/Src/usbd_core.c ****           (pdev->dev_state == USBD_STATE_CONFIGURED))
 614              		.loc 1 400 0 is_stmt 0 discriminator 1
 615 0092 90F8FC21 		ldrb	r2, [r0, #508]	@ zero_extendqisi2
 616              	.LVL58:
 617 0096 032A     		cmp	r2, #3
 618 0098 D3D1     		bne	.L49
 403:Middlewares/ST/STM32_USB_Device_Library/Core/Src/usbd_core.c ****   }  
 619              		.loc 1 403 0 is_stmt 1
 620 009a 9847     		blx	r3
 621              	.LVL59:
 622 009c D1E7     		b	.L49
 623              		.cfi_endproc
 624              	.LFE74:
 626              		.section	.text.USBD_LL_Reset,"ax",%progbits
 627              		.align	1
 628              		.global	USBD_LL_Reset
 629              		.syntax unified
 630              		.thumb
 631              		.thumb_func
 632              		.fpu softvfp
 634              	USBD_LL_Reset:
 635              	.LFB75:
 407:Middlewares/ST/STM32_USB_Device_Library/Core/Src/usbd_core.c **** 
 408:Middlewares/ST/STM32_USB_Device_Library/Core/Src/usbd_core.c **** /**
 409:Middlewares/ST/STM32_USB_Device_Library/Core/Src/usbd_core.c **** * @brief  USBD_LL_Reset 
 410:Middlewares/ST/STM32_USB_Device_Library/Core/Src/usbd_core.c **** *         Handle Reset event
 411:Middlewares/ST/STM32_USB_Device_Library/Core/Src/usbd_core.c **** * @param  pdev: device instance
 412:Middlewares/ST/STM32_USB_Device_Library/Core/Src/usbd_core.c **** * @retval status
 413:Middlewares/ST/STM32_USB_Device_Library/Core/Src/usbd_core.c **** */
 414:Middlewares/ST/STM32_USB_Device_Library/Core/Src/usbd_core.c **** 
 415:Middlewares/ST/STM32_USB_Device_Library/Core/Src/usbd_core.c **** USBD_StatusTypeDef USBD_LL_Reset(USBD_HandleTypeDef  *pdev)
 416:Middlewares/ST/STM32_USB_Device_Library/Core/Src/usbd_core.c **** {
 636              		.loc 1 416 0
 637              		.cfi_startproc
 638              		@ args = 0, pretend = 0, frame = 0
 639              		@ frame_needed = 0, uses_anonymous_args = 0
 640              	.LVL60:
 417:Middlewares/ST/STM32_USB_Device_Library/Core/Src/usbd_core.c ****   /* Open EP0 OUT */
 418:Middlewares/ST/STM32_USB_Device_Library/Core/Src/usbd_core.c ****   USBD_LL_OpenEP(pdev,
 641              		.loc 1 418 0
 642 0000 0022     		movs	r2, #0
 416:Middlewares/ST/STM32_USB_Device_Library/Core/Src/usbd_core.c ****   /* Open EP0 OUT */
 643              		.loc 1 416 0
 644 0002 38B5     		push	{r3, r4, r5, lr}
 645              	.LCFI9:
 646              		.cfi_def_cfa_offset 16
 647              		.cfi_offset 3, -16
 648              		.cfi_offset 4, -12
 649              		.cfi_offset 5, -8
 650              		.cfi_offset 14, -4
 416:Middlewares/ST/STM32_USB_Device_Library/Core/Src/usbd_core.c ****   /* Open EP0 OUT */
 651              		.loc 1 416 0
ARM GAS  /tmp/ccuuARKN.s 			page 20


 652 0004 0446     		mov	r4, r0
 419:Middlewares/ST/STM32_USB_Device_Library/Core/Src/usbd_core.c ****               0x00,
 420:Middlewares/ST/STM32_USB_Device_Library/Core/Src/usbd_core.c ****               USBD_EP_TYPE_CTRL,
 421:Middlewares/ST/STM32_USB_Device_Library/Core/Src/usbd_core.c ****               USB_MAX_EP0_SIZE);
 422:Middlewares/ST/STM32_USB_Device_Library/Core/Src/usbd_core.c ****   
 423:Middlewares/ST/STM32_USB_Device_Library/Core/Src/usbd_core.c ****   pdev->ep_out[0].maxpacket = USB_MAX_EP0_SIZE;
 653              		.loc 1 423 0
 654 0006 4025     		movs	r5, #64
 418:Middlewares/ST/STM32_USB_Device_Library/Core/Src/usbd_core.c ****               0x00,
 655              		.loc 1 418 0
 656 0008 1146     		mov	r1, r2
 657 000a 4023     		movs	r3, #64
 658 000c FFF7FEFF 		bl	USBD_LL_OpenEP
 659              	.LVL61:
 424:Middlewares/ST/STM32_USB_Device_Library/Core/Src/usbd_core.c ****   
 425:Middlewares/ST/STM32_USB_Device_Library/Core/Src/usbd_core.c ****   /* Open EP0 IN */
 426:Middlewares/ST/STM32_USB_Device_Library/Core/Src/usbd_core.c ****   USBD_LL_OpenEP(pdev,
 660              		.loc 1 426 0
 661 0010 2B46     		mov	r3, r5
 423:Middlewares/ST/STM32_USB_Device_Library/Core/Src/usbd_core.c ****   
 662              		.loc 1 423 0
 663 0012 C4F81051 		str	r5, [r4, #272]
 664              		.loc 1 426 0
 665 0016 0022     		movs	r2, #0
 666 0018 8021     		movs	r1, #128
 667 001a 2046     		mov	r0, r4
 668 001c FFF7FEFF 		bl	USBD_LL_OpenEP
 669              	.LVL62:
 427:Middlewares/ST/STM32_USB_Device_Library/Core/Src/usbd_core.c ****               0x80,
 428:Middlewares/ST/STM32_USB_Device_Library/Core/Src/usbd_core.c ****               USBD_EP_TYPE_CTRL,
 429:Middlewares/ST/STM32_USB_Device_Library/Core/Src/usbd_core.c ****               USB_MAX_EP0_SIZE);
 430:Middlewares/ST/STM32_USB_Device_Library/Core/Src/usbd_core.c ****   
 431:Middlewares/ST/STM32_USB_Device_Library/Core/Src/usbd_core.c ****   pdev->ep_in[0].maxpacket = USB_MAX_EP0_SIZE;
 432:Middlewares/ST/STM32_USB_Device_Library/Core/Src/usbd_core.c ****   /* Upon Reset call user call back */
 433:Middlewares/ST/STM32_USB_Device_Library/Core/Src/usbd_core.c ****   pdev->dev_state = USBD_STATE_DEFAULT;
 670              		.loc 1 433 0
 671 0020 0123     		movs	r3, #1
 672 0022 84F8FC31 		strb	r3, [r4, #508]
 434:Middlewares/ST/STM32_USB_Device_Library/Core/Src/usbd_core.c ****   
 435:Middlewares/ST/STM32_USB_Device_Library/Core/Src/usbd_core.c ****   if (pdev->pClassData) 
 673              		.loc 1 435 0
 674 0026 D4F81832 		ldr	r3, [r4, #536]
 431:Middlewares/ST/STM32_USB_Device_Library/Core/Src/usbd_core.c ****   /* Upon Reset call user call back */
 675              		.loc 1 431 0
 676 002a 2562     		str	r5, [r4, #32]
 677              		.loc 1 435 0
 678 002c 2BB1     		cbz	r3, .L59
 436:Middlewares/ST/STM32_USB_Device_Library/Core/Src/usbd_core.c ****     pdev->pClass->DeInit(pdev, pdev->dev_config);  
 679              		.loc 1 436 0
 680 002e D4F81432 		ldr	r3, [r4, #532]
 681 0032 2179     		ldrb	r1, [r4, #4]	@ zero_extendqisi2
 682 0034 5B68     		ldr	r3, [r3, #4]
 683 0036 2046     		mov	r0, r4
 684 0038 9847     		blx	r3
 685              	.LVL63:
 686              	.L59:
 437:Middlewares/ST/STM32_USB_Device_Library/Core/Src/usbd_core.c ****  
ARM GAS  /tmp/ccuuARKN.s 			page 21


 438:Middlewares/ST/STM32_USB_Device_Library/Core/Src/usbd_core.c ****   
 439:Middlewares/ST/STM32_USB_Device_Library/Core/Src/usbd_core.c ****   return USBD_OK;
 440:Middlewares/ST/STM32_USB_Device_Library/Core/Src/usbd_core.c **** }
 687              		.loc 1 440 0
 688 003a 0020     		movs	r0, #0
 689 003c 38BD     		pop	{r3, r4, r5, pc}
 690              		.cfi_endproc
 691              	.LFE75:
 693              		.section	.text.USBD_LL_SetSpeed,"ax",%progbits
 694              		.align	1
 695              		.global	USBD_LL_SetSpeed
 696              		.syntax unified
 697              		.thumb
 698              		.thumb_func
 699              		.fpu softvfp
 701              	USBD_LL_SetSpeed:
 702              	.LFB76:
 441:Middlewares/ST/STM32_USB_Device_Library/Core/Src/usbd_core.c **** 
 442:Middlewares/ST/STM32_USB_Device_Library/Core/Src/usbd_core.c **** 
 443:Middlewares/ST/STM32_USB_Device_Library/Core/Src/usbd_core.c **** 
 444:Middlewares/ST/STM32_USB_Device_Library/Core/Src/usbd_core.c **** 
 445:Middlewares/ST/STM32_USB_Device_Library/Core/Src/usbd_core.c **** /**
 446:Middlewares/ST/STM32_USB_Device_Library/Core/Src/usbd_core.c **** * @brief  USBD_LL_Reset 
 447:Middlewares/ST/STM32_USB_Device_Library/Core/Src/usbd_core.c **** *         Handle Reset event
 448:Middlewares/ST/STM32_USB_Device_Library/Core/Src/usbd_core.c **** * @param  pdev: device instance
 449:Middlewares/ST/STM32_USB_Device_Library/Core/Src/usbd_core.c **** * @retval status
 450:Middlewares/ST/STM32_USB_Device_Library/Core/Src/usbd_core.c **** */
 451:Middlewares/ST/STM32_USB_Device_Library/Core/Src/usbd_core.c **** USBD_StatusTypeDef USBD_LL_SetSpeed(USBD_HandleTypeDef  *pdev, USBD_SpeedTypeDef speed)
 452:Middlewares/ST/STM32_USB_Device_Library/Core/Src/usbd_core.c **** {
 703              		.loc 1 452 0
 704              		.cfi_startproc
 705              		@ args = 0, pretend = 0, frame = 0
 706              		@ frame_needed = 0, uses_anonymous_args = 0
 707              		@ link register save eliminated.
 708              	.LVL64:
 453:Middlewares/ST/STM32_USB_Device_Library/Core/Src/usbd_core.c ****   pdev->dev_speed = speed;
 709              		.loc 1 453 0
 710 0000 0174     		strb	r1, [r0, #16]
 454:Middlewares/ST/STM32_USB_Device_Library/Core/Src/usbd_core.c ****   return USBD_OK;
 455:Middlewares/ST/STM32_USB_Device_Library/Core/Src/usbd_core.c **** }
 711              		.loc 1 455 0
 712 0002 0020     		movs	r0, #0
 713              	.LVL65:
 714 0004 7047     		bx	lr
 715              		.cfi_endproc
 716              	.LFE76:
 718              		.section	.text.USBD_LL_Suspend,"ax",%progbits
 719              		.align	1
 720              		.global	USBD_LL_Suspend
 721              		.syntax unified
 722              		.thumb
 723              		.thumb_func
 724              		.fpu softvfp
 726              	USBD_LL_Suspend:
 727              	.LFB77:
 456:Middlewares/ST/STM32_USB_Device_Library/Core/Src/usbd_core.c **** 
 457:Middlewares/ST/STM32_USB_Device_Library/Core/Src/usbd_core.c **** /**
ARM GAS  /tmp/ccuuARKN.s 			page 22


 458:Middlewares/ST/STM32_USB_Device_Library/Core/Src/usbd_core.c **** * @brief  USBD_Suspend 
 459:Middlewares/ST/STM32_USB_Device_Library/Core/Src/usbd_core.c **** *         Handle Suspend event
 460:Middlewares/ST/STM32_USB_Device_Library/Core/Src/usbd_core.c **** * @param  pdev: device instance
 461:Middlewares/ST/STM32_USB_Device_Library/Core/Src/usbd_core.c **** * @retval status
 462:Middlewares/ST/STM32_USB_Device_Library/Core/Src/usbd_core.c **** */
 463:Middlewares/ST/STM32_USB_Device_Library/Core/Src/usbd_core.c **** 
 464:Middlewares/ST/STM32_USB_Device_Library/Core/Src/usbd_core.c **** USBD_StatusTypeDef USBD_LL_Suspend(USBD_HandleTypeDef  *pdev)
 465:Middlewares/ST/STM32_USB_Device_Library/Core/Src/usbd_core.c **** {
 728              		.loc 1 465 0
 729              		.cfi_startproc
 730              		@ args = 0, pretend = 0, frame = 0
 731              		@ frame_needed = 0, uses_anonymous_args = 0
 732              		@ link register save eliminated.
 733              	.LVL66:
 466:Middlewares/ST/STM32_USB_Device_Library/Core/Src/usbd_core.c ****   pdev->dev_old_state =  pdev->dev_state;
 734              		.loc 1 466 0
 735 0000 90F8FC31 		ldrb	r3, [r0, #508]	@ zero_extendqisi2
 736 0004 80F8FD31 		strb	r3, [r0, #509]
 467:Middlewares/ST/STM32_USB_Device_Library/Core/Src/usbd_core.c ****   pdev->dev_state  = USBD_STATE_SUSPENDED;
 737              		.loc 1 467 0
 738 0008 0423     		movs	r3, #4
 739 000a 80F8FC31 		strb	r3, [r0, #508]
 468:Middlewares/ST/STM32_USB_Device_Library/Core/Src/usbd_core.c ****   return USBD_OK;
 469:Middlewares/ST/STM32_USB_Device_Library/Core/Src/usbd_core.c **** }
 740              		.loc 1 469 0
 741 000e 0020     		movs	r0, #0
 742              	.LVL67:
 743 0010 7047     		bx	lr
 744              		.cfi_endproc
 745              	.LFE77:
 747              		.section	.text.USBD_LL_Resume,"ax",%progbits
 748              		.align	1
 749              		.global	USBD_LL_Resume
 750              		.syntax unified
 751              		.thumb
 752              		.thumb_func
 753              		.fpu softvfp
 755              	USBD_LL_Resume:
 756              	.LFB78:
 470:Middlewares/ST/STM32_USB_Device_Library/Core/Src/usbd_core.c **** 
 471:Middlewares/ST/STM32_USB_Device_Library/Core/Src/usbd_core.c **** /**
 472:Middlewares/ST/STM32_USB_Device_Library/Core/Src/usbd_core.c **** * @brief  USBD_Resume 
 473:Middlewares/ST/STM32_USB_Device_Library/Core/Src/usbd_core.c **** *         Handle Resume event
 474:Middlewares/ST/STM32_USB_Device_Library/Core/Src/usbd_core.c **** * @param  pdev: device instance
 475:Middlewares/ST/STM32_USB_Device_Library/Core/Src/usbd_core.c **** * @retval status
 476:Middlewares/ST/STM32_USB_Device_Library/Core/Src/usbd_core.c **** */
 477:Middlewares/ST/STM32_USB_Device_Library/Core/Src/usbd_core.c **** 
 478:Middlewares/ST/STM32_USB_Device_Library/Core/Src/usbd_core.c **** USBD_StatusTypeDef USBD_LL_Resume(USBD_HandleTypeDef  *pdev)
 479:Middlewares/ST/STM32_USB_Device_Library/Core/Src/usbd_core.c **** {
 757              		.loc 1 479 0
 758              		.cfi_startproc
 759              		@ args = 0, pretend = 0, frame = 0
 760              		@ frame_needed = 0, uses_anonymous_args = 0
 761              		@ link register save eliminated.
 762              	.LVL68:
 480:Middlewares/ST/STM32_USB_Device_Library/Core/Src/usbd_core.c ****   pdev->dev_state = pdev->dev_old_state;  
 763              		.loc 1 480 0
ARM GAS  /tmp/ccuuARKN.s 			page 23


 764 0000 90F8FD31 		ldrb	r3, [r0, #509]	@ zero_extendqisi2
 765 0004 80F8FC31 		strb	r3, [r0, #508]
 481:Middlewares/ST/STM32_USB_Device_Library/Core/Src/usbd_core.c ****   return USBD_OK;
 482:Middlewares/ST/STM32_USB_Device_Library/Core/Src/usbd_core.c **** }
 766              		.loc 1 482 0
 767 0008 0020     		movs	r0, #0
 768              	.LVL69:
 769 000a 7047     		bx	lr
 770              		.cfi_endproc
 771              	.LFE78:
 773              		.section	.text.USBD_LL_SOF,"ax",%progbits
 774              		.align	1
 775              		.global	USBD_LL_SOF
 776              		.syntax unified
 777              		.thumb
 778              		.thumb_func
 779              		.fpu softvfp
 781              	USBD_LL_SOF:
 782              	.LFB79:
 483:Middlewares/ST/STM32_USB_Device_Library/Core/Src/usbd_core.c **** 
 484:Middlewares/ST/STM32_USB_Device_Library/Core/Src/usbd_core.c **** /**
 485:Middlewares/ST/STM32_USB_Device_Library/Core/Src/usbd_core.c **** * @brief  USBD_SOF 
 486:Middlewares/ST/STM32_USB_Device_Library/Core/Src/usbd_core.c **** *         Handle SOF event
 487:Middlewares/ST/STM32_USB_Device_Library/Core/Src/usbd_core.c **** * @param  pdev: device instance
 488:Middlewares/ST/STM32_USB_Device_Library/Core/Src/usbd_core.c **** * @retval status
 489:Middlewares/ST/STM32_USB_Device_Library/Core/Src/usbd_core.c **** */
 490:Middlewares/ST/STM32_USB_Device_Library/Core/Src/usbd_core.c **** 
 491:Middlewares/ST/STM32_USB_Device_Library/Core/Src/usbd_core.c **** USBD_StatusTypeDef USBD_LL_SOF(USBD_HandleTypeDef  *pdev)
 492:Middlewares/ST/STM32_USB_Device_Library/Core/Src/usbd_core.c **** {
 783              		.loc 1 492 0
 784              		.cfi_startproc
 785              		@ args = 0, pretend = 0, frame = 0
 786              		@ frame_needed = 0, uses_anonymous_args = 0
 787              	.LVL70:
 788 0000 08B5     		push	{r3, lr}
 789              	.LCFI10:
 790              		.cfi_def_cfa_offset 8
 791              		.cfi_offset 3, -8
 792              		.cfi_offset 14, -4
 493:Middlewares/ST/STM32_USB_Device_Library/Core/Src/usbd_core.c ****   if(pdev->dev_state == USBD_STATE_CONFIGURED)
 793              		.loc 1 493 0
 794 0002 90F8FC21 		ldrb	r2, [r0, #508]	@ zero_extendqisi2
 795 0006 032A     		cmp	r2, #3
 796 0008 04D1     		bne	.L67
 494:Middlewares/ST/STM32_USB_Device_Library/Core/Src/usbd_core.c ****   {
 495:Middlewares/ST/STM32_USB_Device_Library/Core/Src/usbd_core.c ****     if(pdev->pClass->SOF != NULL)
 797              		.loc 1 495 0
 798 000a D0F81432 		ldr	r3, [r0, #532]
 799 000e DB69     		ldr	r3, [r3, #28]
 800 0010 03B1     		cbz	r3, .L67
 496:Middlewares/ST/STM32_USB_Device_Library/Core/Src/usbd_core.c ****     {
 497:Middlewares/ST/STM32_USB_Device_Library/Core/Src/usbd_core.c ****       pdev->pClass->SOF(pdev);
 801              		.loc 1 497 0
 802 0012 9847     		blx	r3
 803              	.LVL71:
 804              	.L67:
 498:Middlewares/ST/STM32_USB_Device_Library/Core/Src/usbd_core.c ****     }
ARM GAS  /tmp/ccuuARKN.s 			page 24


 499:Middlewares/ST/STM32_USB_Device_Library/Core/Src/usbd_core.c ****   }
 500:Middlewares/ST/STM32_USB_Device_Library/Core/Src/usbd_core.c ****   return USBD_OK;
 501:Middlewares/ST/STM32_USB_Device_Library/Core/Src/usbd_core.c **** }
 805              		.loc 1 501 0
 806 0014 0020     		movs	r0, #0
 807 0016 08BD     		pop	{r3, pc}
 808              		.cfi_endproc
 809              	.LFE79:
 811              		.section	.text.USBD_LL_IsoINIncomplete,"ax",%progbits
 812              		.align	1
 813              		.global	USBD_LL_IsoINIncomplete
 814              		.syntax unified
 815              		.thumb
 816              		.thumb_func
 817              		.fpu softvfp
 819              	USBD_LL_IsoINIncomplete:
 820              	.LFB87:
 821              		.cfi_startproc
 822              		@ args = 0, pretend = 0, frame = 0
 823              		@ frame_needed = 0, uses_anonymous_args = 0
 824              		@ link register save eliminated.
 825 0000 0020     		movs	r0, #0
 826 0002 7047     		bx	lr
 827              		.cfi_endproc
 828              	.LFE87:
 830              		.section	.text.USBD_LL_IsoOUTIncomplete,"ax",%progbits
 831              		.align	1
 832              		.global	USBD_LL_IsoOUTIncomplete
 833              		.syntax unified
 834              		.thumb
 835              		.thumb_func
 836              		.fpu softvfp
 838              	USBD_LL_IsoOUTIncomplete:
 839              	.LFB81:
 502:Middlewares/ST/STM32_USB_Device_Library/Core/Src/usbd_core.c **** 
 503:Middlewares/ST/STM32_USB_Device_Library/Core/Src/usbd_core.c **** /**
 504:Middlewares/ST/STM32_USB_Device_Library/Core/Src/usbd_core.c **** * @brief  USBD_IsoINIncomplete 
 505:Middlewares/ST/STM32_USB_Device_Library/Core/Src/usbd_core.c **** *         Handle iso in incomplete event
 506:Middlewares/ST/STM32_USB_Device_Library/Core/Src/usbd_core.c **** * @param  pdev: device instance
 507:Middlewares/ST/STM32_USB_Device_Library/Core/Src/usbd_core.c **** * @retval status
 508:Middlewares/ST/STM32_USB_Device_Library/Core/Src/usbd_core.c **** */
 509:Middlewares/ST/STM32_USB_Device_Library/Core/Src/usbd_core.c **** USBD_StatusTypeDef USBD_LL_IsoINIncomplete(USBD_HandleTypeDef  *pdev, uint8_t epnum)
 510:Middlewares/ST/STM32_USB_Device_Library/Core/Src/usbd_core.c **** {
 511:Middlewares/ST/STM32_USB_Device_Library/Core/Src/usbd_core.c ****   return USBD_OK;
 512:Middlewares/ST/STM32_USB_Device_Library/Core/Src/usbd_core.c **** }
 513:Middlewares/ST/STM32_USB_Device_Library/Core/Src/usbd_core.c **** 
 514:Middlewares/ST/STM32_USB_Device_Library/Core/Src/usbd_core.c **** /**
 515:Middlewares/ST/STM32_USB_Device_Library/Core/Src/usbd_core.c **** * @brief  USBD_IsoOUTIncomplete 
 516:Middlewares/ST/STM32_USB_Device_Library/Core/Src/usbd_core.c **** *         Handle iso out incomplete event
 517:Middlewares/ST/STM32_USB_Device_Library/Core/Src/usbd_core.c **** * @param  pdev: device instance
 518:Middlewares/ST/STM32_USB_Device_Library/Core/Src/usbd_core.c **** * @retval status
 519:Middlewares/ST/STM32_USB_Device_Library/Core/Src/usbd_core.c **** */
 520:Middlewares/ST/STM32_USB_Device_Library/Core/Src/usbd_core.c **** USBD_StatusTypeDef USBD_LL_IsoOUTIncomplete(USBD_HandleTypeDef  *pdev, uint8_t epnum)
 521:Middlewares/ST/STM32_USB_Device_Library/Core/Src/usbd_core.c **** {
 840              		.loc 1 521 0
 841              		.cfi_startproc
 842              		@ args = 0, pretend = 0, frame = 0
ARM GAS  /tmp/ccuuARKN.s 			page 25


 843              		@ frame_needed = 0, uses_anonymous_args = 0
 844              		@ link register save eliminated.
 845              	.LVL72:
 522:Middlewares/ST/STM32_USB_Device_Library/Core/Src/usbd_core.c ****   return USBD_OK;
 523:Middlewares/ST/STM32_USB_Device_Library/Core/Src/usbd_core.c **** }
 846              		.loc 1 523 0
 847 0000 0020     		movs	r0, #0
 848              	.LVL73:
 849 0002 7047     		bx	lr
 850              		.cfi_endproc
 851              	.LFE81:
 853              		.section	.text.USBD_LL_DevConnected,"ax",%progbits
 854              		.align	1
 855              		.global	USBD_LL_DevConnected
 856              		.syntax unified
 857              		.thumb
 858              		.thumb_func
 859              		.fpu softvfp
 861              	USBD_LL_DevConnected:
 862              	.LFB82:
 524:Middlewares/ST/STM32_USB_Device_Library/Core/Src/usbd_core.c **** 
 525:Middlewares/ST/STM32_USB_Device_Library/Core/Src/usbd_core.c **** /**
 526:Middlewares/ST/STM32_USB_Device_Library/Core/Src/usbd_core.c **** * @brief  USBD_DevConnected 
 527:Middlewares/ST/STM32_USB_Device_Library/Core/Src/usbd_core.c **** *         Handle device connection event
 528:Middlewares/ST/STM32_USB_Device_Library/Core/Src/usbd_core.c **** * @param  pdev: device instance
 529:Middlewares/ST/STM32_USB_Device_Library/Core/Src/usbd_core.c **** * @retval status
 530:Middlewares/ST/STM32_USB_Device_Library/Core/Src/usbd_core.c **** */
 531:Middlewares/ST/STM32_USB_Device_Library/Core/Src/usbd_core.c **** USBD_StatusTypeDef USBD_LL_DevConnected(USBD_HandleTypeDef  *pdev)
 532:Middlewares/ST/STM32_USB_Device_Library/Core/Src/usbd_core.c **** {
 863              		.loc 1 532 0
 864              		.cfi_startproc
 865              		@ args = 0, pretend = 0, frame = 0
 866              		@ frame_needed = 0, uses_anonymous_args = 0
 867              		@ link register save eliminated.
 868              	.LVL74:
 533:Middlewares/ST/STM32_USB_Device_Library/Core/Src/usbd_core.c ****   return USBD_OK;
 534:Middlewares/ST/STM32_USB_Device_Library/Core/Src/usbd_core.c **** }
 869              		.loc 1 534 0
 870 0000 0020     		movs	r0, #0
 871              	.LVL75:
 872 0002 7047     		bx	lr
 873              		.cfi_endproc
 874              	.LFE82:
 876              		.section	.text.USBD_LL_DevDisconnected,"ax",%progbits
 877              		.align	1
 878              		.global	USBD_LL_DevDisconnected
 879              		.syntax unified
 880              		.thumb
 881              		.thumb_func
 882              		.fpu softvfp
 884              	USBD_LL_DevDisconnected:
 885              	.LFB83:
 535:Middlewares/ST/STM32_USB_Device_Library/Core/Src/usbd_core.c **** 
 536:Middlewares/ST/STM32_USB_Device_Library/Core/Src/usbd_core.c **** /**
 537:Middlewares/ST/STM32_USB_Device_Library/Core/Src/usbd_core.c **** * @brief  USBD_DevDisconnected 
 538:Middlewares/ST/STM32_USB_Device_Library/Core/Src/usbd_core.c **** *         Handle device disconnection event
 539:Middlewares/ST/STM32_USB_Device_Library/Core/Src/usbd_core.c **** * @param  pdev: device instance
ARM GAS  /tmp/ccuuARKN.s 			page 26


 540:Middlewares/ST/STM32_USB_Device_Library/Core/Src/usbd_core.c **** * @retval status
 541:Middlewares/ST/STM32_USB_Device_Library/Core/Src/usbd_core.c **** */
 542:Middlewares/ST/STM32_USB_Device_Library/Core/Src/usbd_core.c **** USBD_StatusTypeDef USBD_LL_DevDisconnected(USBD_HandleTypeDef  *pdev)
 543:Middlewares/ST/STM32_USB_Device_Library/Core/Src/usbd_core.c **** {
 886              		.loc 1 543 0
 887              		.cfi_startproc
 888              		@ args = 0, pretend = 0, frame = 0
 889              		@ frame_needed = 0, uses_anonymous_args = 0
 890              	.LVL76:
 544:Middlewares/ST/STM32_USB_Device_Library/Core/Src/usbd_core.c ****   /* Free Class Resources */
 545:Middlewares/ST/STM32_USB_Device_Library/Core/Src/usbd_core.c ****   pdev->dev_state = USBD_STATE_DEFAULT;
 891              		.loc 1 545 0
 892 0000 0122     		movs	r2, #1
 543:Middlewares/ST/STM32_USB_Device_Library/Core/Src/usbd_core.c ****   /* Free Class Resources */
 893              		.loc 1 543 0
 894 0002 08B5     		push	{r3, lr}
 895              	.LCFI11:
 896              		.cfi_def_cfa_offset 8
 897              		.cfi_offset 3, -8
 898              		.cfi_offset 14, -4
 899              		.loc 1 545 0
 900 0004 80F8FC21 		strb	r2, [r0, #508]
 546:Middlewares/ST/STM32_USB_Device_Library/Core/Src/usbd_core.c ****   pdev->pClass->DeInit(pdev, pdev->dev_config);  
 901              		.loc 1 546 0
 902 0008 D0F81422 		ldr	r2, [r0, #532]
 903 000c 0179     		ldrb	r1, [r0, #4]	@ zero_extendqisi2
 904 000e 5268     		ldr	r2, [r2, #4]
 905 0010 9047     		blx	r2
 906              	.LVL77:
 547:Middlewares/ST/STM32_USB_Device_Library/Core/Src/usbd_core.c ****    
 548:Middlewares/ST/STM32_USB_Device_Library/Core/Src/usbd_core.c ****   return USBD_OK;
 549:Middlewares/ST/STM32_USB_Device_Library/Core/Src/usbd_core.c **** }
 907              		.loc 1 549 0
 908 0012 0020     		movs	r0, #0
 909 0014 08BD     		pop	{r3, pc}
 910              		.cfi_endproc
 911              	.LFE83:
 913              		.text
 914              	.Letext0:
 915              		.file 2 "/opt/gcc-arm-none-eabi-6-2017-q1-update/arm-none-eabi/include/machine/_default_types.h"
 916              		.file 3 "/opt/gcc-arm-none-eabi-6-2017-q1-update/arm-none-eabi/include/sys/lock.h"
 917              		.file 4 "/opt/gcc-arm-none-eabi-6-2017-q1-update/arm-none-eabi/include/sys/_types.h"
 918              		.file 5 "/opt/gcc-arm-none-eabi-6-2017-q1-update/lib/gcc/arm-none-eabi/6.3.1/include/stddef.h"
 919              		.file 6 "/opt/gcc-arm-none-eabi-6-2017-q1-update/arm-none-eabi/include/sys/reent.h"
 920              		.file 7 "/opt/gcc-arm-none-eabi-6-2017-q1-update/arm-none-eabi/include/sys/_stdint.h"
 921              		.file 8 "Drivers/CMSIS/Include/core_cm3.h"
 922              		.file 9 "Drivers/CMSIS/Device/ST/STM32F1xx/Include/system_stm32f1xx.h"
 923              		.file 10 "Middlewares/ST/STM32_USB_Device_Library/Core/Inc/usbd_def.h"
 924              		.file 11 "Middlewares/ST/STM32_USB_Device_Library/Core/Inc/usbd_core.h"
 925              		.file 12 "Middlewares/ST/STM32_USB_Device_Library/Core/Inc/usbd_ioreq.h"
 926              		.file 13 "Middlewares/ST/STM32_USB_Device_Library/Core/Inc/usbd_ctlreq.h"
ARM GAS  /tmp/ccuuARKN.s 			page 27


DEFINED SYMBOLS
                            *ABS*:0000000000000000 usbd_core.c
     /tmp/ccuuARKN.s:16     .text.USBD_Init:0000000000000000 $t
     /tmp/ccuuARKN.s:23     .text.USBD_Init:0000000000000000 USBD_Init
     /tmp/ccuuARKN.s:73     .text.USBD_DeInit:0000000000000000 $t
     /tmp/ccuuARKN.s:80     .text.USBD_DeInit:0000000000000000 USBD_DeInit
     /tmp/ccuuARKN.s:120    .text.USBD_RegisterClass:0000000000000000 $t
     /tmp/ccuuARKN.s:127    .text.USBD_RegisterClass:0000000000000000 USBD_RegisterClass
     /tmp/ccuuARKN.s:154    .text.USBD_Start:0000000000000000 $t
     /tmp/ccuuARKN.s:161    .text.USBD_Start:0000000000000000 USBD_Start
     /tmp/ccuuARKN.s:183    .text.USBD_Stop:0000000000000000 $t
     /tmp/ccuuARKN.s:190    .text.USBD_Stop:0000000000000000 USBD_Stop
     /tmp/ccuuARKN.s:221    .text.USBD_RunTestMode:0000000000000000 $t
     /tmp/ccuuARKN.s:228    .text.USBD_RunTestMode:0000000000000000 USBD_RunTestMode
     /tmp/ccuuARKN.s:240    .text.USBD_SetClassConfig:0000000000000000 $t
     /tmp/ccuuARKN.s:247    .text.USBD_SetClassConfig:0000000000000000 USBD_SetClassConfig
     /tmp/ccuuARKN.s:283    .text.USBD_ClrClassConfig:0000000000000000 $t
     /tmp/ccuuARKN.s:290    .text.USBD_ClrClassConfig:0000000000000000 USBD_ClrClassConfig
     /tmp/ccuuARKN.s:314    .text.USBD_LL_SetupStage:0000000000000000 $t
     /tmp/ccuuARKN.s:321    .text.USBD_LL_SetupStage:0000000000000000 USBD_LL_SetupStage
     /tmp/ccuuARKN.s:398    .text.USBD_LL_DataOutStage:0000000000000000 $t
     /tmp/ccuuARKN.s:405    .text.USBD_LL_DataOutStage:0000000000000000 USBD_LL_DataOutStage
     /tmp/ccuuARKN.s:492    .text.USBD_LL_DataInStage:0000000000000000 $t
     /tmp/ccuuARKN.s:499    .text.USBD_LL_DataInStage:0000000000000000 USBD_LL_DataInStage
     /tmp/ccuuARKN.s:627    .text.USBD_LL_Reset:0000000000000000 $t
     /tmp/ccuuARKN.s:634    .text.USBD_LL_Reset:0000000000000000 USBD_LL_Reset
     /tmp/ccuuARKN.s:694    .text.USBD_LL_SetSpeed:0000000000000000 $t
     /tmp/ccuuARKN.s:701    .text.USBD_LL_SetSpeed:0000000000000000 USBD_LL_SetSpeed
     /tmp/ccuuARKN.s:719    .text.USBD_LL_Suspend:0000000000000000 $t
     /tmp/ccuuARKN.s:726    .text.USBD_LL_Suspend:0000000000000000 USBD_LL_Suspend
     /tmp/ccuuARKN.s:748    .text.USBD_LL_Resume:0000000000000000 $t
     /tmp/ccuuARKN.s:755    .text.USBD_LL_Resume:0000000000000000 USBD_LL_Resume
     /tmp/ccuuARKN.s:774    .text.USBD_LL_SOF:0000000000000000 $t
     /tmp/ccuuARKN.s:781    .text.USBD_LL_SOF:0000000000000000 USBD_LL_SOF
     /tmp/ccuuARKN.s:812    .text.USBD_LL_IsoINIncomplete:0000000000000000 $t
     /tmp/ccuuARKN.s:819    .text.USBD_LL_IsoINIncomplete:0000000000000000 USBD_LL_IsoINIncomplete
     /tmp/ccuuARKN.s:831    .text.USBD_LL_IsoOUTIncomplete:0000000000000000 $t
     /tmp/ccuuARKN.s:838    .text.USBD_LL_IsoOUTIncomplete:0000000000000000 USBD_LL_IsoOUTIncomplete
     /tmp/ccuuARKN.s:854    .text.USBD_LL_DevConnected:0000000000000000 $t
     /tmp/ccuuARKN.s:861    .text.USBD_LL_DevConnected:0000000000000000 USBD_LL_DevConnected
     /tmp/ccuuARKN.s:877    .text.USBD_LL_DevDisconnected:0000000000000000 $t
     /tmp/ccuuARKN.s:884    .text.USBD_LL_DevDisconnected:0000000000000000 USBD_LL_DevDisconnected
                     .debug_frame:0000000000000010 $d

UNDEFINED SYMBOLS
USBD_LL_Init
USBD_LL_Stop
USBD_LL_DeInit
USBD_LL_Start
USBD_ParseSetupRequest
USBD_LL_StallEP
USBD_StdDevReq
USBD_StdItfReq
USBD_StdEPReq
USBD_CtlContinueRx
USBD_CtlSendStatus
USBD_CtlContinueSendData
ARM GAS  /tmp/ccuuARKN.s 			page 28


USBD_LL_PrepareReceive
USBD_CtlReceiveStatus
USBD_LL_OpenEP
